2025-05-20 12:21:58,394 [INFO] [31m[1mWARNING: This is a development server. Do not use it in a production deployment. Use a production WSGI server instead.[0m
 * Running on all addresses (0.0.0.0)
 * Running on http://127.0.0.1:5001
 * Running on http://70.12.50.221:5001
2025-05-20 12:21:58,394 [INFO] [33mPress CTRL+C to quit[0m
2025-05-20 12:21:58,456 [INFO]  * Restarting with watchdog (windowsapi)
2025-05-20 12:21:58,760 [WARNING]  * Debugger is active!
2025-05-20 12:21:58,765 [INFO]  * Debugger PIN: 112-860-005
2025-05-20 12:22:45,601 [INFO] 127.0.0.1 - - [20/May/2025 12:22:45] "OPTIONS /recommend HTTP/1.1" 200 -
2025-05-20 12:25:11,280 [INFO] [31m[1mWARNING: This is a development server. Do not use it in a production deployment. Use a production WSGI server instead.[0m
 * Running on all addresses (0.0.0.0)
 * Running on http://127.0.0.1:5001
 * Running on http://70.12.50.221:5001
2025-05-20 12:25:11,280 [INFO] [33mPress CTRL+C to quit[0m
2025-05-20 12:25:11,289 [INFO]  * Restarting with watchdog (windowsapi)
2025-05-20 12:25:11,562 [WARNING]  * Debugger is active!
2025-05-20 12:25:11,567 [INFO]  * Debugger PIN: 112-860-005
2025-05-20 12:31:01,415 [INFO] 127.0.0.1 - - [20/May/2025 12:31:01] "OPTIONS /recommend HTTP/1.1" 200 -
2025-05-20 12:31:29,165 [INFO] 127.0.0.1 - - [20/May/2025 12:31:29] "OPTIONS /recommend HTTP/1.1" 200 -
2025-05-20 12:38:40,636 [INFO] 127.0.0.1 - - [20/May/2025 12:38:40] "OPTIONS /recommend HTTP/1.1" 200 -
2025-05-20 12:38:49,331 [INFO] [31m[1mWARNING: This is a development server. Do not use it in a production deployment. Use a production WSGI server instead.[0m
 * Running on all addresses (0.0.0.0)
 * Running on http://127.0.0.1:5001
 * Running on http://70.12.50.221:5001
2025-05-20 12:38:49,331 [INFO] [33mPress CTRL+C to quit[0m
2025-05-20 12:38:49,340 [INFO]  * Restarting with watchdog (windowsapi)
2025-05-20 12:38:49,609 [WARNING]  * Debugger is active!
2025-05-20 12:38:49,615 [INFO]  * Debugger PIN: 112-860-005
2025-05-20 12:38:56,295 [INFO] 127.0.0.1 - - [20/May/2025 12:38:56] "OPTIONS /recommend HTTP/1.1" 200 -
2025-05-20 12:40:08,525 [INFO]  * Detected change in 'C:\\Users\\SSAFY\\yamyamPJT\\YamYamCoach\\recommend\\recommend_server.py', reloading
2025-05-20 12:40:08,526 [INFO]  * Detected change in 'C:\\Users\\SSAFY\\yamyamPJT\\YamYamCoach\\recommend\\recommend_server.py', reloading
2025-05-20 12:40:08,528 [INFO]  * Detected change in 'C:\\Users\\SSAFY\\yamyamPJT\\YamYamCoach\\recommend\\recommend_server.py', reloading
2025-05-20 12:40:08,779 [INFO]  * Restarting with watchdog (windowsapi)
2025-05-20 12:40:09,073 [WARNING]  * Debugger is active!
2025-05-20 12:40:09,078 [INFO]  * Debugger PIN: 112-860-005
2025-05-20 12:40:25,033 [INFO]  * Detected change in 'C:\\Users\\SSAFY\\yamyamPJT\\YamYamCoach\\recommend\\recommend_server.py', reloading
2025-05-20 12:40:25,036 [INFO]  * Detected change in 'C:\\Users\\SSAFY\\yamyamPJT\\YamYamCoach\\recommend\\recommend_server.py', reloading
2025-05-20 12:40:25,156 [INFO]  * Restarting with watchdog (windowsapi)
2025-05-20 12:40:25,465 [WARNING]  * Debugger is active!
2025-05-20 12:40:25,470 [INFO]  * Debugger PIN: 112-860-005
2025-05-20 12:40:32,474 [INFO] [31m[1mWARNING: This is a development server. Do not use it in a production deployment. Use a production WSGI server instead.[0m
 * Running on all addresses (0.0.0.0)
 * Running on http://127.0.0.1:5001
 * Running on http://70.12.50.221:5001
2025-05-20 12:40:32,474 [INFO] [33mPress CTRL+C to quit[0m
2025-05-20 12:40:32,482 [INFO]  * Restarting with watchdog (windowsapi)
2025-05-20 12:40:32,789 [WARNING]  * Debugger is active!
2025-05-20 12:40:32,789 [INFO]  * Debugger PIN: 112-860-005
2025-05-20 12:40:37,322 [INFO] 127.0.0.1 - - [20/May/2025 12:40:37] "OPTIONS /recommend HTTP/1.1" 200 -
2025-05-20 12:40:37,586 [INFO] ì‘ë‹µ ì „ì†¡: {'recommendation': 'ì—°ì–´ ìŠ¤í…Œì´í¬ì™€ êµ¬ìš´ ì•¼ì±„, ê·¸ë¦¬ê³  ê³¼ì¼ ë””ì €íŠ¸', 'reason': '30-40ëŒ€ì—ê²ŒëŠ” ì˜¤ë©”ê°€3ê°€ í’ë¶€í•œ ìƒì„ ê³¼ ì„¬ìœ ì§ˆ ìœ„ì£¼ì˜ ê· í˜•ì¡íŒ ì‹ì‚¬ë¥¼ ì¶”ì²œí•©ë‹ˆë‹¤. ì—¬ì„±ì—ê²ŒëŠ” ì¹¼ìŠ˜ê³¼ ì² ë¶„ì´ í’ë¶€í•œ ì‹ë‹¨ì´ ì¢‹ìŠµë‹ˆë‹¤. í˜„ì¬ BMIê°€ ì •ìƒ ë²”ìœ„ì´ë¯€ë¡œ ê· í˜• ì¡íŒ ì‹ë‹¨ì„ ìœ ì§€í•˜ëŠ” ê²ƒì´ ì¢‹ìŠµë‹ˆë‹¤.', 'timestamp': '2025-05-20T12:40:37.583884'}
2025-05-20 12:40:37,587 [INFO] 127.0.0.1 - - [20/May/2025 12:40:37] "POST /recommend HTTP/1.1" 200 -
2025-05-20 12:42:11,187 [INFO] [31m[1mWARNING: This is a development server. Do not use it in a production deployment. Use a production WSGI server instead.[0m
 * Running on all addresses (0.0.0.0)
 * Running on http://127.0.0.1:5001
 * Running on http://70.12.50.221:5001
2025-05-20 12:42:11,187 [INFO] [33mPress CTRL+C to quit[0m
2025-05-20 12:42:11,195 [INFO]  * Restarting with watchdog (windowsapi)
2025-05-20 12:42:11,467 [WARNING]  * Debugger is active!
2025-05-20 12:42:11,472 [INFO]  * Debugger PIN: 112-860-005
2025-05-20 12:42:15,399 [INFO] 127.0.0.1 - - [20/May/2025 12:42:15] "OPTIONS /recommend HTTP/1.1" 200 -
2025-05-20 12:42:15,649 [INFO] ì‘ë‹µ ì „ì†¡: {'recommendation': 'ì—°ì–´ ìŠ¤í…Œì´í¬ì™€ êµ¬ìš´ ì•¼ì±„, ê·¸ë¦¬ê³  ê³¼ì¼ ë””ì €íŠ¸', 'reason': '30-40ëŒ€ì—ê²ŒëŠ” ì˜¤ë©”ê°€3ê°€ í’ë¶€í•œ ìƒì„ ê³¼ ì„¬ìœ ì§ˆ ìœ„ì£¼ì˜ ê· í˜•ì¡íŒ ì‹ì‚¬ë¥¼ ì¶”ì²œí•©ë‹ˆë‹¤. ì—¬ì„±ì—ê²ŒëŠ” ì¹¼ìŠ˜ê³¼ ì² ë¶„ì´ í’ë¶€í•œ ì‹ë‹¨ì´ ì¢‹ìŠµë‹ˆë‹¤. í˜„ì¬ BMIê°€ ì •ìƒ ë²”ìœ„ì´ë¯€ë¡œ ê· í˜• ì¡íŒ ì‹ë‹¨ì„ ìœ ì§€í•˜ëŠ” ê²ƒì´ ì¢‹ìŠµë‹ˆë‹¤.', 'timestamp': '2025-05-20T12:42:15.649965'}
2025-05-20 12:42:15,649 [INFO] 127.0.0.1 - - [20/May/2025 12:42:15] "POST /recommend HTTP/1.1" 200 -
2025-05-20 12:53:30,485 [INFO] 127.0.0.1 - - [20/May/2025 12:53:30] "OPTIONS /recommend HTTP/1.1" 200 -
2025-05-20 12:53:30,757 [INFO] ì‘ë‹µ ì „ì†¡: {'recommendation': 'ì—°ì–´ ìŠ¤í…Œì´í¬ì™€ êµ¬ìš´ ì•¼ì±„, ê·¸ë¦¬ê³  ê³¼ì¼ ë””ì €íŠ¸', 'reason': '30-40ëŒ€ì—ê²ŒëŠ” ì˜¤ë©”ê°€3ê°€ í’ë¶€í•œ ìƒì„ ê³¼ ì„¬ìœ ì§ˆ ìœ„ì£¼ì˜ ê· í˜•ì¡íŒ ì‹ì‚¬ë¥¼ ì¶”ì²œí•©ë‹ˆë‹¤. ì—¬ì„±ì—ê²ŒëŠ” ì¹¼ìŠ˜ê³¼ ì² ë¶„ì´ í’ë¶€í•œ ì‹ë‹¨ì´ ì¢‹ìŠµë‹ˆë‹¤. í˜„ì¬ BMIê°€ ì •ìƒ ë²”ìœ„ì´ë¯€ë¡œ ê· í˜• ì¡íŒ ì‹ë‹¨ì„ ìœ ì§€í•˜ëŠ” ê²ƒì´ ì¢‹ìŠµë‹ˆë‹¤.', 'timestamp': '2025-05-20T12:53:30.757679'}
2025-05-20 12:53:30,757 [INFO] 127.0.0.1 - - [20/May/2025 12:53:30] "POST /recommend HTTP/1.1" 200 -
2025-05-20 12:57:16,131 [INFO] 127.0.0.1 - - [20/May/2025 12:57:16] "OPTIONS /recommend HTTP/1.1" 200 -
2025-05-20 12:57:16,394 [INFO] ì‘ë‹µ ì „ì†¡: {'recommendation': 'ì—°ì–´ ìŠ¤í…Œì´í¬ì™€ êµ¬ìš´ ì•¼ì±„, ê·¸ë¦¬ê³  ê³¼ì¼ ë””ì €íŠ¸', 'reason': '30-40ëŒ€ì—ê²ŒëŠ” ì˜¤ë©”ê°€3ê°€ í’ë¶€í•œ ìƒì„ ê³¼ ì„¬ìœ ì§ˆ ìœ„ì£¼ì˜ ê· í˜•ì¡íŒ ì‹ì‚¬ë¥¼ ì¶”ì²œí•©ë‹ˆë‹¤. ì—¬ì„±ì—ê²ŒëŠ” ì¹¼ìŠ˜ê³¼ ì² ë¶„ì´ í’ë¶€í•œ ì‹ë‹¨ì´ ì¢‹ìŠµë‹ˆë‹¤. í˜„ì¬ BMIê°€ ì •ìƒ ë²”ìœ„ì´ë¯€ë¡œ ê· í˜• ì¡íŒ ì‹ë‹¨ì„ ìœ ì§€í•˜ëŠ” ê²ƒì´ ì¢‹ìŠµë‹ˆë‹¤.', 'timestamp': '2025-05-20T12:57:16.394634'}
2025-05-20 12:57:16,394 [INFO] 127.0.0.1 - - [20/May/2025 12:57:16] "POST /recommend HTTP/1.1" 200 -
2025-05-20 12:59:45,846 [INFO]  * Detected change in 'C:\\Users\\SSAFY\\yamyamPJT\\YamYamCoach\\recommend\\recommend_server.py', reloading
2025-05-20 12:59:45,848 [INFO]  * Detected change in 'C:\\Users\\SSAFY\\yamyamPJT\\YamYamCoach\\recommend\\recommend_server.py', reloading
2025-05-20 12:59:46,265 [INFO]  * Restarting with watchdog (windowsapi)
2025-05-20 12:59:46,575 [WARNING]  * Debugger is active!
2025-05-20 12:59:46,580 [INFO]  * Debugger PIN: 112-860-005
2025-05-20 13:01:04,834 [INFO] ì‘ë‹µ ì „ì†¡: {'recommendation': 'ê·¸ë¦´ ì¹˜í‚¨ ìƒëŸ¬ë“œì™€ í˜¸ë°•ìŠ¤í”„, ê·¸ë¦¬ê³  í†µê³¡ë¬¼ ë¹µ', 'reason': 'ëŒ€ì‚¬ëŸ‰ì´ ì¢‹ì€ 20ëŒ€ì—ê²ŒëŠ” ë‹¨ë°±ì§ˆì´ ì¶©ë¶„í•œ ê°€ë³ê³  ê±´ê°•í•œ ì‹ì‚¬ë¥¼ ì¶”ì²œí•©ë‹ˆë‹¤. ë‚¨ì„±ì—ê²ŒëŠ” ì¶©ë¶„í•œ ë‹¨ë°±ì§ˆê³¼ íƒ„ìˆ˜í™”ë¬¼ì˜ ê· í˜•ì´ ì¤‘ìš”í•©ë‹ˆë‹¤. í˜„ì¬ BMIê°€ ë†’ì€ í¸ì´ë¯€ë¡œ ì¹¼ë¡œë¦¬ë¥¼ ì¤„ì´ê³  ì±„ì†Œì™€ ê±´ê°•í•œ ë‹¨ë°±ì§ˆ ìœ„ì£¼ë¡œ ì¶”ì²œí•©ë‹ˆë‹¤.', 'timestamp': '2025-05-20T13:01:04.834708'}
2025-05-20 13:01:04,834 [INFO] 127.0.0.1 - - [20/May/2025 13:01:04] "POST /recommend HTTP/1.1" 200 -
2025-05-20 13:59:33,511 [INFO] ì‘ë‹µ ì „ì†¡: {'recommendation': 'ê·¸ë¦´ ì¹˜í‚¨ ìƒëŸ¬ë“œì™€ í˜¸ë°•ìŠ¤í”„, ê·¸ë¦¬ê³  í†µê³¡ë¬¼ ë¹µ', 'reason': 'ëŒ€ì‚¬ëŸ‰ì´ ì¢‹ì€ 20ëŒ€ì—ê²ŒëŠ” ë‹¨ë°±ì§ˆì´ ì¶©ë¶„í•œ ê°€ë³ê³  ê±´ê°•í•œ ì‹ì‚¬ë¥¼ ì¶”ì²œí•©ë‹ˆë‹¤. ë‚¨ì„±ì—ê²ŒëŠ” ì¶©ë¶„í•œ ë‹¨ë°±ì§ˆê³¼ íƒ„ìˆ˜í™”ë¬¼ì˜ ê· í˜•ì´ ì¤‘ìš”í•©ë‹ˆë‹¤. í˜„ì¬ BMIê°€ ë†’ì€ í¸ì´ë¯€ë¡œ ì¹¼ë¡œë¦¬ë¥¼ ì¤„ì´ê³  ì±„ì†Œì™€ ê±´ê°•í•œ ë‹¨ë°±ì§ˆ ìœ„ì£¼ë¡œ ì¶”ì²œí•©ë‹ˆë‹¤.', 'timestamp': '2025-05-20T13:59:33.511996'}
2025-05-20 13:59:33,512 [INFO] 127.0.0.1 - - [20/May/2025 13:59:33] "POST /recommend HTTP/1.1" 200 -
2025-05-20 14:13:10,357 [INFO] ì‘ë‹µ ì „ì†¡: {'recommendation': 'ê·¸ë¦´ ì¹˜í‚¨ ìƒëŸ¬ë“œì™€ í˜¸ë°•ìŠ¤í”„, ê·¸ë¦¬ê³  í†µê³¡ë¬¼ ë¹µ', 'reason': 'ëŒ€ì‚¬ëŸ‰ì´ ì¢‹ì€ 20ëŒ€ì—ê²ŒëŠ” ë‹¨ë°±ì§ˆì´ ì¶©ë¶„í•œ ê°€ë³ê³  ê±´ê°•í•œ ì‹ì‚¬ë¥¼ ì¶”ì²œí•©ë‹ˆë‹¤. ë‚¨ì„±ì—ê²ŒëŠ” ì¶©ë¶„í•œ ë‹¨ë°±ì§ˆê³¼ íƒ„ìˆ˜í™”ë¬¼ì˜ ê· í˜•ì´ ì¤‘ìš”í•©ë‹ˆë‹¤. í˜„ì¬ BMIê°€ ë†’ì€ í¸ì´ë¯€ë¡œ ì¹¼ë¡œë¦¬ë¥¼ ì¤„ì´ê³  ì±„ì†Œì™€ ê±´ê°•í•œ ë‹¨ë°±ì§ˆ ìœ„ì£¼ë¡œ ì¶”ì²œí•©ë‹ˆë‹¤.', 'timestamp': '2025-05-20T14:13:10.357540'}
2025-05-20 14:13:10,358 [INFO] 127.0.0.1 - - [20/May/2025 14:13:10] "POST /recommend HTTP/1.1" 200 -
2025-05-20 14:14:07,338 [INFO] ì‘ë‹µ ì „ì†¡: {'recommendation': 'ê·¸ë¦´ ì¹˜í‚¨ ìƒëŸ¬ë“œì™€ í˜¸ë°•ìŠ¤í”„, ê·¸ë¦¬ê³  í†µê³¡ë¬¼ ë¹µ', 'reason': 'ëŒ€ì‚¬ëŸ‰ì´ ì¢‹ì€ 20ëŒ€ì—ê²ŒëŠ” ë‹¨ë°±ì§ˆì´ ì¶©ë¶„í•œ ê°€ë³ê³  ê±´ê°•í•œ ì‹ì‚¬ë¥¼ ì¶”ì²œí•©ë‹ˆë‹¤. ë‚¨ì„±ì—ê²ŒëŠ” ì¶©ë¶„í•œ ë‹¨ë°±ì§ˆê³¼ íƒ„ìˆ˜í™”ë¬¼ì˜ ê· í˜•ì´ ì¤‘ìš”í•©ë‹ˆë‹¤. í˜„ì¬ BMIê°€ ë†’ì€ í¸ì´ë¯€ë¡œ ì¹¼ë¡œë¦¬ë¥¼ ì¤„ì´ê³  ì±„ì†Œì™€ ê±´ê°•í•œ ë‹¨ë°±ì§ˆ ìœ„ì£¼ë¡œ ì¶”ì²œí•©ë‹ˆë‹¤.', 'timestamp': '2025-05-20T14:14:07.338526'}
2025-05-20 14:14:07,339 [INFO] 127.0.0.1 - - [20/May/2025 14:14:07] "POST /recommend HTTP/1.1" 200 -
2025-05-20 14:14:57,246 [INFO] ì‘ë‹µ ì „ì†¡: {'recommendation': 'ê·¸ë¦´ ì¹˜í‚¨ ìƒëŸ¬ë“œì™€ í˜¸ë°•ìŠ¤í”„, ê·¸ë¦¬ê³  í†µê³¡ë¬¼ ë¹µ', 'reason': 'ëŒ€ì‚¬ëŸ‰ì´ ì¢‹ì€ 20ëŒ€ì—ê²ŒëŠ” ë‹¨ë°±ì§ˆì´ ì¶©ë¶„í•œ ê°€ë³ê³  ê±´ê°•í•œ ì‹ì‚¬ë¥¼ ì¶”ì²œí•©ë‹ˆë‹¤. ë‚¨ì„±ì—ê²ŒëŠ” ì¶©ë¶„í•œ ë‹¨ë°±ì§ˆê³¼ íƒ„ìˆ˜í™”ë¬¼ì˜ ê· í˜•ì´ ì¤‘ìš”í•©ë‹ˆë‹¤. í˜„ì¬ BMIê°€ ë†’ì€ í¸ì´ë¯€ë¡œ ì¹¼ë¡œë¦¬ë¥¼ ì¤„ì´ê³  ì±„ì†Œì™€ ê±´ê°•í•œ ë‹¨ë°±ì§ˆ ìœ„ì£¼ë¡œ ì¶”ì²œí•©ë‹ˆë‹¤.', 'timestamp': '2025-05-20T14:14:57.246032'}
2025-05-20 14:14:57,246 [INFO] 127.0.0.1 - - [20/May/2025 14:14:57] "POST /recommend HTTP/1.1" 200 -
2025-05-20 14:15:52,187 [INFO]  * Detected change in 'C:\\Users\\SSAFY\\yamyamPJT\\YamYamCoach\\recommend\\recommend_server.py', reloading
2025-05-20 14:15:52,187 [INFO]  * Detected change in 'C:\\Users\\SSAFY\\yamyamPJT\\YamYamCoach\\recommend\\recommend_server.py', reloading
2025-05-20 14:15:52,637 [INFO]  * Restarting with watchdog (windowsapi)
2025-05-20 14:15:52,965 [WARNING]  * Debugger is active!
2025-05-20 14:15:52,965 [INFO]  * Debugger PIN: 112-860-005
2025-05-20 14:15:55,892 [INFO] ì‘ë‹µ ì „ì†¡: {'recommendation': 'ê·¸ë¦´ ì¹˜í‚¨ ìƒëŸ¬ë“œì™€ í˜¸ë°•ìŠ¤í”„, ê·¸ë¦¬ê³  í†µê³¡ë¬¼ ë¹µ', 'reason': 'ëŒ€ì‚¬ëŸ‰ì´ ì¢‹ì€ 20ëŒ€ì—ê²ŒëŠ” ë‹¨ë°±ì§ˆì´ ì¶©ë¶„í•œ ê°€ë³ê³  ê±´ê°•í•œ ì‹ì‚¬ë¥¼ ì¶”ì²œí•©ë‹ˆë‹¤. ë‚¨ì„±ì—ê²ŒëŠ” ì¶©ë¶„í•œ ë‹¨ë°±ì§ˆê³¼ íƒ„ìˆ˜í™”ë¬¼ì˜ ê· í˜•ì´ ì¤‘ìš”í•©ë‹ˆë‹¤. í˜„ì¬ BMIê°€ ë†’ì€ í¸ì´ë¯€ë¡œ ì¹¼ë¡œë¦¬ë¥¼ ì¤„ì´ê³  ì±„ì†Œì™€ ê±´ê°•í•œ ë‹¨ë°±ì§ˆ ìœ„ì£¼ë¡œ ì¶”ì²œí•©ë‹ˆë‹¤.', 'timestamp': '2025-05-20T14:15:55.891650'}
2025-05-20 14:15:55,893 [INFO] 127.0.0.1 - - [20/May/2025 14:15:55] "POST /recommend HTTP/1.1" 200 -
2025-05-20 14:23:37,935 [INFO] ì‘ë‹µ ì „ì†¡: {'recommendation': 'ê·¸ë¦´ ì¹˜í‚¨ ìƒëŸ¬ë“œì™€ í˜¸ë°•ìŠ¤í”„, ê·¸ë¦¬ê³  í†µê³¡ë¬¼ ë¹µ', 'reason': 'ëŒ€ì‚¬ëŸ‰ì´ ì¢‹ì€ 20ëŒ€ì—ê²ŒëŠ” ë‹¨ë°±ì§ˆì´ ì¶©ë¶„í•œ ê°€ë³ê³  ê±´ê°•í•œ ì‹ì‚¬ë¥¼ ì¶”ì²œí•©ë‹ˆë‹¤. ë‚¨ì„±ì—ê²ŒëŠ” ì¶©ë¶„í•œ ë‹¨ë°±ì§ˆê³¼ íƒ„ìˆ˜í™”ë¬¼ì˜ ê· í˜•ì´ ì¤‘ìš”í•©ë‹ˆë‹¤. í˜„ì¬ BMIê°€ ë†’ì€ í¸ì´ë¯€ë¡œ ì¹¼ë¡œë¦¬ë¥¼ ì¤„ì´ê³  ì±„ì†Œì™€ ê±´ê°•í•œ ë‹¨ë°±ì§ˆ ìœ„ì£¼ë¡œ ì¶”ì²œí•©ë‹ˆë‹¤.', 'timestamp': '2025-05-20T14:23:37.935045'}
2025-05-20 14:23:37,936 [INFO] 127.0.0.1 - - [20/May/2025 14:23:37] "POST /recommend HTTP/1.1" 200 -
2025-05-20 14:27:20,095 [INFO]  * Detected change in 'C:\\Users\\SSAFY\\yamyamPJT\\YamYamCoach\\recommend\\recommend_server.py', reloading
2025-05-20 14:27:20,095 [INFO]  * Detected change in 'C:\\Users\\SSAFY\\yamyamPJT\\YamYamCoach\\recommend\\recommend_server.py', reloading
2025-05-20 14:27:20,237 [INFO]  * Restarting with watchdog (windowsapi)
2025-05-20 14:27:20,551 [WARNING]  * Debugger is active!
2025-05-20 14:27:20,556 [INFO]  * Debugger PIN: 112-860-005
2025-05-20 14:27:37,735 [INFO]  * Detected change in 'C:\\Users\\SSAFY\\yamyamPJT\\YamYamCoach\\recommend\\recommend_server.py', reloading
2025-05-20 14:27:37,736 [INFO]  * Detected change in 'C:\\Users\\SSAFY\\yamyamPJT\\YamYamCoach\\recommend\\recommend_server.py', reloading
2025-05-20 14:27:37,736 [INFO]  * Detected change in 'C:\\Users\\SSAFY\\yamyamPJT\\YamYamCoach\\recommend\\recommend_server.py', reloading
2025-05-20 14:27:38,653 [INFO]  * Restarting with watchdog (windowsapi)
2025-05-20 14:27:38,963 [WARNING]  * Debugger is active!
2025-05-20 14:27:38,968 [INFO]  * Debugger PIN: 112-860-005
2025-05-20 14:29:06,222 [INFO] ì‘ë‹µ ì „ì†¡: {'recommendation': 'ê·¸ë¦´ ì¹˜í‚¨ ìƒëŸ¬ë“œì™€ í˜¸ë°•ìŠ¤í”„, ê·¸ë¦¬ê³  í†µê³¡ë¬¼ ë¹µ', 'reason': 'ëŒ€ì‚¬ëŸ‰ì´ ì¢‹ì€ 20ëŒ€ì—ê²ŒëŠ” ë‹¨ë°±ì§ˆì´ ì¶©ë¶„í•œ ê°€ë³ê³  ê±´ê°•í•œ ì‹ì‚¬ë¥¼ ì¶”ì²œí•©ë‹ˆë‹¤. ë‚¨ì„±ì—ê²ŒëŠ” ì¶©ë¶„í•œ ë‹¨ë°±ì§ˆê³¼ íƒ„ìˆ˜í™”ë¬¼ì˜ ê· í˜•ì´ ì¤‘ìš”í•©ë‹ˆë‹¤. í˜„ì¬ BMIê°€ ë†’ì€ í¸ì´ë¯€ë¡œ ì¹¼ë¡œë¦¬ë¥¼ ì¤„ì´ê³  ì±„ì†Œì™€ ê±´ê°•í•œ ë‹¨ë°±ì§ˆ ìœ„ì£¼ë¡œ ì¶”ì²œí•©ë‹ˆë‹¤.', 'timestamp': '2025-05-20T14:29:06.222242'}
2025-05-20 14:29:06,223 [INFO] 127.0.0.1 - - [20/May/2025 14:29:06] "POST /recommend HTTP/1.1" 200 -
2025-05-20 14:43:11,456 [INFO]  * Detected change in 'C:\\Users\\SSAFY\\anaconda3\\Lib\\site-packages\\pymysql\\__init__.py', reloading
2025-05-20 14:43:11,456 [INFO]  * Detected change in 'C:\\Users\\SSAFY\\anaconda3\\Lib\\site-packages\\pymysql\\__init__.py', reloading
2025-05-20 14:43:11,457 [INFO]  * Detected change in 'C:\\Users\\SSAFY\\anaconda3\\Lib\\site-packages\\pymysql\\__init__.py', reloading
2025-05-20 14:43:11,457 [INFO]  * Detected change in 'C:\\Users\\SSAFY\\anaconda3\\Lib\\site-packages\\pymysql\\_auth.py', reloading
2025-05-20 14:43:11,458 [INFO]  * Detected change in 'C:\\Users\\SSAFY\\anaconda3\\Lib\\site-packages\\pymysql\\_auth.py', reloading
2025-05-20 14:43:11,459 [INFO]  * Detected change in 'C:\\Users\\SSAFY\\anaconda3\\Lib\\site-packages\\pymysql\\charset.py', reloading
2025-05-20 14:43:11,459 [INFO]  * Detected change in 'C:\\Users\\SSAFY\\anaconda3\\Lib\\site-packages\\pymysql\\charset.py', reloading
2025-05-20 14:43:11,460 [INFO]  * Detected change in 'C:\\Users\\SSAFY\\anaconda3\\Lib\\site-packages\\pymysql\\connections.py', reloading
2025-05-20 14:43:11,460 [INFO]  * Detected change in 'C:\\Users\\SSAFY\\anaconda3\\Lib\\site-packages\\pymysql\\connections.py', reloading
2025-05-20 14:43:11,460 [INFO]  * Detected change in 'C:\\Users\\SSAFY\\anaconda3\\Lib\\site-packages\\pymysql\\converters.py', reloading
2025-05-20 14:43:11,461 [INFO]  * Detected change in 'C:\\Users\\SSAFY\\anaconda3\\Lib\\site-packages\\pymysql\\converters.py', reloading
2025-05-20 14:43:11,461 [INFO]  * Detected change in 'C:\\Users\\SSAFY\\anaconda3\\Lib\\site-packages\\pymysql\\cursors.py', reloading
2025-05-20 14:43:11,462 [INFO]  * Detected change in 'C:\\Users\\SSAFY\\anaconda3\\Lib\\site-packages\\pymysql\\cursors.py', reloading
2025-05-20 14:43:11,462 [INFO]  * Detected change in 'C:\\Users\\SSAFY\\anaconda3\\Lib\\site-packages\\pymysql\\err.py', reloading
2025-05-20 14:43:11,463 [INFO]  * Detected change in 'C:\\Users\\SSAFY\\anaconda3\\Lib\\site-packages\\pymysql\\err.py', reloading
2025-05-20 14:43:11,463 [INFO]  * Detected change in 'C:\\Users\\SSAFY\\anaconda3\\Lib\\site-packages\\pymysql\\optionfile.py', reloading
2025-05-20 14:43:11,465 [INFO]  * Detected change in 'C:\\Users\\SSAFY\\anaconda3\\Lib\\site-packages\\pymysql\\optionfile.py', reloading
2025-05-20 14:43:11,465 [INFO]  * Detected change in 'C:\\Users\\SSAFY\\anaconda3\\Lib\\site-packages\\pymysql\\protocol.py', reloading
2025-05-20 14:43:11,466 [INFO]  * Detected change in 'C:\\Users\\SSAFY\\anaconda3\\Lib\\site-packages\\pymysql\\protocol.py', reloading
2025-05-20 14:43:11,466 [INFO]  * Detected change in 'C:\\Users\\SSAFY\\anaconda3\\Lib\\site-packages\\pymysql\\times.py', reloading
2025-05-20 14:43:11,466 [INFO]  * Detected change in 'C:\\Users\\SSAFY\\anaconda3\\Lib\\site-packages\\pymysql\\times.py', reloading
2025-05-20 14:43:11,467 [INFO]  * Detected change in 'C:\\Users\\SSAFY\\anaconda3\\Lib\\site-packages\\pymysql\\constants\\CLIENT.py', reloading
2025-05-20 14:43:11,467 [INFO]  * Detected change in 'C:\\Users\\SSAFY\\anaconda3\\Lib\\site-packages\\pymysql\\constants\\COMMAND.py', reloading
2025-05-20 14:43:11,468 [INFO]  * Detected change in 'C:\\Users\\SSAFY\\anaconda3\\Lib\\site-packages\\pymysql\\constants\\CR.py', reloading
2025-05-20 14:43:11,468 [INFO]  * Detected change in 'C:\\Users\\SSAFY\\anaconda3\\Lib\\site-packages\\pymysql\\constants\\CLIENT.py', reloading
2025-05-20 14:43:11,469 [INFO]  * Detected change in 'C:\\Users\\SSAFY\\anaconda3\\Lib\\site-packages\\pymysql\\constants\\CLIENT.py', reloading
2025-05-20 14:43:11,469 [INFO]  * Detected change in 'C:\\Users\\SSAFY\\anaconda3\\Lib\\site-packages\\pymysql\\constants\\COMMAND.py', reloading
2025-05-20 14:43:11,470 [INFO]  * Detected change in 'C:\\Users\\SSAFY\\anaconda3\\Lib\\site-packages\\pymysql\\constants\\COMMAND.py', reloading
2025-05-20 14:43:11,470 [INFO]  * Detected change in 'C:\\Users\\SSAFY\\anaconda3\\Lib\\site-packages\\pymysql\\constants\\CR.py', reloading
2025-05-20 14:43:11,471 [INFO]  * Detected change in 'C:\\Users\\SSAFY\\anaconda3\\Lib\\site-packages\\pymysql\\constants\\CR.py', reloading
2025-05-20 14:43:11,471 [INFO]  * Detected change in 'C:\\Users\\SSAFY\\anaconda3\\Lib\\site-packages\\pymysql\\constants\\ER.py', reloading
2025-05-20 14:43:11,472 [INFO]  * Detected change in 'C:\\Users\\SSAFY\\anaconda3\\Lib\\site-packages\\pymysql\\constants\\ER.py', reloading
2025-05-20 14:43:11,472 [INFO]  * Detected change in 'C:\\Users\\SSAFY\\anaconda3\\Lib\\site-packages\\pymysql\\constants\\FIELD_TYPE.py', reloading
2025-05-20 14:43:11,473 [INFO]  * Detected change in 'C:\\Users\\SSAFY\\anaconda3\\Lib\\site-packages\\pymysql\\constants\\FIELD_TYPE.py', reloading
2025-05-20 14:43:11,473 [INFO]  * Detected change in 'C:\\Users\\SSAFY\\anaconda3\\Lib\\site-packages\\pymysql\\constants\\FLAG.py', reloading
2025-05-20 14:43:11,474 [INFO]  * Detected change in 'C:\\Users\\SSAFY\\anaconda3\\Lib\\site-packages\\pymysql\\constants\\FLAG.py', reloading
2025-05-20 14:43:11,474 [INFO]  * Detected change in 'C:\\Users\\SSAFY\\anaconda3\\Lib\\site-packages\\pymysql\\constants\\SERVER_STATUS.py', reloading
2025-05-20 14:43:11,474 [INFO]  * Detected change in 'C:\\Users\\SSAFY\\anaconda3\\Lib\\site-packages\\pymysql\\constants\\SERVER_STATUS.py', reloading
2025-05-20 14:43:11,475 [INFO]  * Detected change in 'C:\\Users\\SSAFY\\anaconda3\\Lib\\site-packages\\pymysql\\constants\\__init__.py', reloading
2025-05-20 14:43:12,289 [INFO]  * Restarting with watchdog (windowsapi)
2025-05-20 14:43:12,834 [WARNING]  * Debugger is active!
2025-05-20 14:43:12,838 [INFO]  * Debugger PIN: 112-860-005
2025-05-20 14:48:39,852 [INFO] ì‘ë‹µ ì „ì†¡: {'recommendation': 'ê·¸ë¦´ ì¹˜í‚¨ ìƒëŸ¬ë“œì™€ í˜¸ë°•ìŠ¤í”„, ê·¸ë¦¬ê³  í†µê³¡ë¬¼ ë¹µ', 'reason': 'ëŒ€ì‚¬ëŸ‰ì´ ì¢‹ì€ 20ëŒ€ì—ê²ŒëŠ” ë‹¨ë°±ì§ˆì´ ì¶©ë¶„í•œ ê°€ë³ê³  ê±´ê°•í•œ ì‹ì‚¬ë¥¼ ì¶”ì²œí•©ë‹ˆë‹¤. ë‚¨ì„±ì—ê²ŒëŠ” ì¶©ë¶„í•œ ë‹¨ë°±ì§ˆê³¼ íƒ„ìˆ˜í™”ë¬¼ì˜ ê· í˜•ì´ ì¤‘ìš”í•©ë‹ˆë‹¤. í˜„ì¬ BMIê°€ ë†’ì€ í¸ì´ë¯€ë¡œ ì¹¼ë¡œë¦¬ë¥¼ ì¤„ì´ê³  ì±„ì†Œì™€ ê±´ê°•í•œ ë‹¨ë°±ì§ˆ ìœ„ì£¼ë¡œ ì¶”ì²œí•©ë‹ˆë‹¤.', 'timestamp': '2025-05-20T14:48:39.852449'}
2025-05-20 14:48:39,852 [INFO] 127.0.0.1 - - [20/May/2025 14:48:39] "POST /recommend HTTP/1.1" 200 -
2025-05-20 14:58:42,780 [INFO] ì‘ë‹µ ì „ì†¡: {'recommendation': 'ê·¸ë¦´ ì¹˜í‚¨ ìƒëŸ¬ë“œì™€ í˜¸ë°•ìŠ¤í”„, ê·¸ë¦¬ê³  í†µê³¡ë¬¼ ë¹µ', 'reason': 'ëŒ€ì‚¬ëŸ‰ì´ ì¢‹ì€ 20ëŒ€ì—ê²ŒëŠ” ë‹¨ë°±ì§ˆì´ ì¶©ë¶„í•œ ê°€ë³ê³  ê±´ê°•í•œ ì‹ì‚¬ë¥¼ ì¶”ì²œí•©ë‹ˆë‹¤. ë‚¨ì„±ì—ê²ŒëŠ” ì¶©ë¶„í•œ ë‹¨ë°±ì§ˆê³¼ íƒ„ìˆ˜í™”ë¬¼ì˜ ê· í˜•ì´ ì¤‘ìš”í•©ë‹ˆë‹¤. í˜„ì¬ BMIê°€ ë†’ì€ í¸ì´ë¯€ë¡œ ì¹¼ë¡œë¦¬ë¥¼ ì¤„ì´ê³  ì±„ì†Œì™€ ê±´ê°•í•œ ë‹¨ë°±ì§ˆ ìœ„ì£¼ë¡œ ì¶”ì²œí•©ë‹ˆë‹¤.', 'timestamp': '2025-05-20T14:58:42.780920'}
2025-05-20 14:58:42,781 [INFO] 127.0.0.1 - - [20/May/2025 14:58:42] "POST /recommend HTTP/1.1" 200 -
2025-05-20 14:59:25,050 [INFO] ì‘ë‹µ ì „ì†¡: {'recommendation': 'ê·¸ë¦´ ì¹˜í‚¨ ìƒëŸ¬ë“œì™€ í˜¸ë°•ìŠ¤í”„, ê·¸ë¦¬ê³  í†µê³¡ë¬¼ ë¹µ', 'reason': 'ëŒ€ì‚¬ëŸ‰ì´ ì¢‹ì€ 20ëŒ€ì—ê²ŒëŠ” ë‹¨ë°±ì§ˆì´ ì¶©ë¶„í•œ ê°€ë³ê³  ê±´ê°•í•œ ì‹ì‚¬ë¥¼ ì¶”ì²œí•©ë‹ˆë‹¤. ë‚¨ì„±ì—ê²ŒëŠ” ì¶©ë¶„í•œ ë‹¨ë°±ì§ˆê³¼ íƒ„ìˆ˜í™”ë¬¼ì˜ ê· í˜•ì´ ì¤‘ìš”í•©ë‹ˆë‹¤. í˜„ì¬ BMIê°€ ë†’ì€ í¸ì´ë¯€ë¡œ ì¹¼ë¡œë¦¬ë¥¼ ì¤„ì´ê³  ì±„ì†Œì™€ ê±´ê°•í•œ ë‹¨ë°±ì§ˆ ìœ„ì£¼ë¡œ ì¶”ì²œí•©ë‹ˆë‹¤.', 'timestamp': '2025-05-20T14:59:25.050116'}
2025-05-20 14:59:25,050 [INFO] 127.0.0.1 - - [20/May/2025 14:59:25] "POST /recommend HTTP/1.1" 200 -
2025-05-20 15:05:21,908 [INFO] ì‘ë‹µ ì „ì†¡: {'recommendation': 'ê·¸ë¦´ ì¹˜í‚¨ ìƒëŸ¬ë“œì™€ í˜¸ë°•ìŠ¤í”„, ê·¸ë¦¬ê³  í†µê³¡ë¬¼ ë¹µ', 'reason': 'ëŒ€ì‚¬ëŸ‰ì´ ì¢‹ì€ 20ëŒ€ì—ê²ŒëŠ” ë‹¨ë°±ì§ˆì´ ì¶©ë¶„í•œ ê°€ë³ê³  ê±´ê°•í•œ ì‹ì‚¬ë¥¼ ì¶”ì²œí•©ë‹ˆë‹¤. ë‚¨ì„±ì—ê²ŒëŠ” ì¶©ë¶„í•œ ë‹¨ë°±ì§ˆê³¼ íƒ„ìˆ˜í™”ë¬¼ì˜ ê· í˜•ì´ ì¤‘ìš”í•©ë‹ˆë‹¤. í˜„ì¬ BMIê°€ ë†’ì€ í¸ì´ë¯€ë¡œ ì¹¼ë¡œë¦¬ë¥¼ ì¤„ì´ê³  ì±„ì†Œì™€ ê±´ê°•í•œ ë‹¨ë°±ì§ˆ ìœ„ì£¼ë¡œ ì¶”ì²œí•©ë‹ˆë‹¤.', 'timestamp': '2025-05-20T15:05:21.907753'}
2025-05-20 15:05:21,909 [INFO] 127.0.0.1 - - [20/May/2025 15:05:21] "POST /recommend HTTP/1.1" 200 -
2025-05-20 15:09:05,852 [INFO] ì‘ë‹µ ì „ì†¡: {'recommendation': 'ê·¸ë¦´ ì¹˜í‚¨ ìƒëŸ¬ë“œì™€ í˜¸ë°•ìŠ¤í”„, ê·¸ë¦¬ê³  í†µê³¡ë¬¼ ë¹µ', 'reason': 'ëŒ€ì‚¬ëŸ‰ì´ ì¢‹ì€ 20ëŒ€ì—ê²ŒëŠ” ë‹¨ë°±ì§ˆì´ ì¶©ë¶„í•œ ê°€ë³ê³  ê±´ê°•í•œ ì‹ì‚¬ë¥¼ ì¶”ì²œí•©ë‹ˆë‹¤. ë‚¨ì„±ì—ê²ŒëŠ” ì¶©ë¶„í•œ ë‹¨ë°±ì§ˆê³¼ íƒ„ìˆ˜í™”ë¬¼ì˜ ê· í˜•ì´ ì¤‘ìš”í•©ë‹ˆë‹¤. í˜„ì¬ BMIê°€ ë†’ì€ í¸ì´ë¯€ë¡œ ì¹¼ë¡œë¦¬ë¥¼ ì¤„ì´ê³  ì±„ì†Œì™€ ê±´ê°•í•œ ë‹¨ë°±ì§ˆ ìœ„ì£¼ë¡œ ì¶”ì²œí•©ë‹ˆë‹¤.', 'timestamp': '2025-05-20T15:09:05.852074'}
2025-05-20 15:09:05,852 [INFO] 127.0.0.1 - - [20/May/2025 15:09:05] "POST /recommend HTTP/1.1" 200 -
2025-05-20 15:15:19,186 [INFO]  * Detected change in 'C:\\Users\\SSAFY\\yamyamPJT\\YamYamCoach\\recommend\\recommend_server.py', reloading
2025-05-20 15:15:19,186 [INFO]  * Detected change in 'C:\\Users\\SSAFY\\yamyamPJT\\YamYamCoach\\recommend\\recommend_server.py', reloading
2025-05-20 15:15:19,838 [INFO]  * Restarting with watchdog (windowsapi)
2025-05-20 15:15:20,136 [WARNING]  * Debugger is active!
2025-05-20 15:15:20,141 [INFO]  * Debugger PIN: 112-860-005
2025-05-20 15:16:09,160 [INFO]  * Detected change in 'C:\\Users\\SSAFY\\yamyamPJT\\YamYamCoach\\recommend\\recommend_server.py', reloading
2025-05-20 15:16:09,161 [INFO]  * Detected change in 'C:\\Users\\SSAFY\\yamyamPJT\\YamYamCoach\\recommend\\recommend_server.py', reloading
2025-05-20 15:16:09,382 [INFO]  * Restarting with watchdog (windowsapi)
2025-05-20 15:16:09,701 [WARNING]  * Debugger is active!
2025-05-20 15:16:09,710 [INFO]  * Debugger PIN: 112-860-005
2025-05-20 15:16:22,896 [INFO] ì‘ë‹µ ì „ì†¡: {'recommendation': 'ê·¸ë¦´ ì¹˜í‚¨ ìƒëŸ¬ë“œì™€ í˜¸ë°•ìŠ¤í”„, ê·¸ë¦¬ê³  í†µê³¡ë¬¼ ë¹µ', 'reason': 'ëŒ€ì‚¬ëŸ‰ì´ ì¢‹ì€ 20ëŒ€ì—ê²ŒëŠ” ë‹¨ë°±ì§ˆì´ ì¶©ë¶„í•œ ê°€ë³ê³  ê±´ê°•í•œ ì‹ì‚¬ë¥¼ ì¶”ì²œí•©ë‹ˆë‹¤. ë‚¨ì„±ì—ê²ŒëŠ” ì¶©ë¶„í•œ ë‹¨ë°±ì§ˆê³¼ íƒ„ìˆ˜í™”ë¬¼ì˜ ê· í˜•ì´ ì¤‘ìš”í•©ë‹ˆë‹¤. í˜„ì¬ BMIê°€ ë†’ì€ í¸ì´ë¯€ë¡œ ì¹¼ë¡œë¦¬ë¥¼ ì¤„ì´ê³  ì±„ì†Œì™€ ê±´ê°•í•œ ë‹¨ë°±ì§ˆ ìœ„ì£¼ë¡œ ì¶”ì²œí•©ë‹ˆë‹¤.', 'timestamp': '2025-05-20T15:16:22.896388'}
2025-05-20 15:16:22,897 [INFO] 127.0.0.1 - - [20/May/2025 15:16:22] "POST /recommend HTTP/1.1" 200 -
2025-05-20 15:30:17,263 [INFO] ì‘ë‹µ ì „ì†¡: {'recommendation': 'ê·¸ë¦´ ì¹˜í‚¨ ìƒëŸ¬ë“œì™€ í˜¸ë°•ìŠ¤í”„, ê·¸ë¦¬ê³  í†µê³¡ë¬¼ ë¹µ', 'reason': 'ëŒ€ì‚¬ëŸ‰ì´ ì¢‹ì€ 20ëŒ€ì—ê²ŒëŠ” ë‹¨ë°±ì§ˆì´ ì¶©ë¶„í•œ ê°€ë³ê³  ê±´ê°•í•œ ì‹ì‚¬ë¥¼ ì¶”ì²œí•©ë‹ˆë‹¤. ë‚¨ì„±ì—ê²ŒëŠ” ì¶©ë¶„í•œ ë‹¨ë°±ì§ˆê³¼ íƒ„ìˆ˜í™”ë¬¼ì˜ ê· í˜•ì´ ì¤‘ìš”í•©ë‹ˆë‹¤. í˜„ì¬ BMIê°€ ë†’ì€ í¸ì´ë¯€ë¡œ ì¹¼ë¡œë¦¬ë¥¼ ì¤„ì´ê³  ì±„ì†Œì™€ ê±´ê°•í•œ ë‹¨ë°±ì§ˆ ìœ„ì£¼ë¡œ ì¶”ì²œí•©ë‹ˆë‹¤.', 'timestamp': '2025-05-20T15:30:17.263344'}
2025-05-20 15:30:17,264 [INFO] 127.0.0.1 - - [20/May/2025 15:30:17] "POST /recommend HTTP/1.1" 200 -
2025-05-20 15:36:40,793 [INFO] ì‘ë‹µ ì „ì†¡: {'recommendation': 'ë‹­ ê°€ìŠ´ì‚´ ìƒëŸ¬ë“œì™€ í˜„ë¯¸ë°¥ ì†ŒëŸ‰', 'reason': 'ë‹¹ë‡¨ ê´€ë¦¬ë¥¼ ìœ„í•´ íƒ„ìˆ˜í™”ë¬¼ì„ ì œí•œí•˜ê³  ë‹¨ë°±ì§ˆ ìœ„ì£¼ì˜ ì‹ë‹¨ì„ ì¶”ì²œí•©ë‹ˆë‹¤. ì˜¤ëŠ˜ ì´ë¯¸ íƒ„ìˆ˜í™”ë¬¼ì„ ë§ì´ ì„­ì·¨í•˜ì…¨ìœ¼ë¯€ë¡œ, ì €ë…ì—ëŠ” íƒ„ìˆ˜í™”ë¬¼ì´ ì ì€ ì‹ë‹¨ì´ ì¢‹ìŠµë‹ˆë‹¤. í˜„ì¬ BMIê°€ ë†’ì€ í¸ì´ë¯€ë¡œ ì¹¼ë¡œë¦¬ë¥¼ ì¤„ì´ê³  ì±„ì†Œì™€ ê±´ê°•í•œ ë‹¨ë°±ì§ˆ ìœ„ì£¼ë¡œ ì¶”ì²œí•©ë‹ˆë‹¤.', 'timestamp': '2025-05-20T15:36:40.793011'}
2025-05-20 15:36:40,794 [INFO] 127.0.0.1 - - [20/May/2025 15:36:40] "POST /recommend HTTP/1.1" 200 -
2025-05-21 22:36:00,096 [INFO] [31m[1mWARNING: This is a development server. Do not use it in a production deployment. Use a production WSGI server instead.[0m
 * Running on all addresses (0.0.0.0)
 * Running on http://127.0.0.1:5001
 * Running on http://192.168.50.82:5001
2025-05-21 22:36:00,096 [INFO] [33mPress CTRL+C to quit[0m
2025-05-21 22:36:00,123 [INFO]  * Restarting with watchdog (fsevents)
2025-05-21 22:36:00,227 [WARNING]  * Debugger is active!
2025-05-21 22:36:00,235 [INFO]  * Debugger PIN: 882-510-111
2025-05-21 22:36:24,349 [INFO] ì‘ë‹µ ì „ì†¡: {'recommendation': 'ê·¸ë¦´ ì¹˜í‚¨ ìƒëŸ¬ë“œì™€ í˜¸ë°•ìŠ¤í”„, ê·¸ë¦¬ê³  í†µê³¡ë¬¼ ë¹µ', 'reason': 'ëŒ€ì‚¬ëŸ‰ì´ ì¢‹ì€ 20ëŒ€ì—ê²ŒëŠ” ë‹¨ë°±ì§ˆì´ ì¶©ë¶„í•œ ê°€ë³ê³  ê±´ê°•í•œ ì‹ì‚¬ë¥¼ ì¶”ì²œí•©ë‹ˆë‹¤. ë‚¨ì„±ì—ê²ŒëŠ” ì¶©ë¶„í•œ ë‹¨ë°±ì§ˆê³¼ íƒ„ìˆ˜í™”ë¬¼ì˜ ê· í˜•ì´ ì¤‘ìš”í•©ë‹ˆë‹¤. í˜„ì¬ BMIê°€ ë†’ì€ í¸ì´ë¯€ë¡œ ì¹¼ë¡œë¦¬ë¥¼ ì¤„ì´ê³  ì±„ì†Œì™€ ê±´ê°•í•œ ë‹¨ë°±ì§ˆ ìœ„ì£¼ë¡œ ì¶”ì²œí•©ë‹ˆë‹¤.', 'timestamp': '2025-05-21T22:36:24.348944'}
2025-05-21 22:36:24,353 [INFO] 127.0.0.1 - - [21/May/2025 22:36:24] "POST /recommend HTTP/1.1" 200 -
2025-05-21 23:23:26,725 [INFO]  * Detected change in '/Users/yoon/yamyam/YamYamCoach/recommend/rcy_demo.py', reloading
2025-05-21 23:23:26,728 [INFO]  * Detected change in '/Users/yoon/yamyam/YamYamCoach/recommend/rcy_demo.py', reloading
2025-05-21 23:23:27,465 [INFO]  * Restarting with watchdog (fsevents)
2025-05-21 23:23:27,653 [WARNING]  * Debugger is active!
2025-05-21 23:23:27,663 [INFO]  * Debugger PIN: 882-510-111
2025-05-21 23:24:50,105 [INFO]  * Detected change in '/Users/yoon/yamyam/YamYamCoach/recommend/rcy_demo.py', reloading
2025-05-21 23:24:50,199 [INFO]  * Restarting with watchdog (fsevents)
2025-05-21 23:24:50,393 [WARNING]  * Debugger is active!
2025-05-21 23:24:50,400 [INFO]  * Debugger PIN: 882-510-111
2025-05-21 23:28:16,421 [INFO]  * Detected change in '/Users/yoon/yamyam/YamYamCoach/recommend/recSys_demo.py', reloading
2025-05-21 23:28:16,807 [INFO]  * Restarting with watchdog (fsevents)
2025-05-21 23:28:17,002 [WARNING]  * Debugger is active!
2025-05-21 23:28:17,008 [INFO]  * Debugger PIN: 882-510-111
2025-05-21 23:28:32,139 [INFO]  * Detected change in '/Users/yoon/yamyam/YamYamCoach/recommend/recSys_demo.py', reloading
2025-05-21 23:28:33,140 [INFO]  * Restarting with watchdog (fsevents)
2025-05-21 23:28:33,294 [WARNING]  * Debugger is active!
2025-05-21 23:28:33,300 [INFO]  * Debugger PIN: 882-510-111
2025-05-21 23:34:16,352 [INFO]  * Detected change in '/Users/yoon/yamyam/YamYamCoach/recommend/recSys_demo.py', reloading
2025-05-21 23:34:16,447 [INFO]  * Restarting with watchdog (fsevents)
2025-05-21 23:34:16,638 [WARNING]  * Debugger is active!
2025-05-21 23:34:16,644 [INFO]  * Debugger PIN: 882-510-111
2025-05-21 23:34:33,160 [INFO]  * Detected change in '/Users/yoon/yamyam/YamYamCoach/recommend/recSys_demo.py', reloading
2025-05-21 23:34:33,809 [INFO]  * Restarting with watchdog (fsevents)
2025-05-21 23:34:33,955 [WARNING]  * Debugger is active!
2025-05-21 23:34:33,961 [INFO]  * Debugger PIN: 882-510-111
2025-05-21 23:36:41,296 [INFO]  * Detected change in '/Users/yoon/yamyam/YamYamCoach/recommend/recSys_demo.py', reloading
2025-05-21 23:36:41,896 [INFO]  * Restarting with watchdog (fsevents)
2025-05-21 23:36:42,089 [WARNING]  * Debugger is active!
2025-05-21 23:36:42,096 [INFO]  * Debugger PIN: 882-510-111
2025-05-21 23:39:27,240 [INFO]  * Detected change in '/Users/yoon/yamyam/YamYamCoach/recommend/recSys_demo.py', reloading
2025-05-21 23:39:28,177 [INFO]  * Restarting with watchdog (fsevents)
2025-05-21 23:39:28,365 [WARNING]  * Debugger is active!
2025-05-21 23:39:28,371 [INFO]  * Debugger PIN: 882-510-111
2025-05-21 23:51:15,474 [INFO]  * Detected change in '/Users/yoon/yamyam/YamYamCoach/recommend/recSys_demo.py', reloading
2025-05-21 23:51:15,738 [INFO]  * Restarting with watchdog (fsevents)
2025-05-21 23:51:15,949 [WARNING]  * Debugger is active!
2025-05-21 23:51:15,956 [INFO]  * Debugger PIN: 882-510-111
2025-05-21 23:52:55,206 [INFO]  * Detected change in '/Users/yoon/yamyam/YamYamCoach/recommend/recSys_demo.py', reloading
2025-05-21 23:52:55,662 [INFO]  * Restarting with watchdog (fsevents)
2025-05-21 23:52:55,855 [WARNING]  * Debugger is active!
2025-05-21 23:52:55,863 [INFO]  * Debugger PIN: 882-510-111
2025-05-21 23:53:09,283 [INFO]  * Detected change in '/Users/yoon/yamyam/YamYamCoach/recommend/recSys_demo.py', reloading
2025-05-21 23:53:10,019 [INFO]  * Restarting with watchdog (fsevents)
2025-05-21 23:53:10,179 [WARNING]  * Debugger is active!
2025-05-21 23:53:10,185 [INFO]  * Debugger PIN: 882-510-111
2025-05-21 23:57:42,663 [INFO]  * Detected change in '/Users/yoon/yamyam/YamYamCoach/recommend/recSys_demo.py', reloading
2025-05-21 23:57:42,671 [INFO]  * Detected change in '/Users/yoon/yamyam/YamYamCoach/recommend/recSys_demo.py', reloading
2025-05-21 23:57:42,994 [INFO]  * Restarting with watchdog (fsevents)
2025-05-21 23:57:43,189 [WARNING]  * Debugger is active!
2025-05-21 23:57:43,195 [INFO]  * Debugger PIN: 882-510-111
2025-05-21 23:59:02,340 [INFO]  * Detected change in '/Users/yoon/yamyam/YamYamCoach/recommend/recSys_demo.py', reloading
2025-05-21 23:59:02,737 [INFO]  * Restarting with watchdog (fsevents)
2025-05-21 23:59:02,920 [WARNING]  * Debugger is active!
2025-05-21 23:59:02,927 [INFO]  * Debugger PIN: 882-510-111
2025-05-21 23:59:30,602 [INFO]  * Detected change in '/Users/yoon/yamyam/YamYamCoach/recommend/recSys_demo.py', reloading
2025-05-21 23:59:31,163 [INFO]  * Restarting with watchdog (fsevents)
2025-05-21 23:59:31,311 [WARNING]  * Debugger is active!
2025-05-21 23:59:31,318 [INFO]  * Debugger PIN: 882-510-111
2025-05-22 00:05:54,729 [INFO]  * Detected change in '/Users/yoon/yamyam/YamYamCoach/recommend/recSys_demo.py', reloading
2025-05-22 00:05:55,683 [INFO]  * Restarting with watchdog (fsevents)
2025-05-22 00:05:55,981 [WARNING]  * Debugger is active!
2025-05-22 00:05:55,988 [INFO]  * Debugger PIN: 882-510-111
2025-05-22 00:07:23,002 [INFO]  * Detected change in '/Users/yoon/yamyam/YamYamCoach/recommend/recSys_demo.py', reloading
2025-05-22 00:07:23,579 [INFO]  * Restarting with watchdog (fsevents)
2025-05-22 00:07:23,760 [WARNING]  * Debugger is active!
2025-05-22 00:07:23,767 [INFO]  * Debugger PIN: 882-510-111
2025-05-22 00:07:40,846 [INFO]  * Detected change in '/Users/yoon/yamyam/YamYamCoach/recommend/recSys_demo.py', reloading
2025-05-22 00:07:40,914 [INFO]  * Restarting with watchdog (fsevents)
2025-05-22 00:07:41,059 [WARNING]  * Debugger is active!
2025-05-22 00:07:41,065 [INFO]  * Debugger PIN: 882-510-111
2025-05-22 00:07:57,116 [INFO]  * Detected change in '/Users/yoon/yamyam/YamYamCoach/recommend/recSys_demo.py', reloading
2025-05-22 00:07:57,206 [INFO]  * Restarting with watchdog (fsevents)
2025-05-22 00:07:57,351 [WARNING]  * Debugger is active!
2025-05-22 00:07:57,357 [INFO]  * Debugger PIN: 882-510-111
2025-05-22 00:08:26,576 [INFO]  * Detected change in '/Users/yoon/yamyam/YamYamCoach/recommend/recSys_demo.py', reloading
2025-05-22 00:08:27,596 [INFO]  * Restarting with watchdog (fsevents)
2025-05-22 00:08:27,772 [WARNING]  * Debugger is active!
2025-05-22 00:08:27,778 [INFO]  * Debugger PIN: 882-510-111
2025-05-22 00:11:59,024 [INFO]  * Detected change in '/Users/yoon/yamyam/YamYamCoach/recommend/recommend_server.py', reloading
2025-05-22 00:11:59,079 [INFO]  * Restarting with watchdog (fsevents)
2025-05-22 00:20:14,679 [INFO] ìŒì‹ ë°ì´í„° ë¡œë“œë¥¼ ì‹œì‘í•©ë‹ˆë‹¤...
2025-05-22 00:20:14,693 [INFO] ì „ì—­ ìŒì‹ ë°ì´í„° ë¡œë“œ ì™„ë£Œ. ì´ 2614ê°œ ìŒì‹.
2025-05-22 00:20:14,713 [INFO] [31m[1mWARNING: This is a development server. Do not use it in a production deployment. Use a production WSGI server instead.[0m
 * Running on all addresses (0.0.0.0)
 * Running on http://127.0.0.1:5001
 * Running on http://192.168.50.82:5001
2025-05-22 00:20:14,713 [INFO] [33mPress CTRL+C to quit[0m
2025-05-22 00:20:14,719 [INFO]  * Restarting with watchdog (fsevents)
2025-05-22 00:20:15,145 [INFO] ìŒì‹ ë°ì´í„° ë¡œë“œë¥¼ ì‹œì‘í•©ë‹ˆë‹¤...
2025-05-22 00:20:15,157 [INFO] ì „ì—­ ìŒì‹ ë°ì´í„° ë¡œë“œ ì™„ë£Œ. ì´ 2614ê°œ ìŒì‹.
2025-05-22 00:20:15,162 [WARNING]  * Debugger is active!
2025-05-22 00:20:15,173 [INFO]  * Debugger PIN: 882-510-111
2025-05-22 00:20:58,459 [INFO] ìš”ì²­ ìˆ˜ì‹  ì‹œê°„: 2025-05-22 00:20:58
2025-05-22 00:20:58,460 [INFO] ìš”ì²­ ë°ì´í„°: {'dishIds': [14, 15, 16, 17, 18],
 'mealCount': 5,
 'nutrients': {'calories': 716.0,
               'carbohydrate': 174.0,
               'fat': 37.0,
               'protein': 71.0,
               'sugar': 115.0},
 'user': {'age': 25,
          'diseaseTags': '',
          'gender': False,
          'height': 180,
          'targetWeight': 40,
          'userId': 2,
          'weight': 90}}
2025-05-22 00:20:58,461 [ERROR] ì ì‹¬ ì˜ì–‘ì†Œ ì •ë³´ ëˆ„ë½. í•„ìˆ˜ í•„ë“œ: sodium
2025-05-22 00:20:58,463 [INFO] 127.0.0.1 - - [22/May/2025 00:20:58] "[31m[1mPOST /recommend HTTP/1.1[0m" 400 -
2025-05-22 00:22:39,337 [INFO]  * Detected change in '/Users/yoon/yamyam/YamYamCoach/recommend/recommend_server.py', reloading
2025-05-22 00:22:39,444 [INFO]  * Restarting with watchdog (fsevents)
2025-05-22 00:22:39,980 [INFO] ìŒì‹ ë°ì´í„° ë¡œë“œë¥¼ ì‹œì‘í•©ë‹ˆë‹¤...
2025-05-22 00:22:39,994 [INFO] ì „ì—­ ìŒì‹ ë°ì´í„° ë¡œë“œ ì™„ë£Œ. ì´ 2614ê°œ ìŒì‹.
2025-05-22 00:22:40,001 [WARNING]  * Debugger is active!
2025-05-22 00:22:40,009 [INFO]  * Debugger PIN: 882-510-111
2025-05-22 00:23:10,916 [INFO]  * Detected change in '/Users/yoon/yamyam/YamYamCoach/recommend/recommend_server.py', reloading
2025-05-22 00:23:11,341 [INFO]  * Restarting with watchdog (fsevents)
2025-05-22 00:23:11,865 [INFO] ìŒì‹ ë°ì´í„° ë¡œë“œë¥¼ ì‹œì‘í•©ë‹ˆë‹¤...
2025-05-22 00:23:11,878 [INFO] ì „ì—­ ìŒì‹ ë°ì´í„° ë¡œë“œ ì™„ë£Œ. ì´ 2614ê°œ ìŒì‹.
2025-05-22 00:23:11,884 [WARNING]  * Debugger is active!
2025-05-22 00:23:11,891 [INFO]  * Debugger PIN: 882-510-111
2025-05-22 00:23:21,617 [INFO] ìŒì‹ ë°ì´í„° ë¡œë“œë¥¼ ì‹œì‘í•©ë‹ˆë‹¤...
2025-05-22 00:23:21,628 [INFO] ì „ì—­ ìŒì‹ ë°ì´í„° ë¡œë“œ ì™„ë£Œ. ì´ 2614ê°œ ìŒì‹.
2025-05-22 00:23:21,648 [INFO] [31m[1mWARNING: This is a development server. Do not use it in a production deployment. Use a production WSGI server instead.[0m
 * Running on all addresses (0.0.0.0)
 * Running on http://127.0.0.1:5001
 * Running on http://192.168.50.82:5001
2025-05-22 00:23:21,649 [INFO] [33mPress CTRL+C to quit[0m
2025-05-22 00:23:21,653 [INFO]  * Restarting with watchdog (fsevents)
2025-05-22 00:23:22,071 [INFO] ìŒì‹ ë°ì´í„° ë¡œë“œë¥¼ ì‹œì‘í•©ë‹ˆë‹¤...
2025-05-22 00:23:22,081 [INFO] ì „ì—­ ìŒì‹ ë°ì´í„° ë¡œë“œ ì™„ë£Œ. ì´ 2614ê°œ ìŒì‹.
2025-05-22 00:23:22,088 [WARNING]  * Debugger is active!
2025-05-22 00:23:22,098 [INFO]  * Debugger PIN: 882-510-111
2025-05-22 00:23:28,034 [INFO] ìš”ì²­ ìˆ˜ì‹  ì‹œê°„: 2025-05-22 00:23:28
2025-05-22 00:23:28,036 [INFO] ìš”ì²­ ë°ì´í„°: {'dishIds': [14, 15, 16, 17, 18],
 'mealCount': 5,
 'nutrients': {'calories': 716.0,
               'carbohydrate': 174.0,
               'fat': 37.0,
               'protein': 71.0,
               'sugar': 115.0},
 'user': {'age': 25,
          'diseaseTags': '',
          'gender': False,
          'height': 180,
          'targetWeight': 40,
          'userId': 2,
          'weight': 90}}
2025-05-22 00:23:28,036 [WARNING] ì ì‹¬ ì˜ì–‘ì†Œ ì •ë³´ ì¤‘ 'sodium' í•„ë“œê°€ ëˆ„ë½ë˜ì–´ 0ìœ¼ë¡œ ê¸°ë³¸ê°’ì„ ì„¤ì •í•©ë‹ˆë‹¤.
2025-05-22 00:23:28,037 [INFO] ê³„ì‚°ëœ BMI: 27.8
2025-05-22 00:23:28,037 [INFO] BMI ê¸°ë°˜ 'obesity' íƒœê·¸ ì¶”ê°€. ì—…ë°ì´íŠ¸ëœ ì§ˆë³‘ íƒœê·¸: obesity
2025-05-22 00:23:28,037 [INFO] ì¼ì¼ ëª©í‘œ EER: 2261.54 kcal, ëª©í‘œ ì˜ì–‘ì†Œ: {'carbohydrate': {'min_g': 254.4, 'max_g': 367.5}, 'protein': {'min_g': 56.5, 'max_g': 197.9}, 'fat': {'min_g': 50.3, 'max_g': 87.9}, 'sugar': {'min_g': 0, 'max_g': 56.5}}
2025-05-22 00:23:28,037 [INFO] ì €ë… ëª©í‘œ ì˜ì–‘ì†Œ: {'carbohydrate': {'min_g': 80.4, 'max_g': 193.5}, 'protein': {'min_g': 0, 'max_g': 126.9}, 'fat': {'min_g': 13.299999999999997, 'max_g': 50.900000000000006}, 'sugar': {'min_g': 0, 'max_g': 0}}
2025-05-22 00:23:28,051 [INFO] ì¶”ì²œ ê²°ê³¼: {'recommended_dishes': [{'name': 'ë‹­ë°±ìˆ™', 'id': 'C00268'}, {'name': 'ì‚¶ì€ ë•…ì½© ì¡°ë¦¼', 'id': 'R00153'}], 'reason': 'êµ­ ë° íƒ•ë¥˜ì˜ ë‹­ë°±ìˆ™(ì€)ëŠ” ë‹¨ë°±ì§ˆ ë³´ì¶©ì— ì¢‹ìŠµë‹ˆë‹¤. ì¡°ë¦¼ë¥˜ì˜ ì‚¶ì€ ë•…ì½© ì¡°ë¦¼(ì€)ëŠ” ë‹¨ë°±ì§ˆ ë³´ì¶©ì— ì¢‹ìŠµë‹ˆë‹¤..'}
2025-05-22 00:23:28,053 [INFO] ìµœì¢… ì‘ë‹µ ë°ì´í„°: {'nutrition_targets': {'daily_eer_kcal': 2261.54,
                       'daily_macros_gram': {'carbohydrate': {'max_g': 367.5,
                                                              'min_g': 254.4},
                                             'fat': {'max_g': 87.9,
                                                     'min_g': 50.3},
                                             'protein': {'max_g': 197.9,
                                                         'min_g': 56.5},
                                             'sugar': {'max_g': 56.5,
                                                       'min_g': 0}},
                       'evening_macros_gram': {'carbohydrate': {'max_g': 193.5,
                                                                'min_g': 80.4},
                                               'fat': {'max_g': 50.900000000000006,
                                                       'min_g': 13.299999999999997},
                                               'protein': {'max_g': 126.9,
                                                           'min_g': 0},
                                               'sugar': {'max_g': 0,
                                                         'min_g': 0}}},
 'reason': 'êµ­ ë° íƒ•ë¥˜ì˜ ë‹­ë°±ìˆ™(ì€)ëŠ” ë‹¨ë°±ì§ˆ ë³´ì¶©ì— ì¢‹ìŠµë‹ˆë‹¤. ì¡°ë¦¼ë¥˜ì˜ ì‚¶ì€ ë•…ì½© ì¡°ë¦¼(ì€)ëŠ” ë‹¨ë°±ì§ˆ ë³´ì¶©ì— ì¢‹ìŠµë‹ˆë‹¤..',
 'recommendations': [{'id': 'C00268', 'name': 'ë‹­ë°±ìˆ™'},
                     {'id': 'R00153', 'name': 'ì‚¶ì€ ë•…ì½© ì¡°ë¦¼'}],
 'timestamp': '2025-05-22T00:23:28.051898',
 'user_profile': {'bmi': 27.8, 'disease_tags_updated': 'obesity,obesity'}}
2025-05-22 00:23:28,056 [INFO] 127.0.0.1 - - [22/May/2025 00:23:28] "POST /recommend HTTP/1.1" 200 -
2025-05-22 00:24:13,562 [INFO] ìš”ì²­ ìˆ˜ì‹  ì‹œê°„: 2025-05-22 00:24:13
2025-05-22 00:24:13,564 [INFO] ìš”ì²­ ë°ì´í„°: {'dishIds': [21, 22, 23, 24, 25, 26, 27],
 'mealCount': 7,
 'nutrients': {'calories': 1456.0,
               'carbohydrate': 283.0,
               'fat': 53.0,
               'protein': 102.0,
               'sugar': 72.0},
 'user': {'age': 25,
          'diseaseTags': '',
          'gender': False,
          'height': 180,
          'targetWeight': 40,
          'userId': 2,
          'weight': 90}}
2025-05-22 00:24:13,567 [WARNING] ì ì‹¬ ì˜ì–‘ì†Œ ì •ë³´ ì¤‘ 'sodium' í•„ë“œê°€ ëˆ„ë½ë˜ì–´ 0ìœ¼ë¡œ ê¸°ë³¸ê°’ì„ ì„¤ì •í•©ë‹ˆë‹¤.
2025-05-22 00:24:13,567 [INFO] ê³„ì‚°ëœ BMI: 27.8
2025-05-22 00:24:13,567 [INFO] BMI ê¸°ë°˜ 'obesity' íƒœê·¸ ì¶”ê°€. ì—…ë°ì´íŠ¸ëœ ì§ˆë³‘ íƒœê·¸: obesity
2025-05-22 00:24:13,567 [INFO] ì¼ì¼ ëª©í‘œ EER: 2261.54 kcal, ëª©í‘œ ì˜ì–‘ì†Œ: {'carbohydrate': {'min_g': 254.4, 'max_g': 367.5}, 'protein': {'min_g': 56.5, 'max_g': 197.9}, 'fat': {'min_g': 50.3, 'max_g': 87.9}, 'sugar': {'min_g': 0, 'max_g': 56.5}}
2025-05-22 00:24:13,567 [INFO] ì €ë… ëª©í‘œ ì˜ì–‘ì†Œ: {'carbohydrate': {'min_g': 0, 'max_g': 84.5}, 'protein': {'min_g': 0, 'max_g': 95.9}, 'fat': {'min_g': 0, 'max_g': 34.900000000000006}, 'sugar': {'min_g': 0, 'max_g': 0}}
2025-05-22 00:24:13,575 [INFO] ì¶”ì²œ ê²°ê³¼: {'recommended_dishes': [{'name': 'ë¼ì§€ê°ˆë¹„ì „ê³¨', 'id': 'T00115'}, {'name': 'ë±…ì–´í¬íŠ€ê¹€', 'id': 'V00037'}], 'reason': 'ì°Œê°œ ë° ì „ê³¨ë¥˜ì˜ ë¼ì§€ê°ˆë¹„ì „ê³¨(ì€)ëŠ” ë‹¨ë°±ì§ˆ ë³´ì¶©ì— ì¢‹ìŠµë‹ˆë‹¤. íŠ€ê¹€ë¥˜ì˜ ë±…ì–´í¬íŠ€ê¹€(ì€)ëŠ” ë‹¨ë°±ì§ˆ ë³´ì¶©ì— ì¢‹ìŠµë‹ˆë‹¤..'}
2025-05-22 00:24:13,576 [INFO] ìµœì¢… ì‘ë‹µ ë°ì´í„°: {'nutrition_targets': {'daily_eer_kcal': 2261.54,
                       'daily_macros_gram': {'carbohydrate': {'max_g': 367.5,
                                                              'min_g': 254.4},
                                             'fat': {'max_g': 87.9,
                                                     'min_g': 50.3},
                                             'protein': {'max_g': 197.9,
                                                         'min_g': 56.5},
                                             'sugar': {'max_g': 56.5,
                                                       'min_g': 0}},
                       'evening_macros_gram': {'carbohydrate': {'max_g': 84.5,
                                                                'min_g': 0},
                                               'fat': {'max_g': 34.900000000000006,
                                                       'min_g': 0},
                                               'protein': {'max_g': 95.9,
                                                           'min_g': 0},
                                               'sugar': {'max_g': 0,
                                                         'min_g': 0}}},
 'reason': 'ì°Œê°œ ë° ì „ê³¨ë¥˜ì˜ ë¼ì§€ê°ˆë¹„ì „ê³¨(ì€)ëŠ” ë‹¨ë°±ì§ˆ ë³´ì¶©ì— ì¢‹ìŠµë‹ˆë‹¤. íŠ€ê¹€ë¥˜ì˜ ë±…ì–´í¬íŠ€ê¹€(ì€)ëŠ” ë‹¨ë°±ì§ˆ ë³´ì¶©ì— ì¢‹ìŠµë‹ˆë‹¤..',
 'recommendations': [{'id': 'T00115', 'name': 'ë¼ì§€ê°ˆë¹„ì „ê³¨'},
                     {'id': 'V00037', 'name': 'ë±…ì–´í¬íŠ€ê¹€'}],
 'timestamp': '2025-05-22T00:24:13.576016',
 'user_profile': {'bmi': 27.8, 'disease_tags_updated': 'obesity,obesity'}}
2025-05-22 00:24:13,577 [INFO] 127.0.0.1 - - [22/May/2025 00:24:13] "POST /recommend HTTP/1.1" 200 -
2025-05-22 00:30:18,522 [INFO] ìŒì‹ ë°ì´í„° ë¡œë“œë¥¼ ì‹œì‘í•©ë‹ˆë‹¤...
2025-05-22 00:30:18,534 [INFO] ì „ì—­ ìŒì‹ ë°ì´í„° ë¡œë“œ ì™„ë£Œ. ì´ 2614ê°œ ìŒì‹.
2025-05-22 00:30:18,558 [INFO] [31m[1mWARNING: This is a development server. Do not use it in a production deployment. Use a production WSGI server instead.[0m
 * Running on all addresses (0.0.0.0)
 * Running on http://127.0.0.1:5001
 * Running on http://192.168.50.82:5001
2025-05-22 00:30:18,558 [INFO] [33mPress CTRL+C to quit[0m
2025-05-22 00:30:18,564 [INFO]  * Restarting with watchdog (fsevents)
2025-05-22 00:30:18,963 [INFO] ìŒì‹ ë°ì´í„° ë¡œë“œë¥¼ ì‹œì‘í•©ë‹ˆë‹¤...
2025-05-22 00:30:18,974 [INFO] ì „ì—­ ìŒì‹ ë°ì´í„° ë¡œë“œ ì™„ë£Œ. ì´ 2614ê°œ ìŒì‹.
2025-05-22 00:30:18,979 [WARNING]  * Debugger is active!
2025-05-22 00:30:18,990 [INFO]  * Debugger PIN: 882-510-111
2025-05-22 00:32:29,685 [INFO] ìš”ì²­ ìˆ˜ì‹  ì‹œê°„: 2025-05-22 00:32:29
2025-05-22 00:32:29,690 [INFO] ìš”ì²­ ë°ì´í„°: {'dishIds': [21, 22, 26, 27],
 'mealCount': 4,
 'nutrients': {'calories': 841.0,
               'carbohydrate': 178.0,
               'fat': 22.0,
               'protein': 61.0,
               'sugar': 28.0},
 'user': {'age': 25,
          'diseaseTags': '',
          'gender': False,
          'height': 180,
          'targetWeight': 40,
          'userId': 2,
          'weight': 90}}
2025-05-22 00:32:29,692 [WARNING] ì ì‹¬ ì˜ì–‘ì†Œ ì •ë³´ ì¤‘ 'sodium' í•„ë“œê°€ ëˆ„ë½ë˜ì–´ 0ìœ¼ë¡œ ê¸°ë³¸ê°’ì„ ì„¤ì •í•©ë‹ˆë‹¤.
2025-05-22 00:32:29,693 [INFO] ê³„ì‚°ëœ BMI: 27.8
2025-05-22 00:32:29,693 [INFO] BMI ê¸°ë°˜ 'obesity' íƒœê·¸ ì¶”ê°€. ì—…ë°ì´íŠ¸ëœ ì§ˆë³‘ íƒœê·¸: obesity
2025-05-22 00:32:29,693 [INFO] ì¼ì¼ ëª©í‘œ EER: 2261.54 kcal, ëª©í‘œ ì˜ì–‘ì†Œ: {'carbohydrate': {'min_g': 254.4, 'max_g': 367.5}, 'protein': {'min_g': 56.5, 'max_g': 197.9}, 'fat': {'min_g': 50.3, 'max_g': 87.9}, 'sugar': {'min_g': 0, 'max_g': 56.5}}
2025-05-22 00:32:29,693 [INFO] ì €ë… ëª©í‘œ ì˜ì–‘ì†Œ: {'carbohydrate': {'min_g': 76.4, 'max_g': 189.5}, 'protein': {'min_g': 0, 'max_g': 136.9}, 'fat': {'min_g': 28.299999999999997, 'max_g': 65.9}, 'sugar': {'min_g': 0, 'max_g': 28.5}}
2025-05-22 00:32:29,710 [INFO] ì¶”ì²œ ê²°ê³¼: {'recommended_dishes': [{'name': 'ë¼ì§€ê°ˆë¹„ì „ê³¨', 'id': 'T00115'}, {'name': 'ìƒˆìš°ì „', 'id': 'P00107'}], 'reason': 'ì°Œê°œ ë° ì „ê³¨ë¥˜ì˜ ë¼ì§€ê°ˆë¹„ì „ê³¨(ì€)ëŠ” ë‹¨ë°±ì§ˆ ë³´ì¶©ì— ì¢‹ìŠµë‹ˆë‹¤. ì „Â·ì  ë° ë¶€ì¹¨ë¥˜ì˜ ìƒˆìš°ì „(ì€)ëŠ” ë‹¨ë°±ì§ˆ ë³´ì¶©ì— ì¢‹ìŠµë‹ˆë‹¤..'}
2025-05-22 00:32:29,711 [INFO] ìµœì¢… ì‘ë‹µ ë°ì´í„°: {'nutrition_targets': {'daily_eer_kcal': 2261.54,
                       'daily_macros_gram': {'carbohydrate': {'max_g': 367.5,
                                                              'min_g': 254.4},
                                             'fat': {'max_g': 87.9,
                                                     'min_g': 50.3},
                                             'protein': {'max_g': 197.9,
                                                         'min_g': 56.5},
                                             'sugar': {'max_g': 56.5,
                                                       'min_g': 0}},
                       'evening_macros_gram': {'carbohydrate': {'max_g': 189.5,
                                                                'min_g': 76.4},
                                               'fat': {'max_g': 65.9,
                                                       'min_g': 28.299999999999997},
                                               'protein': {'max_g': 136.9,
                                                           'min_g': 0},
                                               'sugar': {'max_g': 28.5,
                                                         'min_g': 0}}},
 'reason': 'ì°Œê°œ ë° ì „ê³¨ë¥˜ì˜ ë¼ì§€ê°ˆë¹„ì „ê³¨(ì€)ëŠ” ë‹¨ë°±ì§ˆ ë³´ì¶©ì— ì¢‹ìŠµë‹ˆë‹¤. ì „Â·ì  ë° ë¶€ì¹¨ë¥˜ì˜ ìƒˆìš°ì „(ì€)ëŠ” ë‹¨ë°±ì§ˆ ë³´ì¶©ì— '
           'ì¢‹ìŠµë‹ˆë‹¤..',
 'recommendations': [{'id': 'T00115', 'name': 'ë¼ì§€ê°ˆë¹„ì „ê³¨'},
                     {'id': 'P00107', 'name': 'ìƒˆìš°ì „'}],
 'timestamp': '2025-05-22T00:32:29.711127',
 'user_profile': {'bmi': 27.8, 'disease_tags_updated': 'obesity,obesity'}}
2025-05-22 00:32:29,712 [INFO] 127.0.0.1 - - [22/May/2025 00:32:29] "POST /recommend HTTP/1.1" 200 -
2025-05-22 00:32:43,897 [INFO] ìš”ì²­ ìˆ˜ì‹  ì‹œê°„: 2025-05-22 00:32:43
2025-05-22 00:32:43,899 [INFO] ìš”ì²­ ë°ì´í„°: {'dishIds': [23, 24, 26, 27],
 'mealCount': 4,
 'nutrients': {'calories': 216.0,
               'carbohydrate': 160.0,
               'fat': 43.0,
               'protein': 76.0,
               'sugar': 52.0},
 'user': {'age': 25,
          'diseaseTags': '',
          'gender': False,
          'height': 180,
          'targetWeight': 40,
          'userId': 2,
          'weight': 90}}
2025-05-22 00:32:43,901 [WARNING] ì ì‹¬ ì˜ì–‘ì†Œ ì •ë³´ ì¤‘ 'sodium' í•„ë“œê°€ ëˆ„ë½ë˜ì–´ 0ìœ¼ë¡œ ê¸°ë³¸ê°’ì„ ì„¤ì •í•©ë‹ˆë‹¤.
2025-05-22 00:32:43,901 [INFO] ê³„ì‚°ëœ BMI: 27.8
2025-05-22 00:32:43,901 [INFO] BMI ê¸°ë°˜ 'obesity' íƒœê·¸ ì¶”ê°€. ì—…ë°ì´íŠ¸ëœ ì§ˆë³‘ íƒœê·¸: obesity
2025-05-22 00:32:43,901 [INFO] ì¼ì¼ ëª©í‘œ EER: 2261.54 kcal, ëª©í‘œ ì˜ì–‘ì†Œ: {'carbohydrate': {'min_g': 254.4, 'max_g': 367.5}, 'protein': {'min_g': 56.5, 'max_g': 197.9}, 'fat': {'min_g': 50.3, 'max_g': 87.9}, 'sugar': {'min_g': 0, 'max_g': 56.5}}
2025-05-22 00:32:43,901 [INFO] ì €ë… ëª©í‘œ ì˜ì–‘ì†Œ: {'carbohydrate': {'min_g': 94.4, 'max_g': 207.5}, 'protein': {'min_g': 0, 'max_g': 121.9}, 'fat': {'min_g': 7.299999999999997, 'max_g': 44.900000000000006}, 'sugar': {'min_g': 0, 'max_g': 4.5}}
2025-05-22 00:32:43,911 [INFO] ì¶”ì²œ ê²°ê³¼: {'recommended_dishes': [{'name': 'ëª¨ë“¬ ì´ˆë°¥', 'id': 'G00241'}], 'reason': 'ë°¥ë¥˜ì—ì„œ ëª¨ë“¬ ì´ˆë°¥ ì €ë…ì— í•„ìš”í•œ ë‹¨ë°±ì§ˆ ë³´ì¶©ì— ë„ì›€ë©ë‹ˆë‹¤..'}
2025-05-22 00:32:43,913 [INFO] ìµœì¢… ì‘ë‹µ ë°ì´í„°: {'nutrition_targets': {'daily_eer_kcal': 2261.54,
                       'daily_macros_gram': {'carbohydrate': {'max_g': 367.5,
                                                              'min_g': 254.4},
                                             'fat': {'max_g': 87.9,
                                                     'min_g': 50.3},
                                             'protein': {'max_g': 197.9,
                                                         'min_g': 56.5},
                                             'sugar': {'max_g': 56.5,
                                                       'min_g': 0}},
                       'evening_macros_gram': {'carbohydrate': {'max_g': 207.5,
                                                                'min_g': 94.4},
                                               'fat': {'max_g': 44.900000000000006,
                                                       'min_g': 7.299999999999997},
                                               'protein': {'max_g': 121.9,
                                                           'min_g': 0},
                                               'sugar': {'max_g': 4.5,
                                                         'min_g': 0}}},
 'reason': 'ë°¥ë¥˜ì—ì„œ ëª¨ë“¬ ì´ˆë°¥ ì €ë…ì— í•„ìš”í•œ ë‹¨ë°±ì§ˆ ë³´ì¶©ì— ë„ì›€ë©ë‹ˆë‹¤..',
 'recommendations': [{'id': 'G00241', 'name': 'ëª¨ë“¬ ì´ˆë°¥'}],
 'timestamp': '2025-05-22T00:32:43.912077',
 'user_profile': {'bmi': 27.8, 'disease_tags_updated': 'obesity,obesity'}}
2025-05-22 00:32:43,915 [INFO] 127.0.0.1 - - [22/May/2025 00:32:43] "POST /recommend HTTP/1.1" 200 -
2025-05-22 00:33:36,959 [INFO]  * Detected change in '/Users/yoon/yamyam/YamYamCoach/recommend/recommend_server.py', reloading
2025-05-22 00:33:37,797 [INFO]  * Restarting with watchdog (fsevents)
2025-05-22 00:33:38,393 [INFO] ìŒì‹ ë°ì´í„° ë¡œë“œë¥¼ ì‹œì‘í•©ë‹ˆë‹¤...
2025-05-22 00:33:38,393 [INFO] ìŒì‹ ì •ë³´ CSV ë¡œë“œ ì‹œë„: recommend/data/foods_info.csv
2025-05-22 00:33:38,394 [ERROR] ìŒì‹ ë°ì´í„° CSV íŒŒì¼ì„ ì°¾ì„ ìˆ˜ ì—†ìŠµë‹ˆë‹¤: recommend/data/foods_info.csv. ì „ì²´ ê²½ë¡œ: /Users/yoon/yamyam/YamYamCoach/recommend/recommend/data/foods_info.csv
2025-05-22 00:33:38,394 [ERROR] ìŠ¤í¬ë¦½íŠ¸ ì‹¤í–‰ ìœ„ì¹˜(backend)ì™€ íŒŒì¼ ê²½ë¡œ(recommend/data/)ë¥¼ í™•ì¸í•´ì£¼ì„¸ìš”.
2025-05-22 00:33:38,394 [ERROR] ì „ì—­ ìŒì‹ ë°ì´í„° ë¡œë“œ ì¤‘ ì¹˜ëª…ì  ì˜¤ë¥˜ ë°œìƒ:
Traceback (most recent call last):
  File "/Users/yoon/yamyam/YamYamCoach/recommend/recommend_server.py", line 77, in load_food_data
    info_df = pd.read_csv(info_csv_path)
  File "/Users/yoon/opt/anaconda3/lib/python3.9/site-packages/pandas/io/parsers/readers.py", line 1026, in read_csv
    return _read(filepath_or_buffer, kwds)
  File "/Users/yoon/opt/anaconda3/lib/python3.9/site-packages/pandas/io/parsers/readers.py", line 620, in _read
    parser = TextFileReader(filepath_or_buffer, **kwds)
  File "/Users/yoon/opt/anaconda3/lib/python3.9/site-packages/pandas/io/parsers/readers.py", line 1620, in __init__
    self._engine = self._make_engine(f, self.engine)
  File "/Users/yoon/opt/anaconda3/lib/python3.9/site-packages/pandas/io/parsers/readers.py", line 1880, in _make_engine
    self.handles = get_handle(
  File "/Users/yoon/opt/anaconda3/lib/python3.9/site-packages/pandas/io/common.py", line 873, in get_handle
    handle = open(
FileNotFoundError: [Errno 2] No such file or directory: 'recommend/data/foods_info.csv'

During handling of the above exception, another exception occurred:

Traceback (most recent call last):
  File "/Users/yoon/yamyam/YamYamCoach/recommend/recommend_server.py", line 271, in initialize_food_data
    foods_df_global = load_food_data()
  File "/Users/yoon/yamyam/YamYamCoach/recommend/recommend_server.py", line 106, in load_food_data
    return pd.DataFrame(columns=required_cols) # ë¹ˆ DF ë°˜í™˜
UnboundLocalError: local variable 'required_cols' referenced before assignment
2025-05-22 00:33:38,395 [INFO] ë°ì´í„°ë² ì´ìŠ¤ ì´ˆê¸°í™” ë° CSV ë°ì´í„° ì ì¬ë¥¼ ì‹œì‘í•©ë‹ˆë‹¤...
2025-05-22 00:33:38,395 [INFO] [DB ì‘ì—… 1/5] CSV íŒŒì¼ ë¡œë“œ ì¤‘...
2025-05-22 00:33:38,395 [ERROR] DB ì´ˆê¸°í™”ë¥¼ ìœ„í•œ CSV íŒŒì¼ì„ ì°¾ì„ ìˆ˜ ì—†ìŠµë‹ˆë‹¤: recommend/data/foods_info.csv. ì „ì²´ ê²½ë¡œ: /Users/yoon/yamyam/YamYamCoach/recommend/recommend/data/foods_info.csv
2025-05-22 00:33:38,395 [ERROR] DB ì´ˆê¸°í™” ì¤‘ë‹¨. ì„œë²„ëŠ” ì‹¤í–‰ë˜ì§€ë§Œ DBëŠ” ì—…ë°ì´íŠ¸ë˜ì§€ ì•ŠìŠµë‹ˆë‹¤.
2025-05-22 00:33:38,395 [INFO] ìŒì‹ ë°ì´í„° ë¡œë“œë¥¼ ì‹œì‘í•©ë‹ˆë‹¤...
2025-05-22 00:33:38,395 [INFO] ìŒì‹ ì •ë³´ CSV ë¡œë“œ ì‹œë„: recommend/data/foods_info.csv
2025-05-22 00:33:38,395 [ERROR] ìŒì‹ ë°ì´í„° CSV íŒŒì¼ì„ ì°¾ì„ ìˆ˜ ì—†ìŠµë‹ˆë‹¤: recommend/data/foods_info.csv. ì „ì²´ ê²½ë¡œ: /Users/yoon/yamyam/YamYamCoach/recommend/recommend/data/foods_info.csv
2025-05-22 00:33:38,395 [ERROR] ìŠ¤í¬ë¦½íŠ¸ ì‹¤í–‰ ìœ„ì¹˜(backend)ì™€ íŒŒì¼ ê²½ë¡œ(recommend/data/)ë¥¼ í™•ì¸í•´ì£¼ì„¸ìš”.
2025-05-22 00:33:38,395 [ERROR] ì „ì—­ ìŒì‹ ë°ì´í„° ë¡œë“œ ì¤‘ ì¹˜ëª…ì  ì˜¤ë¥˜ ë°œìƒ:
Traceback (most recent call last):
  File "/Users/yoon/yamyam/YamYamCoach/recommend/recommend_server.py", line 77, in load_food_data
    info_df = pd.read_csv(info_csv_path)
  File "/Users/yoon/opt/anaconda3/lib/python3.9/site-packages/pandas/io/parsers/readers.py", line 1026, in read_csv
    return _read(filepath_or_buffer, kwds)
  File "/Users/yoon/opt/anaconda3/lib/python3.9/site-packages/pandas/io/parsers/readers.py", line 620, in _read
    parser = TextFileReader(filepath_or_buffer, **kwds)
  File "/Users/yoon/opt/anaconda3/lib/python3.9/site-packages/pandas/io/parsers/readers.py", line 1620, in __init__
    self._engine = self._make_engine(f, self.engine)
  File "/Users/yoon/opt/anaconda3/lib/python3.9/site-packages/pandas/io/parsers/readers.py", line 1880, in _make_engine
    self.handles = get_handle(
  File "/Users/yoon/opt/anaconda3/lib/python3.9/site-packages/pandas/io/common.py", line 873, in get_handle
    handle = open(
FileNotFoundError: [Errno 2] No such file or directory: 'recommend/data/foods_info.csv'

During handling of the above exception, another exception occurred:

Traceback (most recent call last):
  File "/Users/yoon/yamyam/YamYamCoach/recommend/recommend_server.py", line 271, in initialize_food_data
    foods_df_global = load_food_data()
  File "/Users/yoon/yamyam/YamYamCoach/recommend/recommend_server.py", line 106, in load_food_data
    return pd.DataFrame(columns=required_cols) # ë¹ˆ DF ë°˜í™˜
UnboundLocalError: local variable 'required_cols' referenced before assignment
2025-05-22 00:33:38,396 [INFO] ==================================================
2025-05-22 00:33:38,396 [INFO] ===== ì‹ë‹¨ ì¶”ì²œ ì‹œìŠ¤í…œ ì„œë²„ ì‹œì‘ (recSys_demo ì—°ë™, DB ìë™ ì´ˆê¸°í™”) =====
2025-05-22 00:33:38,396 [WARNING] ê²½ê³ : ì¸ë©”ëª¨ë¦¬ ìŒì‹ ë°ì´í„°(Pandas DF)ê°€ ì •ìƒì ìœ¼ë¡œ ë¡œë“œë˜ì§€ ì•Šì•˜ìŠµë‹ˆë‹¤.
2025-05-22 00:33:38,397 [INFO] ìš”ì²­ ë¡œê·¸ëŠ” recommendation_requests.log íŒŒì¼ì— ì €ì¥ë©ë‹ˆë‹¤.
2025-05-22 00:33:38,397 [INFO] Flask ì„œë²„ ì‹¤í–‰: host=0.0.0.0, port=5001, debug=True
2025-05-22 00:33:38,397 [INFO] ==================================================
2025-05-22 00:33:38,402 [WARNING]  * Debugger is active!
2025-05-22 00:33:38,413 [INFO]  * Debugger PIN: 882-510-111
2025-05-22 00:34:40,095 [INFO]  * Detected change in '/Users/yoon/yamyam/YamYamCoach/recommend/recommend_server.py', reloading
2025-05-22 00:34:41,081 [INFO]  * Restarting with watchdog (fsevents)
2025-05-22 00:34:41,643 [INFO] ìŒì‹ ë°ì´í„° ë¡œë“œë¥¼ ì‹œì‘í•©ë‹ˆë‹¤...
2025-05-22 00:34:41,643 [INFO] ìŒì‹ ì •ë³´ CSV ë¡œë“œ ì‹œë„: recommend/data/foods_info.csv
2025-05-22 00:34:41,644 [ERROR] ìŒì‹ ë°ì´í„° CSV íŒŒì¼ì„ ì°¾ì„ ìˆ˜ ì—†ìŠµë‹ˆë‹¤: recommend/data/foods_info.csv. ì „ì²´ ê²½ë¡œ: /Users/yoon/yamyam/YamYamCoach/recommend/recommend/data/foods_info.csv
2025-05-22 00:34:41,644 [ERROR] ìŠ¤í¬ë¦½íŠ¸ ì‹¤í–‰ ìœ„ì¹˜(backend)ì™€ íŒŒì¼ ê²½ë¡œ(recommend/data/)ë¥¼ í™•ì¸í•´ì£¼ì„¸ìš”.
2025-05-22 00:34:41,644 [ERROR] ì „ì—­ ìŒì‹ ë°ì´í„° ë¡œë“œ ì¤‘ ì¹˜ëª…ì  ì˜¤ë¥˜ ë°œìƒ:
Traceback (most recent call last):
  File "/Users/yoon/yamyam/YamYamCoach/recommend/recommend_server.py", line 77, in load_food_data
    info_df = pd.read_csv(info_csv_path)
  File "/Users/yoon/opt/anaconda3/lib/python3.9/site-packages/pandas/io/parsers/readers.py", line 1026, in read_csv
    return _read(filepath_or_buffer, kwds)
  File "/Users/yoon/opt/anaconda3/lib/python3.9/site-packages/pandas/io/parsers/readers.py", line 620, in _read
    parser = TextFileReader(filepath_or_buffer, **kwds)
  File "/Users/yoon/opt/anaconda3/lib/python3.9/site-packages/pandas/io/parsers/readers.py", line 1620, in __init__
    self._engine = self._make_engine(f, self.engine)
  File "/Users/yoon/opt/anaconda3/lib/python3.9/site-packages/pandas/io/parsers/readers.py", line 1880, in _make_engine
    self.handles = get_handle(
  File "/Users/yoon/opt/anaconda3/lib/python3.9/site-packages/pandas/io/common.py", line 873, in get_handle
    handle = open(
FileNotFoundError: [Errno 2] No such file or directory: 'recommend/data/foods_info.csv'

During handling of the above exception, another exception occurred:

Traceback (most recent call last):
  File "/Users/yoon/yamyam/YamYamCoach/recommend/recommend_server.py", line 271, in initialize_food_data
    foods_df_global = load_food_data()
  File "/Users/yoon/yamyam/YamYamCoach/recommend/recommend_server.py", line 106, in load_food_data
    return pd.DataFrame(columns=required_cols) # ë¹ˆ DF ë°˜í™˜
UnboundLocalError: local variable 'required_cols' referenced before assignment
2025-05-22 00:34:41,645 [INFO] ë°ì´í„°ë² ì´ìŠ¤ ì´ˆê¸°í™” ë° CSV ë°ì´í„° ì ì¬ë¥¼ ì‹œì‘í•©ë‹ˆë‹¤...
2025-05-22 00:34:41,645 [INFO] [DB ì‘ì—… 1/5] CSV íŒŒì¼ ë¡œë“œ ì¤‘...
2025-05-22 00:34:41,645 [ERROR] DB ì´ˆê¸°í™”ë¥¼ ìœ„í•œ CSV íŒŒì¼ì„ ì°¾ì„ ìˆ˜ ì—†ìŠµë‹ˆë‹¤: recommend/data/foods_info.csv. ì „ì²´ ê²½ë¡œ: /Users/yoon/yamyam/YamYamCoach/recommend/recommend/data/foods_info.csv
2025-05-22 00:34:41,645 [ERROR] DB ì´ˆê¸°í™” ì¤‘ë‹¨. ì„œë²„ëŠ” ì‹¤í–‰ë˜ì§€ë§Œ DBëŠ” ì—…ë°ì´íŠ¸ë˜ì§€ ì•ŠìŠµë‹ˆë‹¤.
2025-05-22 00:34:41,645 [INFO] ìŒì‹ ë°ì´í„° ë¡œë“œë¥¼ ì‹œì‘í•©ë‹ˆë‹¤...
2025-05-22 00:34:41,645 [INFO] ìŒì‹ ì •ë³´ CSV ë¡œë“œ ì‹œë„: recommend/data/foods_info.csv
2025-05-22 00:34:41,645 [ERROR] ìŒì‹ ë°ì´í„° CSV íŒŒì¼ì„ ì°¾ì„ ìˆ˜ ì—†ìŠµë‹ˆë‹¤: recommend/data/foods_info.csv. ì „ì²´ ê²½ë¡œ: /Users/yoon/yamyam/YamYamCoach/recommend/recommend/data/foods_info.csv
2025-05-22 00:34:41,645 [ERROR] ìŠ¤í¬ë¦½íŠ¸ ì‹¤í–‰ ìœ„ì¹˜(backend)ì™€ íŒŒì¼ ê²½ë¡œ(recommend/data/)ë¥¼ í™•ì¸í•´ì£¼ì„¸ìš”.
2025-05-22 00:34:41,645 [ERROR] ì „ì—­ ìŒì‹ ë°ì´í„° ë¡œë“œ ì¤‘ ì¹˜ëª…ì  ì˜¤ë¥˜ ë°œìƒ:
Traceback (most recent call last):
  File "/Users/yoon/yamyam/YamYamCoach/recommend/recommend_server.py", line 77, in load_food_data
    info_df = pd.read_csv(info_csv_path)
  File "/Users/yoon/opt/anaconda3/lib/python3.9/site-packages/pandas/io/parsers/readers.py", line 1026, in read_csv
    return _read(filepath_or_buffer, kwds)
  File "/Users/yoon/opt/anaconda3/lib/python3.9/site-packages/pandas/io/parsers/readers.py", line 620, in _read
    parser = TextFileReader(filepath_or_buffer, **kwds)
  File "/Users/yoon/opt/anaconda3/lib/python3.9/site-packages/pandas/io/parsers/readers.py", line 1620, in __init__
    self._engine = self._make_engine(f, self.engine)
  File "/Users/yoon/opt/anaconda3/lib/python3.9/site-packages/pandas/io/parsers/readers.py", line 1880, in _make_engine
    self.handles = get_handle(
  File "/Users/yoon/opt/anaconda3/lib/python3.9/site-packages/pandas/io/common.py", line 873, in get_handle
    handle = open(
FileNotFoundError: [Errno 2] No such file or directory: 'recommend/data/foods_info.csv'

During handling of the above exception, another exception occurred:

Traceback (most recent call last):
  File "/Users/yoon/yamyam/YamYamCoach/recommend/recommend_server.py", line 271, in initialize_food_data
    foods_df_global = load_food_data()
  File "/Users/yoon/yamyam/YamYamCoach/recommend/recommend_server.py", line 106, in load_food_data
    return pd.DataFrame(columns=required_cols) # ë¹ˆ DF ë°˜í™˜
UnboundLocalError: local variable 'required_cols' referenced before assignment
2025-05-22 00:34:41,645 [INFO] ==================================================
2025-05-22 00:34:41,645 [INFO] ===== ì‹ë‹¨ ì¶”ì²œ ì‹œìŠ¤í…œ ì„œë²„ ì‹œì‘ (recSys_demo ì—°ë™, DB ìë™ ì´ˆê¸°í™”) =====
2025-05-22 00:34:41,645 [WARNING] ê²½ê³ : ì¸ë©”ëª¨ë¦¬ ìŒì‹ ë°ì´í„°(Pandas DF)ê°€ ì •ìƒì ìœ¼ë¡œ ë¡œë“œë˜ì§€ ì•Šì•˜ìŠµë‹ˆë‹¤.
2025-05-22 00:34:41,645 [INFO] ìš”ì²­ ë¡œê·¸ëŠ” recommendation_requests.log íŒŒì¼ì— ì €ì¥ë©ë‹ˆë‹¤.
2025-05-22 00:34:41,646 [INFO] Flask ì„œë²„ ì‹¤í–‰: host=0.0.0.0, port=5001, debug=True
2025-05-22 00:34:41,646 [INFO] ==================================================
2025-05-22 00:34:41,651 [WARNING]  * Debugger is active!
2025-05-22 00:34:41,659 [INFO]  * Debugger PIN: 882-510-111
2025-05-22 00:34:45,985 [INFO] ìŒì‹ ë°ì´í„° ë¡œë“œë¥¼ ì‹œì‘í•©ë‹ˆë‹¤...
2025-05-22 00:34:45,985 [INFO] ìŒì‹ ì •ë³´ CSV ë¡œë“œ ì‹œë„: recommend/data/foods_info.csv
2025-05-22 00:34:45,985 [ERROR] ìŒì‹ ë°ì´í„° CSV íŒŒì¼ì„ ì°¾ì„ ìˆ˜ ì—†ìŠµë‹ˆë‹¤: recommend/data/foods_info.csv. ì „ì²´ ê²½ë¡œ: /Users/yoon/yamyam/YamYamCoach/recommend/recommend/data/foods_info.csv
2025-05-22 00:34:45,985 [ERROR] ìŠ¤í¬ë¦½íŠ¸ ì‹¤í–‰ ìœ„ì¹˜(backend)ì™€ íŒŒì¼ ê²½ë¡œ(recommend/data/)ë¥¼ í™•ì¸í•´ì£¼ì„¸ìš”.
2025-05-22 00:34:45,985 [ERROR] ì „ì—­ ìŒì‹ ë°ì´í„° ë¡œë“œ ì¤‘ ì¹˜ëª…ì  ì˜¤ë¥˜ ë°œìƒ:
Traceback (most recent call last):
  File "/Users/yoon/yamyam/YamYamCoach/recommend/recommend_server.py", line 77, in load_food_data
    info_df = pd.read_csv(info_csv_path)
  File "/Users/yoon/opt/anaconda3/lib/python3.9/site-packages/pandas/io/parsers/readers.py", line 1026, in read_csv
    return _read(filepath_or_buffer, kwds)
  File "/Users/yoon/opt/anaconda3/lib/python3.9/site-packages/pandas/io/parsers/readers.py", line 620, in _read
    parser = TextFileReader(filepath_or_buffer, **kwds)
  File "/Users/yoon/opt/anaconda3/lib/python3.9/site-packages/pandas/io/parsers/readers.py", line 1620, in __init__
    self._engine = self._make_engine(f, self.engine)
  File "/Users/yoon/opt/anaconda3/lib/python3.9/site-packages/pandas/io/parsers/readers.py", line 1880, in _make_engine
    self.handles = get_handle(
  File "/Users/yoon/opt/anaconda3/lib/python3.9/site-packages/pandas/io/common.py", line 873, in get_handle
    handle = open(
FileNotFoundError: [Errno 2] No such file or directory: 'recommend/data/foods_info.csv'

During handling of the above exception, another exception occurred:

Traceback (most recent call last):
  File "/Users/yoon/yamyam/YamYamCoach/recommend/recommend_server.py", line 271, in initialize_food_data
    foods_df_global = load_food_data()
  File "/Users/yoon/yamyam/YamYamCoach/recommend/recommend_server.py", line 106, in load_food_data
    return pd.DataFrame(columns=required_cols) # ë¹ˆ DF ë°˜í™˜
UnboundLocalError: local variable 'required_cols' referenced before assignment
2025-05-22 00:34:45,987 [INFO] ë°ì´í„°ë² ì´ìŠ¤ ì´ˆê¸°í™” ë° CSV ë°ì´í„° ì ì¬ë¥¼ ì‹œì‘í•©ë‹ˆë‹¤...
2025-05-22 00:34:45,987 [INFO] [DB ì‘ì—… 1/5] CSV íŒŒì¼ ë¡œë“œ ì¤‘...
2025-05-22 00:34:45,987 [ERROR] DB ì´ˆê¸°í™”ë¥¼ ìœ„í•œ CSV íŒŒì¼ì„ ì°¾ì„ ìˆ˜ ì—†ìŠµë‹ˆë‹¤: recommend/data/foods_info.csv. ì „ì²´ ê²½ë¡œ: /Users/yoon/yamyam/YamYamCoach/recommend/recommend/data/foods_info.csv
2025-05-22 00:34:45,987 [ERROR] DB ì´ˆê¸°í™” ì¤‘ë‹¨. ì„œë²„ëŠ” ì‹¤í–‰ë˜ì§€ë§Œ DBëŠ” ì—…ë°ì´íŠ¸ë˜ì§€ ì•ŠìŠµë‹ˆë‹¤.
2025-05-22 00:34:45,987 [INFO] ìŒì‹ ë°ì´í„° ë¡œë“œë¥¼ ì‹œì‘í•©ë‹ˆë‹¤...
2025-05-22 00:34:45,987 [INFO] ìŒì‹ ì •ë³´ CSV ë¡œë“œ ì‹œë„: recommend/data/foods_info.csv
2025-05-22 00:34:45,987 [ERROR] ìŒì‹ ë°ì´í„° CSV íŒŒì¼ì„ ì°¾ì„ ìˆ˜ ì—†ìŠµë‹ˆë‹¤: recommend/data/foods_info.csv. ì „ì²´ ê²½ë¡œ: /Users/yoon/yamyam/YamYamCoach/recommend/recommend/data/foods_info.csv
2025-05-22 00:34:45,987 [ERROR] ìŠ¤í¬ë¦½íŠ¸ ì‹¤í–‰ ìœ„ì¹˜(backend)ì™€ íŒŒì¼ ê²½ë¡œ(recommend/data/)ë¥¼ í™•ì¸í•´ì£¼ì„¸ìš”.
2025-05-22 00:34:45,987 [ERROR] ì „ì—­ ìŒì‹ ë°ì´í„° ë¡œë“œ ì¤‘ ì¹˜ëª…ì  ì˜¤ë¥˜ ë°œìƒ:
Traceback (most recent call last):
  File "/Users/yoon/yamyam/YamYamCoach/recommend/recommend_server.py", line 77, in load_food_data
    info_df = pd.read_csv(info_csv_path)
  File "/Users/yoon/opt/anaconda3/lib/python3.9/site-packages/pandas/io/parsers/readers.py", line 1026, in read_csv
    return _read(filepath_or_buffer, kwds)
  File "/Users/yoon/opt/anaconda3/lib/python3.9/site-packages/pandas/io/parsers/readers.py", line 620, in _read
    parser = TextFileReader(filepath_or_buffer, **kwds)
  File "/Users/yoon/opt/anaconda3/lib/python3.9/site-packages/pandas/io/parsers/readers.py", line 1620, in __init__
    self._engine = self._make_engine(f, self.engine)
  File "/Users/yoon/opt/anaconda3/lib/python3.9/site-packages/pandas/io/parsers/readers.py", line 1880, in _make_engine
    self.handles = get_handle(
  File "/Users/yoon/opt/anaconda3/lib/python3.9/site-packages/pandas/io/common.py", line 873, in get_handle
    handle = open(
FileNotFoundError: [Errno 2] No such file or directory: 'recommend/data/foods_info.csv'

During handling of the above exception, another exception occurred:

Traceback (most recent call last):
  File "/Users/yoon/yamyam/YamYamCoach/recommend/recommend_server.py", line 271, in initialize_food_data
    foods_df_global = load_food_data()
  File "/Users/yoon/yamyam/YamYamCoach/recommend/recommend_server.py", line 106, in load_food_data
    return pd.DataFrame(columns=required_cols) # ë¹ˆ DF ë°˜í™˜
UnboundLocalError: local variable 'required_cols' referenced before assignment
2025-05-22 00:34:45,988 [INFO] ==================================================
2025-05-22 00:34:45,988 [INFO] ===== ì‹ë‹¨ ì¶”ì²œ ì‹œìŠ¤í…œ ì„œë²„ ì‹œì‘ (recSys_demo ì—°ë™, DB ìë™ ì´ˆê¸°í™”) =====
2025-05-22 00:34:45,988 [WARNING] ê²½ê³ : ì¸ë©”ëª¨ë¦¬ ìŒì‹ ë°ì´í„°(Pandas DF)ê°€ ì •ìƒì ìœ¼ë¡œ ë¡œë“œë˜ì§€ ì•Šì•˜ìŠµë‹ˆë‹¤.
2025-05-22 00:34:45,988 [INFO] ìš”ì²­ ë¡œê·¸ëŠ” recommendation_requests.log íŒŒì¼ì— ì €ì¥ë©ë‹ˆë‹¤.
2025-05-22 00:34:45,988 [INFO] Flask ì„œë²„ ì‹¤í–‰: host=0.0.0.0, port=5001, debug=True
2025-05-22 00:34:45,988 [INFO] ==================================================
2025-05-22 00:34:46,006 [INFO] [31m[1mWARNING: This is a development server. Do not use it in a production deployment. Use a production WSGI server instead.[0m
 * Running on all addresses (0.0.0.0)
 * Running on http://127.0.0.1:5001
 * Running on http://192.168.50.82:5001
2025-05-22 00:34:46,006 [INFO] [33mPress CTRL+C to quit[0m
2025-05-22 00:34:46,010 [INFO]  * Restarting with watchdog (fsevents)
2025-05-22 00:34:46,424 [INFO] ìŒì‹ ë°ì´í„° ë¡œë“œë¥¼ ì‹œì‘í•©ë‹ˆë‹¤...
2025-05-22 00:34:46,424 [INFO] ìŒì‹ ì •ë³´ CSV ë¡œë“œ ì‹œë„: recommend/data/foods_info.csv
2025-05-22 00:34:46,424 [ERROR] ìŒì‹ ë°ì´í„° CSV íŒŒì¼ì„ ì°¾ì„ ìˆ˜ ì—†ìŠµë‹ˆë‹¤: recommend/data/foods_info.csv. ì „ì²´ ê²½ë¡œ: /Users/yoon/yamyam/YamYamCoach/recommend/recommend/data/foods_info.csv
2025-05-22 00:34:46,424 [ERROR] ìŠ¤í¬ë¦½íŠ¸ ì‹¤í–‰ ìœ„ì¹˜(backend)ì™€ íŒŒì¼ ê²½ë¡œ(recommend/data/)ë¥¼ í™•ì¸í•´ì£¼ì„¸ìš”.
2025-05-22 00:34:46,425 [ERROR] ì „ì—­ ìŒì‹ ë°ì´í„° ë¡œë“œ ì¤‘ ì¹˜ëª…ì  ì˜¤ë¥˜ ë°œìƒ:
Traceback (most recent call last):
  File "/Users/yoon/yamyam/YamYamCoach/recommend/recommend_server.py", line 77, in load_food_data
    info_df = pd.read_csv(info_csv_path)
  File "/Users/yoon/opt/anaconda3/lib/python3.9/site-packages/pandas/io/parsers/readers.py", line 1026, in read_csv
    return _read(filepath_or_buffer, kwds)
  File "/Users/yoon/opt/anaconda3/lib/python3.9/site-packages/pandas/io/parsers/readers.py", line 620, in _read
    parser = TextFileReader(filepath_or_buffer, **kwds)
  File "/Users/yoon/opt/anaconda3/lib/python3.9/site-packages/pandas/io/parsers/readers.py", line 1620, in __init__
    self._engine = self._make_engine(f, self.engine)
  File "/Users/yoon/opt/anaconda3/lib/python3.9/site-packages/pandas/io/parsers/readers.py", line 1880, in _make_engine
    self.handles = get_handle(
  File "/Users/yoon/opt/anaconda3/lib/python3.9/site-packages/pandas/io/common.py", line 873, in get_handle
    handle = open(
FileNotFoundError: [Errno 2] No such file or directory: 'recommend/data/foods_info.csv'

During handling of the above exception, another exception occurred:

Traceback (most recent call last):
  File "/Users/yoon/yamyam/YamYamCoach/recommend/recommend_server.py", line 271, in initialize_food_data
    foods_df_global = load_food_data()
  File "/Users/yoon/yamyam/YamYamCoach/recommend/recommend_server.py", line 106, in load_food_data
    return pd.DataFrame(columns=required_cols) # ë¹ˆ DF ë°˜í™˜
UnboundLocalError: local variable 'required_cols' referenced before assignment
2025-05-22 00:34:46,425 [INFO] ë°ì´í„°ë² ì´ìŠ¤ ì´ˆê¸°í™” ë° CSV ë°ì´í„° ì ì¬ë¥¼ ì‹œì‘í•©ë‹ˆë‹¤...
2025-05-22 00:34:46,425 [INFO] [DB ì‘ì—… 1/5] CSV íŒŒì¼ ë¡œë“œ ì¤‘...
2025-05-22 00:34:46,425 [ERROR] DB ì´ˆê¸°í™”ë¥¼ ìœ„í•œ CSV íŒŒì¼ì„ ì°¾ì„ ìˆ˜ ì—†ìŠµë‹ˆë‹¤: recommend/data/foods_info.csv. ì „ì²´ ê²½ë¡œ: /Users/yoon/yamyam/YamYamCoach/recommend/recommend/data/foods_info.csv
2025-05-22 00:34:46,426 [ERROR] DB ì´ˆê¸°í™” ì¤‘ë‹¨. ì„œë²„ëŠ” ì‹¤í–‰ë˜ì§€ë§Œ DBëŠ” ì—…ë°ì´íŠ¸ë˜ì§€ ì•ŠìŠµë‹ˆë‹¤.
2025-05-22 00:34:46,426 [INFO] ìŒì‹ ë°ì´í„° ë¡œë“œë¥¼ ì‹œì‘í•©ë‹ˆë‹¤...
2025-05-22 00:34:46,426 [INFO] ìŒì‹ ì •ë³´ CSV ë¡œë“œ ì‹œë„: recommend/data/foods_info.csv
2025-05-22 00:34:46,426 [ERROR] ìŒì‹ ë°ì´í„° CSV íŒŒì¼ì„ ì°¾ì„ ìˆ˜ ì—†ìŠµë‹ˆë‹¤: recommend/data/foods_info.csv. ì „ì²´ ê²½ë¡œ: /Users/yoon/yamyam/YamYamCoach/recommend/recommend/data/foods_info.csv
2025-05-22 00:34:46,426 [ERROR] ìŠ¤í¬ë¦½íŠ¸ ì‹¤í–‰ ìœ„ì¹˜(backend)ì™€ íŒŒì¼ ê²½ë¡œ(recommend/data/)ë¥¼ í™•ì¸í•´ì£¼ì„¸ìš”.
2025-05-22 00:34:46,426 [ERROR] ì „ì—­ ìŒì‹ ë°ì´í„° ë¡œë“œ ì¤‘ ì¹˜ëª…ì  ì˜¤ë¥˜ ë°œìƒ:
Traceback (most recent call last):
  File "/Users/yoon/yamyam/YamYamCoach/recommend/recommend_server.py", line 77, in load_food_data
    info_df = pd.read_csv(info_csv_path)
  File "/Users/yoon/opt/anaconda3/lib/python3.9/site-packages/pandas/io/parsers/readers.py", line 1026, in read_csv
    return _read(filepath_or_buffer, kwds)
  File "/Users/yoon/opt/anaconda3/lib/python3.9/site-packages/pandas/io/parsers/readers.py", line 620, in _read
    parser = TextFileReader(filepath_or_buffer, **kwds)
  File "/Users/yoon/opt/anaconda3/lib/python3.9/site-packages/pandas/io/parsers/readers.py", line 1620, in __init__
    self._engine = self._make_engine(f, self.engine)
  File "/Users/yoon/opt/anaconda3/lib/python3.9/site-packages/pandas/io/parsers/readers.py", line 1880, in _make_engine
    self.handles = get_handle(
  File "/Users/yoon/opt/anaconda3/lib/python3.9/site-packages/pandas/io/common.py", line 873, in get_handle
    handle = open(
FileNotFoundError: [Errno 2] No such file or directory: 'recommend/data/foods_info.csv'

During handling of the above exception, another exception occurred:

Traceback (most recent call last):
  File "/Users/yoon/yamyam/YamYamCoach/recommend/recommend_server.py", line 271, in initialize_food_data
    foods_df_global = load_food_data()
  File "/Users/yoon/yamyam/YamYamCoach/recommend/recommend_server.py", line 106, in load_food_data
    return pd.DataFrame(columns=required_cols) # ë¹ˆ DF ë°˜í™˜
UnboundLocalError: local variable 'required_cols' referenced before assignment
2025-05-22 00:34:46,426 [INFO] ==================================================
2025-05-22 00:34:46,426 [INFO] ===== ì‹ë‹¨ ì¶”ì²œ ì‹œìŠ¤í…œ ì„œë²„ ì‹œì‘ (recSys_demo ì—°ë™, DB ìë™ ì´ˆê¸°í™”) =====
2025-05-22 00:34:46,426 [WARNING] ê²½ê³ : ì¸ë©”ëª¨ë¦¬ ìŒì‹ ë°ì´í„°(Pandas DF)ê°€ ì •ìƒì ìœ¼ë¡œ ë¡œë“œë˜ì§€ ì•Šì•˜ìŠµë‹ˆë‹¤.
2025-05-22 00:34:46,427 [INFO] ìš”ì²­ ë¡œê·¸ëŠ” recommendation_requests.log íŒŒì¼ì— ì €ì¥ë©ë‹ˆë‹¤.
2025-05-22 00:34:46,427 [INFO] Flask ì„œë²„ ì‹¤í–‰: host=0.0.0.0, port=5001, debug=True
2025-05-22 00:34:46,427 [INFO] ==================================================
2025-05-22 00:34:46,429 [WARNING]  * Debugger is active!
2025-05-22 00:34:46,436 [INFO]  * Debugger PIN: 882-510-111
2025-05-22 00:35:50,368 [INFO] ìŒì‹ ë°ì´í„° ë¡œë“œë¥¼ ì‹œì‘í•©ë‹ˆë‹¤...
2025-05-22 00:35:50,368 [INFO] ìŒì‹ ì •ë³´ CSV ë¡œë“œ ì‹œë„: recommend/data/foods_info.csv
2025-05-22 00:35:50,368 [ERROR] ìŒì‹ ë°ì´í„° CSV íŒŒì¼ì„ ì°¾ì„ ìˆ˜ ì—†ìŠµë‹ˆë‹¤: recommend/data/foods_info.csv. ì „ì²´ ê²½ë¡œ: /Users/yoon/yamyam/YamYamCoach/recommend/recommend/data/foods_info.csv
2025-05-22 00:35:50,368 [ERROR] ìŠ¤í¬ë¦½íŠ¸ ì‹¤í–‰ ìœ„ì¹˜(backend)ì™€ íŒŒì¼ ê²½ë¡œ(recommend/data/)ë¥¼ í™•ì¸í•´ì£¼ì„¸ìš”.
2025-05-22 00:35:50,369 [ERROR] ì „ì—­ ìŒì‹ ë°ì´í„° ë¡œë“œ ì¤‘ ì¹˜ëª…ì  ì˜¤ë¥˜ ë°œìƒ:
Traceback (most recent call last):
  File "/Users/yoon/yamyam/YamYamCoach/recommend/recommend_server.py", line 77, in load_food_data
    info_df = pd.read_csv(info_csv_path)
  File "/Users/yoon/opt/anaconda3/lib/python3.9/site-packages/pandas/io/parsers/readers.py", line 1026, in read_csv
    return _read(filepath_or_buffer, kwds)
  File "/Users/yoon/opt/anaconda3/lib/python3.9/site-packages/pandas/io/parsers/readers.py", line 620, in _read
    parser = TextFileReader(filepath_or_buffer, **kwds)
  File "/Users/yoon/opt/anaconda3/lib/python3.9/site-packages/pandas/io/parsers/readers.py", line 1620, in __init__
    self._engine = self._make_engine(f, self.engine)
  File "/Users/yoon/opt/anaconda3/lib/python3.9/site-packages/pandas/io/parsers/readers.py", line 1880, in _make_engine
    self.handles = get_handle(
  File "/Users/yoon/opt/anaconda3/lib/python3.9/site-packages/pandas/io/common.py", line 873, in get_handle
    handle = open(
FileNotFoundError: [Errno 2] No such file or directory: 'recommend/data/foods_info.csv'

During handling of the above exception, another exception occurred:

Traceback (most recent call last):
  File "/Users/yoon/yamyam/YamYamCoach/recommend/recommend_server.py", line 271, in initialize_food_data
    foods_df_global = load_food_data()
  File "/Users/yoon/yamyam/YamYamCoach/recommend/recommend_server.py", line 106, in load_food_data
    return pd.DataFrame(columns=required_cols) # ë¹ˆ DF ë°˜í™˜
UnboundLocalError: local variable 'required_cols' referenced before assignment
2025-05-22 00:35:50,370 [INFO] ë°ì´í„°ë² ì´ìŠ¤ ì´ˆê¸°í™” ë° CSV ë°ì´í„° ì ì¬ë¥¼ ì‹œì‘í•©ë‹ˆë‹¤...
2025-05-22 00:35:50,370 [INFO] [DB ì‘ì—… 1/5] CSV íŒŒì¼ ë¡œë“œ ì¤‘...
2025-05-22 00:35:50,370 [ERROR] DB ì´ˆê¸°í™”ë¥¼ ìœ„í•œ CSV íŒŒì¼ì„ ì°¾ì„ ìˆ˜ ì—†ìŠµë‹ˆë‹¤: recommend/data/foods_info.csv. ì „ì²´ ê²½ë¡œ: /Users/yoon/yamyam/YamYamCoach/recommend/recommend/data/foods_info.csv
2025-05-22 00:35:50,370 [ERROR] DB ì´ˆê¸°í™” ì¤‘ë‹¨. ì„œë²„ëŠ” ì‹¤í–‰ë˜ì§€ë§Œ DBëŠ” ì—…ë°ì´íŠ¸ë˜ì§€ ì•ŠìŠµë‹ˆë‹¤.
2025-05-22 00:35:50,370 [INFO] ìŒì‹ ë°ì´í„° ë¡œë“œë¥¼ ì‹œì‘í•©ë‹ˆë‹¤...
2025-05-22 00:35:50,370 [INFO] ìŒì‹ ì •ë³´ CSV ë¡œë“œ ì‹œë„: recommend/data/foods_info.csv
2025-05-22 00:35:50,370 [ERROR] ìŒì‹ ë°ì´í„° CSV íŒŒì¼ì„ ì°¾ì„ ìˆ˜ ì—†ìŠµë‹ˆë‹¤: recommend/data/foods_info.csv. ì „ì²´ ê²½ë¡œ: /Users/yoon/yamyam/YamYamCoach/recommend/recommend/data/foods_info.csv
2025-05-22 00:35:50,370 [ERROR] ìŠ¤í¬ë¦½íŠ¸ ì‹¤í–‰ ìœ„ì¹˜(backend)ì™€ íŒŒì¼ ê²½ë¡œ(recommend/data/)ë¥¼ í™•ì¸í•´ì£¼ì„¸ìš”.
2025-05-22 00:35:50,370 [ERROR] ì „ì—­ ìŒì‹ ë°ì´í„° ë¡œë“œ ì¤‘ ì¹˜ëª…ì  ì˜¤ë¥˜ ë°œìƒ:
Traceback (most recent call last):
  File "/Users/yoon/yamyam/YamYamCoach/recommend/recommend_server.py", line 77, in load_food_data
    info_df = pd.read_csv(info_csv_path)
  File "/Users/yoon/opt/anaconda3/lib/python3.9/site-packages/pandas/io/parsers/readers.py", line 1026, in read_csv
    return _read(filepath_or_buffer, kwds)
  File "/Users/yoon/opt/anaconda3/lib/python3.9/site-packages/pandas/io/parsers/readers.py", line 620, in _read
    parser = TextFileReader(filepath_or_buffer, **kwds)
  File "/Users/yoon/opt/anaconda3/lib/python3.9/site-packages/pandas/io/parsers/readers.py", line 1620, in __init__
    self._engine = self._make_engine(f, self.engine)
  File "/Users/yoon/opt/anaconda3/lib/python3.9/site-packages/pandas/io/parsers/readers.py", line 1880, in _make_engine
    self.handles = get_handle(
  File "/Users/yoon/opt/anaconda3/lib/python3.9/site-packages/pandas/io/common.py", line 873, in get_handle
    handle = open(
FileNotFoundError: [Errno 2] No such file or directory: 'recommend/data/foods_info.csv'

During handling of the above exception, another exception occurred:

Traceback (most recent call last):
  File "/Users/yoon/yamyam/YamYamCoach/recommend/recommend_server.py", line 271, in initialize_food_data
    foods_df_global = load_food_data()
  File "/Users/yoon/yamyam/YamYamCoach/recommend/recommend_server.py", line 106, in load_food_data
    return pd.DataFrame(columns=required_cols) # ë¹ˆ DF ë°˜í™˜
UnboundLocalError: local variable 'required_cols' referenced before assignment
2025-05-22 00:35:50,371 [INFO] ==================================================
2025-05-22 00:35:50,371 [INFO] ===== ì‹ë‹¨ ì¶”ì²œ ì‹œìŠ¤í…œ ì„œë²„ ì‹œì‘ (recSys_demo ì—°ë™, DB ìë™ ì´ˆê¸°í™”) =====
2025-05-22 00:35:50,371 [WARNING] ê²½ê³ : ì¸ë©”ëª¨ë¦¬ ìŒì‹ ë°ì´í„°(Pandas DF)ê°€ ì •ìƒì ìœ¼ë¡œ ë¡œë“œë˜ì§€ ì•Šì•˜ìŠµë‹ˆë‹¤.
2025-05-22 00:35:50,371 [INFO] ìš”ì²­ ë¡œê·¸ëŠ” recommendation_requests.log íŒŒì¼ì— ì €ì¥ë©ë‹ˆë‹¤.
2025-05-22 00:35:50,371 [INFO] Flask ì„œë²„ ì‹¤í–‰: host=0.0.0.0, port=5001, debug=True
2025-05-22 00:35:50,372 [INFO] ==================================================
2025-05-22 00:35:50,393 [INFO] [31m[1mWARNING: This is a development server. Do not use it in a production deployment. Use a production WSGI server instead.[0m
 * Running on all addresses (0.0.0.0)
 * Running on http://127.0.0.1:5001
 * Running on http://192.168.50.82:5001
2025-05-22 00:35:50,393 [INFO] [33mPress CTRL+C to quit[0m
2025-05-22 00:35:50,401 [INFO]  * Restarting with watchdog (fsevents)
2025-05-22 00:35:50,829 [INFO] ìŒì‹ ë°ì´í„° ë¡œë“œë¥¼ ì‹œì‘í•©ë‹ˆë‹¤...
2025-05-22 00:35:50,829 [INFO] ìŒì‹ ì •ë³´ CSV ë¡œë“œ ì‹œë„: recommend/data/foods_info.csv
2025-05-22 00:35:50,829 [ERROR] ìŒì‹ ë°ì´í„° CSV íŒŒì¼ì„ ì°¾ì„ ìˆ˜ ì—†ìŠµë‹ˆë‹¤: recommend/data/foods_info.csv. ì „ì²´ ê²½ë¡œ: /Users/yoon/yamyam/YamYamCoach/recommend/recommend/data/foods_info.csv
2025-05-22 00:35:50,829 [ERROR] ìŠ¤í¬ë¦½íŠ¸ ì‹¤í–‰ ìœ„ì¹˜(backend)ì™€ íŒŒì¼ ê²½ë¡œ(recommend/data/)ë¥¼ í™•ì¸í•´ì£¼ì„¸ìš”.
2025-05-22 00:35:50,829 [ERROR] ì „ì—­ ìŒì‹ ë°ì´í„° ë¡œë“œ ì¤‘ ì¹˜ëª…ì  ì˜¤ë¥˜ ë°œìƒ:
Traceback (most recent call last):
  File "/Users/yoon/yamyam/YamYamCoach/recommend/recommend_server.py", line 77, in load_food_data
    info_df = pd.read_csv(info_csv_path)
  File "/Users/yoon/opt/anaconda3/lib/python3.9/site-packages/pandas/io/parsers/readers.py", line 1026, in read_csv
    return _read(filepath_or_buffer, kwds)
  File "/Users/yoon/opt/anaconda3/lib/python3.9/site-packages/pandas/io/parsers/readers.py", line 620, in _read
    parser = TextFileReader(filepath_or_buffer, **kwds)
  File "/Users/yoon/opt/anaconda3/lib/python3.9/site-packages/pandas/io/parsers/readers.py", line 1620, in __init__
    self._engine = self._make_engine(f, self.engine)
  File "/Users/yoon/opt/anaconda3/lib/python3.9/site-packages/pandas/io/parsers/readers.py", line 1880, in _make_engine
    self.handles = get_handle(
  File "/Users/yoon/opt/anaconda3/lib/python3.9/site-packages/pandas/io/common.py", line 873, in get_handle
    handle = open(
FileNotFoundError: [Errno 2] No such file or directory: 'recommend/data/foods_info.csv'

During handling of the above exception, another exception occurred:

Traceback (most recent call last):
  File "/Users/yoon/yamyam/YamYamCoach/recommend/recommend_server.py", line 271, in initialize_food_data
    foods_df_global = load_food_data()
  File "/Users/yoon/yamyam/YamYamCoach/recommend/recommend_server.py", line 106, in load_food_data
    return pd.DataFrame(columns=required_cols) # ë¹ˆ DF ë°˜í™˜
UnboundLocalError: local variable 'required_cols' referenced before assignment
2025-05-22 00:35:50,830 [INFO] ë°ì´í„°ë² ì´ìŠ¤ ì´ˆê¸°í™” ë° CSV ë°ì´í„° ì ì¬ë¥¼ ì‹œì‘í•©ë‹ˆë‹¤...
2025-05-22 00:35:50,830 [INFO] [DB ì‘ì—… 1/5] CSV íŒŒì¼ ë¡œë“œ ì¤‘...
2025-05-22 00:35:50,830 [ERROR] DB ì´ˆê¸°í™”ë¥¼ ìœ„í•œ CSV íŒŒì¼ì„ ì°¾ì„ ìˆ˜ ì—†ìŠµë‹ˆë‹¤: recommend/data/foods_info.csv. ì „ì²´ ê²½ë¡œ: /Users/yoon/yamyam/YamYamCoach/recommend/recommend/data/foods_info.csv
2025-05-22 00:35:50,830 [ERROR] DB ì´ˆê¸°í™” ì¤‘ë‹¨. ì„œë²„ëŠ” ì‹¤í–‰ë˜ì§€ë§Œ DBëŠ” ì—…ë°ì´íŠ¸ë˜ì§€ ì•ŠìŠµë‹ˆë‹¤.
2025-05-22 00:35:50,830 [INFO] ìŒì‹ ë°ì´í„° ë¡œë“œë¥¼ ì‹œì‘í•©ë‹ˆë‹¤...
2025-05-22 00:35:50,830 [INFO] ìŒì‹ ì •ë³´ CSV ë¡œë“œ ì‹œë„: recommend/data/foods_info.csv
2025-05-22 00:35:50,830 [ERROR] ìŒì‹ ë°ì´í„° CSV íŒŒì¼ì„ ì°¾ì„ ìˆ˜ ì—†ìŠµë‹ˆë‹¤: recommend/data/foods_info.csv. ì „ì²´ ê²½ë¡œ: /Users/yoon/yamyam/YamYamCoach/recommend/recommend/data/foods_info.csv
2025-05-22 00:35:50,830 [ERROR] ìŠ¤í¬ë¦½íŠ¸ ì‹¤í–‰ ìœ„ì¹˜(backend)ì™€ íŒŒì¼ ê²½ë¡œ(recommend/data/)ë¥¼ í™•ì¸í•´ì£¼ì„¸ìš”.
2025-05-22 00:35:50,830 [ERROR] ì „ì—­ ìŒì‹ ë°ì´í„° ë¡œë“œ ì¤‘ ì¹˜ëª…ì  ì˜¤ë¥˜ ë°œìƒ:
Traceback (most recent call last):
  File "/Users/yoon/yamyam/YamYamCoach/recommend/recommend_server.py", line 77, in load_food_data
    info_df = pd.read_csv(info_csv_path)
  File "/Users/yoon/opt/anaconda3/lib/python3.9/site-packages/pandas/io/parsers/readers.py", line 1026, in read_csv
    return _read(filepath_or_buffer, kwds)
  File "/Users/yoon/opt/anaconda3/lib/python3.9/site-packages/pandas/io/parsers/readers.py", line 620, in _read
    parser = TextFileReader(filepath_or_buffer, **kwds)
  File "/Users/yoon/opt/anaconda3/lib/python3.9/site-packages/pandas/io/parsers/readers.py", line 1620, in __init__
    self._engine = self._make_engine(f, self.engine)
  File "/Users/yoon/opt/anaconda3/lib/python3.9/site-packages/pandas/io/parsers/readers.py", line 1880, in _make_engine
    self.handles = get_handle(
  File "/Users/yoon/opt/anaconda3/lib/python3.9/site-packages/pandas/io/common.py", line 873, in get_handle
    handle = open(
FileNotFoundError: [Errno 2] No such file or directory: 'recommend/data/foods_info.csv'

During handling of the above exception, another exception occurred:

Traceback (most recent call last):
  File "/Users/yoon/yamyam/YamYamCoach/recommend/recommend_server.py", line 271, in initialize_food_data
    foods_df_global = load_food_data()
  File "/Users/yoon/yamyam/YamYamCoach/recommend/recommend_server.py", line 106, in load_food_data
    return pd.DataFrame(columns=required_cols) # ë¹ˆ DF ë°˜í™˜
UnboundLocalError: local variable 'required_cols' referenced before assignment
2025-05-22 00:35:50,832 [INFO] ==================================================
2025-05-22 00:35:50,832 [INFO] ===== ì‹ë‹¨ ì¶”ì²œ ì‹œìŠ¤í…œ ì„œë²„ ì‹œì‘ (recSys_demo ì—°ë™, DB ìë™ ì´ˆê¸°í™”) =====
2025-05-22 00:35:50,832 [WARNING] ê²½ê³ : ì¸ë©”ëª¨ë¦¬ ìŒì‹ ë°ì´í„°(Pandas DF)ê°€ ì •ìƒì ìœ¼ë¡œ ë¡œë“œë˜ì§€ ì•Šì•˜ìŠµë‹ˆë‹¤.
2025-05-22 00:35:50,832 [INFO] ìš”ì²­ ë¡œê·¸ëŠ” recommendation_requests.log íŒŒì¼ì— ì €ì¥ë©ë‹ˆë‹¤.
2025-05-22 00:35:50,832 [INFO] Flask ì„œë²„ ì‹¤í–‰: host=0.0.0.0, port=5001, debug=True
2025-05-22 00:35:50,832 [INFO] ==================================================
2025-05-22 00:35:50,835 [WARNING]  * Debugger is active!
2025-05-22 00:35:50,842 [INFO]  * Debugger PIN: 882-510-111
2025-05-22 00:36:51,962 [INFO]  * Detected change in '/Users/yoon/yamyam/YamYamCoach/recommend/recommend_server.py', reloading
2025-05-22 00:36:52,512 [INFO]  * Restarting with watchdog (fsevents)
2025-05-22 00:36:53,109 [INFO] ìŒì‹ ë°ì´í„° ë¡œë“œë¥¼ ì‹œì‘í•©ë‹ˆë‹¤...
2025-05-22 00:36:53,109 [INFO] ìŒì‹ ì •ë³´ CSV ë¡œë“œ ì‹œë„: ../recommend/data/foods_info.csv (ì ˆëŒ€ ê²½ë¡œ í™•ì¸ìš©: /Users/yoon/yamyam/YamYamCoach/recommend/data/foods_info.csv)
2025-05-22 00:36:53,113 [INFO] ìŒì‹ ì˜ì–‘ ì •ë³´ CSV ë¡œë“œ ì‹œë„: ../recommend/data/foods_nutrients.csv
2025-05-22 00:36:53,122 [INFO] CSVì—ì„œ 2614ê°œì˜ ìŒì‹ ë°ì´í„°ë¥¼ ì„±ê³µì ìœ¼ë¡œ ë¡œë“œí•˜ê³  ë³‘í•© (ë©”ëª¨ë¦¬).
2025-05-22 00:36:53,122 [INFO] ì „ì—­ ìŒì‹ ë°ì´í„° ë¡œë“œ ì™„ë£Œ. ì´ 2614ê°œ ìŒì‹.
2025-05-22 00:36:53,122 [INFO] ë°ì´í„°ë² ì´ìŠ¤ ì´ˆê¸°í™” ë° CSV ë°ì´í„° ì ì¬ë¥¼ ì‹œì‘í•©ë‹ˆë‹¤...
2025-05-22 00:36:53,122 [INFO] [DB ì‘ì—… 1/5] CSV íŒŒì¼ ë¡œë“œ ì¤‘... ê²½ë¡œ: ../recommend/data/foods_info.csv (ì ˆëŒ€ ê²½ë¡œ í™•ì¸ìš©: /Users/yoon/yamyam/YamYamCoach/recommend/data/foods_info.csv)
2025-05-22 00:36:53,130 [INFO] [DB ì‘ì—… 1/5] CSV íŒŒì¼ ë¡œë“œ ì™„ë£Œ.
2025-05-22 00:36:53,130 [INFO] [DB ì‘ì—… 2/5] MySQL ì—°ê²° ì‹œë„...
2025-05-22 00:36:53,134 [INFO] [DB ì‘ì—… 2/5] MySQL ì—°ê²° ì™„ë£Œ.
2025-05-22 00:36:53,134 [INFO] [DB ì‘ì—… 3/5] ê¸°ì¡´ í…Œì´ë¸” ì‚­ì œ ì‹œë„...
2025-05-22 00:36:53,144 [INFO] [DB ì‘ì—… 3/5] ê¸°ì¡´ í…Œì´ë¸” ì‚­ì œ ì™„ë£Œ.
2025-05-22 00:36:53,144 [INFO] [DB ì‘ì—… 4/5] í…Œì´ë¸” ìƒì„± ë° ë°ì´í„° ì‚½ì… ì‹œë„...
2025-05-22 00:36:53,188 [INFO] foods_info í…Œì´ë¸”ì— 2614ê°œ ë°ì´í„° ì‚½ì… ì‹œì‘...
2025-05-22 00:36:53,462 [INFO] foods_info ë°ì´í„° ì‚½ì… ì™„ë£Œ.
2025-05-22 00:36:53,462 [INFO] foods_nutrients í…Œì´ë¸”ì— 2614ê°œ ë°ì´í„° ì‚½ì… ì‹œì‘...
2025-05-22 00:36:53,843 [INFO] foods_nutrients ë°ì´í„° ì‚½ì… ì™„ë£Œ.
2025-05-22 00:36:53,843 [INFO] [DB ì‘ì—… 4/5] í…Œì´ë¸” ìƒì„± ë° ë°ì´í„° ì‚½ì… ì™„ë£Œ.
2025-05-22 00:36:53,843 [INFO] [DB ì‘ì—… 5/5] ë³€ê²½ì‚¬í•­ ì»¤ë°‹ ì¤‘...
2025-05-22 00:36:53,852 [INFO] [DB ì‘ì—… 5/5] ì»¤ë°‹ ì™„ë£Œ.
2025-05-22 00:36:53,852 [INFO] âœ… ë°ì´í„°ë² ì´ìŠ¤ ì´ˆê¸°í™” ë° CSV ë°ì´í„° ì ì¬ ì‘ì—… ì™„ë£Œ.
2025-05-22 00:36:53,853 [INFO] MySQL ì—°ê²° ì¢…ë£Œ.
2025-05-22 00:36:53,853 [INFO] ìŒì‹ ë°ì´í„° ë¡œë“œë¥¼ ì‹œì‘í•©ë‹ˆë‹¤...
2025-05-22 00:36:53,853 [INFO] ìŒì‹ ì •ë³´ CSV ë¡œë“œ ì‹œë„: ../recommend/data/foods_info.csv (ì ˆëŒ€ ê²½ë¡œ í™•ì¸ìš©: /Users/yoon/yamyam/YamYamCoach/recommend/data/foods_info.csv)
2025-05-22 00:36:53,857 [INFO] ìŒì‹ ì˜ì–‘ ì •ë³´ CSV ë¡œë“œ ì‹œë„: ../recommend/data/foods_nutrients.csv
2025-05-22 00:36:53,863 [INFO] CSVì—ì„œ 2614ê°œì˜ ìŒì‹ ë°ì´í„°ë¥¼ ì„±ê³µì ìœ¼ë¡œ ë¡œë“œí•˜ê³  ë³‘í•© (ë©”ëª¨ë¦¬).
2025-05-22 00:36:53,863 [INFO] ì „ì—­ ìŒì‹ ë°ì´í„° ë¡œë“œ ì™„ë£Œ. ì´ 2614ê°œ ìŒì‹.
2025-05-22 00:36:53,864 [INFO] ==================================================
2025-05-22 00:36:53,864 [INFO] ===== ì‹ë‹¨ ì¶”ì²œ ì‹œìŠ¤í…œ ì„œë²„ ì‹œì‘ (recSys_demo ì—°ë™, DB ìë™ ì´ˆê¸°í™”) =====
2025-05-22 00:36:53,864 [INFO] ì¸ë©”ëª¨ë¦¬ ìŒì‹ ë°ì´í„°(Pandas DF) 2614ê°œ ë¡œë“œ ì™„ë£Œ.
2025-05-22 00:36:53,870 [INFO] ìš”ì²­ ë¡œê·¸ëŠ” recommendation_requests.log íŒŒì¼ì— ì €ì¥ë©ë‹ˆë‹¤.
2025-05-22 00:36:53,870 [INFO] Flask ì„œë²„ ì‹¤í–‰: host=0.0.0.0, port=5001, debug=True
2025-05-22 00:36:53,870 [INFO] ==================================================
2025-05-22 00:36:53,876 [WARNING]  * Debugger is active!
2025-05-22 00:36:53,884 [INFO]  * Debugger PIN: 882-510-111
2025-05-22 00:38:48,828 [INFO]  * Detected change in '/Users/yoon/yamyam/YamYamCoach/recommend/recommend_server.py', reloading
2025-05-22 00:38:48,919 [INFO]  * Restarting with watchdog (fsevents)
2025-05-22 00:38:49,531 [INFO] ìŒì‹ ë°ì´í„° ë¡œë“œë¥¼ ì‹œì‘í•©ë‹ˆë‹¤...
2025-05-22 00:38:49,531 [INFO] ìŒì‹ ì •ë³´ CSV ë¡œë“œ ì‹œë„: /Users/yoon/yamyam/YamYamCoach/recommend/data/foods_info.csv
2025-05-22 00:38:49,535 [INFO] ìŒì‹ ì˜ì–‘ ì •ë³´ CSV ë¡œë“œ ì‹œë„: /Users/yoon/yamyam/YamYamCoach/recommend/data/foods_nutrients.csv
2025-05-22 00:38:49,542 [INFO] CSVì—ì„œ 2614ê°œì˜ ìŒì‹ ë°ì´í„°ë¥¼ ì„±ê³µì ìœ¼ë¡œ ë¡œë“œí•˜ê³  ë³‘í•© (ë©”ëª¨ë¦¬).
2025-05-22 00:38:49,542 [INFO] ì „ì—­ ìŒì‹ ë°ì´í„° ë¡œë“œ ì™„ë£Œ. ì´ 2614ê°œ ìŒì‹.
2025-05-22 00:38:49,542 [INFO] ë°ì´í„°ë² ì´ìŠ¤ ì´ˆê¸°í™” ë° CSV ë°ì´í„° ì ì¬ë¥¼ ì‹œì‘í•©ë‹ˆë‹¤...
2025-05-22 00:38:49,542 [INFO] [DB ì‘ì—… 1/5] CSV íŒŒì¼ ë¡œë“œ ì¤‘... ê²½ë¡œ: /Users/yoon/yamyam/YamYamCoach/recommend/data/foods_info.csv
2025-05-22 00:38:49,551 [INFO] [DB ì‘ì—… 1/5] CSV íŒŒì¼ ë¡œë“œ ì™„ë£Œ.
2025-05-22 00:38:49,551 [INFO] [DB ì‘ì—… 2/5] MySQL ì—°ê²° ì‹œë„...
2025-05-22 00:38:49,554 [INFO] [DB ì‘ì—… 2/5] MySQL ì—°ê²° ì™„ë£Œ.
2025-05-22 00:38:49,554 [INFO] [DB ì‘ì—… 3/5] ê¸°ì¡´ í…Œì´ë¸” ì‚­ì œ ì‹œë„...
2025-05-22 00:38:49,573 [INFO] [DB ì‘ì—… 3/5] ê¸°ì¡´ í…Œì´ë¸” ì‚­ì œ ì™„ë£Œ.
2025-05-22 00:38:49,573 [INFO] [DB ì‘ì—… 4/5] í…Œì´ë¸” ìƒì„± ë° ë°ì´í„° ì‚½ì… ì‹œë„...
2025-05-22 00:38:49,598 [INFO] foods_info í…Œì´ë¸”ì— 2614ê°œ ë°ì´í„° ì‚½ì… ì‹œì‘...
2025-05-22 00:38:49,856 [INFO] foods_info ë°ì´í„° ì‚½ì… ì™„ë£Œ.
2025-05-22 00:38:49,856 [INFO] foods_nutrients í…Œì´ë¸”ì— 2614ê°œ ë°ì´í„° ì‚½ì… ì‹œì‘...
2025-05-22 00:38:50,219 [INFO] foods_nutrients ë°ì´í„° ì‚½ì… ì™„ë£Œ.
2025-05-22 00:38:50,219 [INFO] [DB ì‘ì—… 4/5] í…Œì´ë¸” ìƒì„± ë° ë°ì´í„° ì‚½ì… ì™„ë£Œ.
2025-05-22 00:38:50,219 [INFO] [DB ì‘ì—… 5/5] ë³€ê²½ì‚¬í•­ ì»¤ë°‹ ì¤‘...
2025-05-22 00:38:50,223 [INFO] [DB ì‘ì—… 5/5] ì»¤ë°‹ ì™„ë£Œ.
2025-05-22 00:38:50,223 [INFO] âœ… ë°ì´í„°ë² ì´ìŠ¤ ì´ˆê¸°í™” ë° CSV ë°ì´í„° ì ì¬ ì‘ì—… ì™„ë£Œ.
2025-05-22 00:38:50,223 [INFO] MySQL ì—°ê²° ì¢…ë£Œ.
2025-05-22 00:38:50,224 [INFO] ìŒì‹ ë°ì´í„° ë¡œë“œë¥¼ ì‹œì‘í•©ë‹ˆë‹¤...
2025-05-22 00:38:50,224 [INFO] ìŒì‹ ì •ë³´ CSV ë¡œë“œ ì‹œë„: /Users/yoon/yamyam/YamYamCoach/recommend/data/foods_info.csv
2025-05-22 00:38:50,227 [INFO] ìŒì‹ ì˜ì–‘ ì •ë³´ CSV ë¡œë“œ ì‹œë„: /Users/yoon/yamyam/YamYamCoach/recommend/data/foods_nutrients.csv
2025-05-22 00:38:50,233 [INFO] CSVì—ì„œ 2614ê°œì˜ ìŒì‹ ë°ì´í„°ë¥¼ ì„±ê³µì ìœ¼ë¡œ ë¡œë“œí•˜ê³  ë³‘í•© (ë©”ëª¨ë¦¬).
2025-05-22 00:38:50,233 [INFO] ì „ì—­ ìŒì‹ ë°ì´í„° ë¡œë“œ ì™„ë£Œ. ì´ 2614ê°œ ìŒì‹.
2025-05-22 00:38:50,233 [INFO] ==================================================
2025-05-22 00:38:50,233 [INFO] ===== ì‹ë‹¨ ì¶”ì²œ ì‹œìŠ¤í…œ ì„œë²„ ì‹œì‘ (recSys_demo ì—°ë™, DB ìë™ ì´ˆê¸°í™”) =====
2025-05-22 00:38:50,233 [INFO] ì¸ë©”ëª¨ë¦¬ ìŒì‹ ë°ì´í„°(Pandas DF) 2614ê°œ ë¡œë“œ ì™„ë£Œ.
2025-05-22 00:38:50,233 [INFO] ìš”ì²­ ë¡œê·¸ëŠ” recommendation_requests.log íŒŒì¼ì— ì €ì¥ë©ë‹ˆë‹¤.
2025-05-22 00:38:50,233 [INFO] Flask ì„œë²„ ì‹¤í–‰: host=0.0.0.0, port=5001, debug=True
2025-05-22 00:38:50,233 [INFO] ==================================================
2025-05-22 00:38:50,238 [WARNING]  * Debugger is active!
2025-05-22 00:38:50,246 [INFO]  * Debugger PIN: 882-510-111
2025-05-22 00:39:35,194 [INFO]  * Detected change in '/Users/yoon/yamyam/YamYamCoach/recommend/recommend_server.py', reloading
2025-05-22 00:39:35,743 [INFO]  * Restarting with watchdog (fsevents)
2025-05-22 00:39:36,227 [INFO] ìŒì‹ ë°ì´í„° ë¡œë“œë¥¼ ì‹œì‘í•©ë‹ˆë‹¤...
2025-05-22 00:39:36,227 [INFO] ìŒì‹ ì •ë³´ CSV ë¡œë“œ ì‹œë„: /Users/yoon/yamyam/YamYamCoach/recommend/data/foods_info.csv
2025-05-22 00:39:36,232 [INFO] ìŒì‹ ì˜ì–‘ ì •ë³´ CSV ë¡œë“œ ì‹œë„: /Users/yoon/yamyam/YamYamCoach/recommend/data/foods_nutrients.csv
2025-05-22 00:39:36,239 [INFO] CSVì—ì„œ 2614ê°œì˜ ìŒì‹ ë°ì´í„°ë¥¼ ì„±ê³µì ìœ¼ë¡œ ë¡œë“œí•˜ê³  ë³‘í•© (ë©”ëª¨ë¦¬).
2025-05-22 00:39:36,239 [INFO] ì „ì—­ ìŒì‹ ë°ì´í„° ë¡œë“œ ì™„ë£Œ. ì´ 2614ê°œ ìŒì‹.
2025-05-22 00:39:36,240 [INFO] ë°ì´í„°ë² ì´ìŠ¤ ì´ˆê¸°í™” ë° CSV ë°ì´í„° ì ì¬ë¥¼ ì‹œì‘í•©ë‹ˆë‹¤...
2025-05-22 00:39:36,240 [INFO] [DB ì‘ì—… 1/5] CSV íŒŒì¼ ë¡œë“œ ì¤‘... ê²½ë¡œ: /Users/yoon/yamyam/YamYamCoach/recommend/data/foods_info.csv
2025-05-22 00:39:36,248 [INFO] [DB ì‘ì—… 1/5] CSV íŒŒì¼ ë¡œë“œ ì™„ë£Œ.
2025-05-22 00:39:36,248 [INFO] [DB ì‘ì—… 2/5] MySQL ì—°ê²° ì‹œë„...
2025-05-22 00:39:36,255 [INFO] [DB ì‘ì—… 2/5] MySQL ì—°ê²° ì™„ë£Œ.
2025-05-22 00:39:36,255 [INFO] [DB ì‘ì—… 3/5] ê¸°ì¡´ í…Œì´ë¸” ì‚­ì œ ì‹œë„...
2025-05-22 00:39:36,278 [INFO] [DB ì‘ì—… 3/5] ê¸°ì¡´ í…Œì´ë¸” ì‚­ì œ ì™„ë£Œ.
2025-05-22 00:39:36,278 [INFO] [DB ì‘ì—… 4/5] í…Œì´ë¸” ìƒì„± ë° ë°ì´í„° ì‚½ì… ì‹œë„...
2025-05-22 00:39:36,293 [INFO] foods_info í…Œì´ë¸”ì— 2614ê°œ ë°ì´í„° ì‚½ì… ì‹œì‘...
2025-05-22 00:39:36,546 [INFO] foods_info ë°ì´í„° ì‚½ì… ì™„ë£Œ.
2025-05-22 00:39:36,546 [INFO] foods_nutrients í…Œì´ë¸”ì— 2614ê°œ ë°ì´í„° ì‚½ì… ì‹œì‘...
2025-05-22 00:39:36,893 [INFO] foods_nutrients ë°ì´í„° ì‚½ì… ì™„ë£Œ.
2025-05-22 00:39:36,893 [INFO] [DB ì‘ì—… 4/5] í…Œì´ë¸” ìƒì„± ë° ë°ì´í„° ì‚½ì… ì™„ë£Œ.
2025-05-22 00:39:36,893 [INFO] [DB ì‘ì—… 5/5] ë³€ê²½ì‚¬í•­ ì»¤ë°‹ ì¤‘...
2025-05-22 00:39:36,899 [INFO] [DB ì‘ì—… 5/5] ì»¤ë°‹ ì™„ë£Œ.
2025-05-22 00:39:36,899 [INFO] âœ… ë°ì´í„°ë² ì´ìŠ¤ ì´ˆê¸°í™” ë° CSV ë°ì´í„° ì ì¬ ì‘ì—… ì™„ë£Œ.
2025-05-22 00:39:36,899 [INFO] MySQL ì—°ê²° ì¢…ë£Œ.
2025-05-22 00:39:36,899 [INFO] ìŒì‹ ë°ì´í„° ë¡œë“œë¥¼ ì‹œì‘í•©ë‹ˆë‹¤...
2025-05-22 00:39:36,900 [INFO] ìŒì‹ ì •ë³´ CSV ë¡œë“œ ì‹œë„: /Users/yoon/yamyam/YamYamCoach/recommend/data/foods_info.csv
2025-05-22 00:39:36,903 [INFO] ìŒì‹ ì˜ì–‘ ì •ë³´ CSV ë¡œë“œ ì‹œë„: /Users/yoon/yamyam/YamYamCoach/recommend/data/foods_nutrients.csv
2025-05-22 00:39:36,909 [INFO] CSVì—ì„œ 2614ê°œì˜ ìŒì‹ ë°ì´í„°ë¥¼ ì„±ê³µì ìœ¼ë¡œ ë¡œë“œí•˜ê³  ë³‘í•© (ë©”ëª¨ë¦¬).
2025-05-22 00:39:36,909 [INFO] ì „ì—­ ìŒì‹ ë°ì´í„° ë¡œë“œ ì™„ë£Œ. ì´ 2614ê°œ ìŒì‹.
2025-05-22 00:39:36,909 [INFO] ==================================================
2025-05-22 00:39:36,909 [INFO] ===== ì‹ë‹¨ ì¶”ì²œ ì‹œìŠ¤í…œ ì„œë²„ ì‹œì‘ (recSys_demo ì—°ë™, DB ìë™ ì´ˆê¸°í™”) =====
2025-05-22 00:39:36,909 [INFO] ì¸ë©”ëª¨ë¦¬ ìŒì‹ ë°ì´í„°(Pandas DF) 2614ê°œ ë¡œë“œ ì™„ë£Œ.
2025-05-22 00:39:36,909 [INFO] ìš”ì²­ ë¡œê·¸ëŠ” recommendation_requests.log íŒŒì¼ì— ì €ì¥ë©ë‹ˆë‹¤.
2025-05-22 00:39:36,909 [INFO] Flask ì„œë²„ ì‹¤í–‰: host=0.0.0.0, port=5001, debug=True
2025-05-22 00:39:36,909 [INFO] ==================================================
2025-05-22 00:39:36,915 [WARNING]  * Debugger is active!
2025-05-22 00:39:36,923 [INFO]  * Debugger PIN: 882-510-111
2025-05-22 00:39:47,106 [INFO] ìŒì‹ ë°ì´í„° ë¡œë“œë¥¼ ì‹œì‘í•©ë‹ˆë‹¤...
2025-05-22 00:39:47,106 [INFO] ìŒì‹ ì •ë³´ CSV ë¡œë“œ ì‹œë„: /Users/yoon/yamyam/YamYamCoach/recommend/data/foods_info.csv
2025-05-22 00:39:47,110 [INFO] ìŒì‹ ì˜ì–‘ ì •ë³´ CSV ë¡œë“œ ì‹œë„: /Users/yoon/yamyam/YamYamCoach/recommend/data/foods_nutrients.csv
2025-05-22 00:39:47,116 [INFO] CSVì—ì„œ 2614ê°œì˜ ìŒì‹ ë°ì´í„°ë¥¼ ì„±ê³µì ìœ¼ë¡œ ë¡œë“œí•˜ê³  ë³‘í•© (ë©”ëª¨ë¦¬).
2025-05-22 00:39:47,116 [INFO] ì „ì—­ ìŒì‹ ë°ì´í„° ë¡œë“œ ì™„ë£Œ. ì´ 2614ê°œ ìŒì‹.
2025-05-22 00:39:47,116 [INFO] ë°ì´í„°ë² ì´ìŠ¤ ì´ˆê¸°í™” ë° CSV ë°ì´í„° ì ì¬ë¥¼ ì‹œì‘í•©ë‹ˆë‹¤...
2025-05-22 00:39:47,117 [INFO] [DB ì‘ì—… 1/5] CSV íŒŒì¼ ë¡œë“œ ì¤‘... ê²½ë¡œ: /Users/yoon/yamyam/YamYamCoach/recommend/data/foods_info.csv
2025-05-22 00:39:47,124 [INFO] [DB ì‘ì—… 1/5] CSV íŒŒì¼ ë¡œë“œ ì™„ë£Œ.
2025-05-22 00:39:47,124 [INFO] [DB ì‘ì—… 2/5] MySQL ì—°ê²° ì‹œë„...
2025-05-22 00:39:47,126 [INFO] [DB ì‘ì—… 2/5] MySQL ì—°ê²° ì™„ë£Œ.
2025-05-22 00:39:47,126 [INFO] [DB ì‘ì—… 3/5] ê¸°ì¡´ í…Œì´ë¸” ì‚­ì œ ì‹œë„...
2025-05-22 00:39:47,143 [INFO] [DB ì‘ì—… 3/5] ê¸°ì¡´ í…Œì´ë¸” ì‚­ì œ ì™„ë£Œ.
2025-05-22 00:39:47,144 [INFO] [DB ì‘ì—… 4/5] í…Œì´ë¸” ìƒì„± ë° ë°ì´í„° ì‚½ì… ì‹œë„...
2025-05-22 00:39:47,162 [INFO] foods_info í…Œì´ë¸”ì— 2614ê°œ ë°ì´í„° ì‚½ì… ì‹œì‘...
2025-05-22 00:39:47,404 [INFO] foods_info ë°ì´í„° ì‚½ì… ì™„ë£Œ.
2025-05-22 00:39:47,404 [INFO] foods_nutrients í…Œì´ë¸”ì— 2614ê°œ ë°ì´í„° ì‚½ì… ì‹œì‘...
2025-05-22 00:39:47,747 [INFO] foods_nutrients ë°ì´í„° ì‚½ì… ì™„ë£Œ.
2025-05-22 00:39:47,747 [INFO] [DB ì‘ì—… 4/5] í…Œì´ë¸” ìƒì„± ë° ë°ì´í„° ì‚½ì… ì™„ë£Œ.
2025-05-22 00:39:47,747 [INFO] [DB ì‘ì—… 5/5] ë³€ê²½ì‚¬í•­ ì»¤ë°‹ ì¤‘...
2025-05-22 00:39:47,756 [INFO] [DB ì‘ì—… 5/5] ì»¤ë°‹ ì™„ë£Œ.
2025-05-22 00:39:47,756 [INFO] âœ… ë°ì´í„°ë² ì´ìŠ¤ ì´ˆê¸°í™” ë° CSV ë°ì´í„° ì ì¬ ì‘ì—… ì™„ë£Œ.
2025-05-22 00:39:47,756 [INFO] MySQL ì—°ê²° ì¢…ë£Œ.
2025-05-22 00:39:47,756 [INFO] ìŒì‹ ë°ì´í„° ë¡œë“œë¥¼ ì‹œì‘í•©ë‹ˆë‹¤...
2025-05-22 00:39:47,756 [INFO] ìŒì‹ ì •ë³´ CSV ë¡œë“œ ì‹œë„: /Users/yoon/yamyam/YamYamCoach/recommend/data/foods_info.csv
2025-05-22 00:39:47,760 [INFO] ìŒì‹ ì˜ì–‘ ì •ë³´ CSV ë¡œë“œ ì‹œë„: /Users/yoon/yamyam/YamYamCoach/recommend/data/foods_nutrients.csv
2025-05-22 00:39:47,766 [INFO] CSVì—ì„œ 2614ê°œì˜ ìŒì‹ ë°ì´í„°ë¥¼ ì„±ê³µì ìœ¼ë¡œ ë¡œë“œí•˜ê³  ë³‘í•© (ë©”ëª¨ë¦¬).
2025-05-22 00:39:47,766 [INFO] ì „ì—­ ìŒì‹ ë°ì´í„° ë¡œë“œ ì™„ë£Œ. ì´ 2614ê°œ ìŒì‹.
2025-05-22 00:39:47,766 [INFO] ==================================================
2025-05-22 00:39:47,766 [INFO] ===== ì‹ë‹¨ ì¶”ì²œ ì‹œìŠ¤í…œ ì„œë²„ ì‹œì‘ (recSys_demo ì—°ë™, DB ìë™ ì´ˆê¸°í™”) =====
2025-05-22 00:39:47,766 [INFO] ì¸ë©”ëª¨ë¦¬ ìŒì‹ ë°ì´í„°(Pandas DF) 2614ê°œ ë¡œë“œ ì™„ë£Œ.
2025-05-22 00:39:47,766 [INFO] ìš”ì²­ ë¡œê·¸ëŠ” recommendation_requests.log íŒŒì¼ì— ì €ì¥ë©ë‹ˆë‹¤.
2025-05-22 00:39:47,766 [INFO] Flask ì„œë²„ ì‹¤í–‰: host=0.0.0.0, port=5001, debug=True
2025-05-22 00:39:47,766 [INFO] ==================================================
2025-05-22 00:39:47,791 [INFO] [31m[1mWARNING: This is a development server. Do not use it in a production deployment. Use a production WSGI server instead.[0m
 * Running on all addresses (0.0.0.0)
 * Running on http://127.0.0.1:5001
 * Running on http://192.168.50.82:5001
2025-05-22 00:39:47,791 [INFO] [33mPress CTRL+C to quit[0m
2025-05-22 00:39:47,795 [INFO]  * Restarting with watchdog (fsevents)
2025-05-22 00:39:48,199 [INFO] ìŒì‹ ë°ì´í„° ë¡œë“œë¥¼ ì‹œì‘í•©ë‹ˆë‹¤...
2025-05-22 00:39:48,199 [INFO] ìŒì‹ ì •ë³´ CSV ë¡œë“œ ì‹œë„: /Users/yoon/yamyam/YamYamCoach/recommend/data/foods_info.csv
2025-05-22 00:39:48,203 [INFO] ìŒì‹ ì˜ì–‘ ì •ë³´ CSV ë¡œë“œ ì‹œë„: /Users/yoon/yamyam/YamYamCoach/recommend/data/foods_nutrients.csv
2025-05-22 00:39:48,209 [INFO] CSVì—ì„œ 2614ê°œì˜ ìŒì‹ ë°ì´í„°ë¥¼ ì„±ê³µì ìœ¼ë¡œ ë¡œë“œí•˜ê³  ë³‘í•© (ë©”ëª¨ë¦¬).
2025-05-22 00:39:48,209 [INFO] ì „ì—­ ìŒì‹ ë°ì´í„° ë¡œë“œ ì™„ë£Œ. ì´ 2614ê°œ ìŒì‹.
2025-05-22 00:39:48,209 [INFO] ë°ì´í„°ë² ì´ìŠ¤ ì´ˆê¸°í™” ë° CSV ë°ì´í„° ì ì¬ë¥¼ ì‹œì‘í•©ë‹ˆë‹¤...
2025-05-22 00:39:48,210 [INFO] [DB ì‘ì—… 1/5] CSV íŒŒì¼ ë¡œë“œ ì¤‘... ê²½ë¡œ: /Users/yoon/yamyam/YamYamCoach/recommend/data/foods_info.csv
2025-05-22 00:39:48,221 [INFO] [DB ì‘ì—… 1/5] CSV íŒŒì¼ ë¡œë“œ ì™„ë£Œ.
2025-05-22 00:39:48,221 [INFO] [DB ì‘ì—… 2/5] MySQL ì—°ê²° ì‹œë„...
2025-05-22 00:39:48,228 [INFO] [DB ì‘ì—… 2/5] MySQL ì—°ê²° ì™„ë£Œ.
2025-05-22 00:39:48,228 [INFO] [DB ì‘ì—… 3/5] ê¸°ì¡´ í…Œì´ë¸” ì‚­ì œ ì‹œë„...
2025-05-22 00:39:48,246 [INFO] [DB ì‘ì—… 3/5] ê¸°ì¡´ í…Œì´ë¸” ì‚­ì œ ì™„ë£Œ.
2025-05-22 00:39:48,246 [INFO] [DB ì‘ì—… 4/5] í…Œì´ë¸” ìƒì„± ë° ë°ì´í„° ì‚½ì… ì‹œë„...
2025-05-22 00:39:48,266 [INFO] foods_info í…Œì´ë¸”ì— 2614ê°œ ë°ì´í„° ì‚½ì… ì‹œì‘...
2025-05-22 00:39:48,515 [INFO] foods_info ë°ì´í„° ì‚½ì… ì™„ë£Œ.
2025-05-22 00:39:48,515 [INFO] foods_nutrients í…Œì´ë¸”ì— 2614ê°œ ë°ì´í„° ì‚½ì… ì‹œì‘...
2025-05-22 00:39:48,870 [INFO] foods_nutrients ë°ì´í„° ì‚½ì… ì™„ë£Œ.
2025-05-22 00:39:48,870 [INFO] [DB ì‘ì—… 4/5] í…Œì´ë¸” ìƒì„± ë° ë°ì´í„° ì‚½ì… ì™„ë£Œ.
2025-05-22 00:39:48,870 [INFO] [DB ì‘ì—… 5/5] ë³€ê²½ì‚¬í•­ ì»¤ë°‹ ì¤‘...
2025-05-22 00:39:48,878 [INFO] [DB ì‘ì—… 5/5] ì»¤ë°‹ ì™„ë£Œ.
2025-05-22 00:39:48,878 [INFO] âœ… ë°ì´í„°ë² ì´ìŠ¤ ì´ˆê¸°í™” ë° CSV ë°ì´í„° ì ì¬ ì‘ì—… ì™„ë£Œ.
2025-05-22 00:39:48,878 [INFO] MySQL ì—°ê²° ì¢…ë£Œ.
2025-05-22 00:39:48,879 [INFO] ìŒì‹ ë°ì´í„° ë¡œë“œë¥¼ ì‹œì‘í•©ë‹ˆë‹¤...
2025-05-22 00:39:48,879 [INFO] ìŒì‹ ì •ë³´ CSV ë¡œë“œ ì‹œë„: /Users/yoon/yamyam/YamYamCoach/recommend/data/foods_info.csv
2025-05-22 00:39:48,882 [INFO] ìŒì‹ ì˜ì–‘ ì •ë³´ CSV ë¡œë“œ ì‹œë„: /Users/yoon/yamyam/YamYamCoach/recommend/data/foods_nutrients.csv
2025-05-22 00:39:48,888 [INFO] CSVì—ì„œ 2614ê°œì˜ ìŒì‹ ë°ì´í„°ë¥¼ ì„±ê³µì ìœ¼ë¡œ ë¡œë“œí•˜ê³  ë³‘í•© (ë©”ëª¨ë¦¬).
2025-05-22 00:39:48,889 [INFO] ì „ì—­ ìŒì‹ ë°ì´í„° ë¡œë“œ ì™„ë£Œ. ì´ 2614ê°œ ìŒì‹.
2025-05-22 00:39:48,889 [INFO] ==================================================
2025-05-22 00:39:48,889 [INFO] ===== ì‹ë‹¨ ì¶”ì²œ ì‹œìŠ¤í…œ ì„œë²„ ì‹œì‘ (recSys_demo ì—°ë™, DB ìë™ ì´ˆê¸°í™”) =====
2025-05-22 00:39:48,889 [INFO] ì¸ë©”ëª¨ë¦¬ ìŒì‹ ë°ì´í„°(Pandas DF) 2614ê°œ ë¡œë“œ ì™„ë£Œ.
2025-05-22 00:39:48,889 [INFO] ìš”ì²­ ë¡œê·¸ëŠ” recommendation_requests.log íŒŒì¼ì— ì €ì¥ë©ë‹ˆë‹¤.
2025-05-22 00:39:48,889 [INFO] Flask ì„œë²„ ì‹¤í–‰: host=0.0.0.0, port=5001, debug=True
2025-05-22 00:39:48,889 [INFO] ==================================================
2025-05-22 00:39:48,892 [WARNING]  * Debugger is active!
2025-05-22 00:39:48,902 [INFO]  * Debugger PIN: 882-510-111
2025-05-22 00:40:06,764 [INFO] ìš”ì²­ ìˆ˜ì‹  ì‹œê°„: 2025-05-22 00:40:06
2025-05-22 00:40:06,771 [INFO] ìš”ì²­ ë°ì´í„°: {'dishIds': [21, 22, 24, 26, 27],
 'mealCount': 5,
 'nutrients': {'calories': 932.0,
               'carbohydrate': 227.0,
               'fat': 34.0,
               'protein': 71.0,
               'sugar': 53.0},
 'user': {'age': 25,
          'diseaseTags': '',
          'gender': False,
          'height': 180,
          'targetWeight': 40,
          'userId': 2,
          'weight': 90}}
2025-05-22 00:40:06,773 [WARNING] ì ì‹¬ ì˜ì–‘ì†Œ ì •ë³´ ì¤‘ 'sodium' í•„ë“œê°€ ëˆ„ë½ë˜ì–´ 0ìœ¼ë¡œ ê¸°ë³¸ê°’ì„ ì„¤ì •í•©ë‹ˆë‹¤.
2025-05-22 00:40:06,773 [ERROR] BMI ê³„ì‚° ë˜ëŠ” ì§ˆë³‘ íƒœê·¸ ì—…ë°ì´íŠ¸ ì¤‘ ì˜¤ë¥˜:
Traceback (most recent call last):
  File "/Users/yoon/yamyam/YamYamCoach/recommend/recommend_server.py", line 323, in recommend_dinner_api
    bmi = calculate_bmi(user_info['weight'], user_info['height'])
NameError: name 'calculate_bmi' is not defined
2025-05-22 00:40:06,776 [INFO] 127.0.0.1 - - [22/May/2025 00:40:06] "[31m[1mPOST /recommend HTTP/1.1[0m" 400 -
2025-05-22 00:42:25,740 [INFO]  * Detected change in '/Users/yoon/yamyam/YamYamCoach/recommend/recommend_server.py', reloading
2025-05-22 00:42:26,410 [INFO]  * Restarting with watchdog (fsevents)
2025-05-22 00:42:26,955 [INFO] ìŒì‹ ë°ì´í„° ë¡œë“œë¥¼ ì‹œì‘í•©ë‹ˆë‹¤...
2025-05-22 00:42:26,955 [INFO] ìŒì‹ ì •ë³´ CSV ë¡œë“œ ì‹œë„: /Users/yoon/yamyam/YamYamCoach/recommend/data/foods_info.csv
2025-05-22 00:42:26,960 [INFO] ìŒì‹ ì˜ì–‘ ì •ë³´ CSV ë¡œë“œ ì‹œë„: /Users/yoon/yamyam/YamYamCoach/recommend/data/foods_nutrients.csv
2025-05-22 00:42:26,967 [INFO] CSVì—ì„œ 2614ê°œì˜ ìŒì‹ ë°ì´í„°ë¥¼ ì„±ê³µì ìœ¼ë¡œ ë¡œë“œí•˜ê³  ë³‘í•© (ë©”ëª¨ë¦¬).
2025-05-22 00:42:26,967 [INFO] ì „ì—­ ìŒì‹ ë°ì´í„° ë¡œë“œ ì™„ë£Œ. ì´ 2614ê°œ ìŒì‹.
2025-05-22 00:42:26,967 [INFO] ë°ì´í„°ë² ì´ìŠ¤ ì´ˆê¸°í™” ë° CSV ë°ì´í„° ì ì¬ë¥¼ ì‹œì‘í•©ë‹ˆë‹¤...
2025-05-22 00:42:26,968 [INFO] [DB ì‘ì—… 1/5] CSV íŒŒì¼ ë¡œë“œ ì¤‘... ê²½ë¡œ: /Users/yoon/yamyam/YamYamCoach/recommend/data/foods_info.csv
2025-05-22 00:42:26,976 [INFO] [DB ì‘ì—… 1/5] CSV íŒŒì¼ ë¡œë“œ ì™„ë£Œ.
2025-05-22 00:42:26,976 [INFO] [DB ì‘ì—… 2/5] MySQL ì—°ê²° ì‹œë„...
2025-05-22 00:42:26,984 [INFO] [DB ì‘ì—… 2/5] MySQL ì—°ê²° ì™„ë£Œ.
2025-05-22 00:42:26,985 [INFO] [DB ì‘ì—… 3/5] ê¸°ì¡´ í…Œì´ë¸” ì‚­ì œ ì‹œë„...
2025-05-22 00:42:27,007 [INFO] [DB ì‘ì—… 3/5] ê¸°ì¡´ í…Œì´ë¸” ì‚­ì œ ì™„ë£Œ.
2025-05-22 00:42:27,007 [INFO] [DB ì‘ì—… 4/5] í…Œì´ë¸” ìƒì„± ë° ë°ì´í„° ì‚½ì… ì‹œë„...
2025-05-22 00:42:27,014 [INFO] foods_info í…Œì´ë¸”ì— 2614ê°œ ë°ì´í„° ì‚½ì… ì‹œì‘...
2025-05-22 00:42:27,255 [INFO] foods_info ë°ì´í„° ì‚½ì… ì™„ë£Œ.
2025-05-22 00:42:27,255 [INFO] foods_nutrients í…Œì´ë¸”ì— 2614ê°œ ë°ì´í„° ì‚½ì… ì‹œì‘...
2025-05-22 00:42:27,616 [INFO] foods_nutrients ë°ì´í„° ì‚½ì… ì™„ë£Œ.
2025-05-22 00:42:27,616 [INFO] [DB ì‘ì—… 4/5] í…Œì´ë¸” ìƒì„± ë° ë°ì´í„° ì‚½ì… ì™„ë£Œ.
2025-05-22 00:42:27,616 [INFO] [DB ì‘ì—… 5/5] ë³€ê²½ì‚¬í•­ ì»¤ë°‹ ì¤‘...
2025-05-22 00:42:27,623 [INFO] [DB ì‘ì—… 5/5] ì»¤ë°‹ ì™„ë£Œ.
2025-05-22 00:42:27,624 [INFO] âœ… ë°ì´í„°ë² ì´ìŠ¤ ì´ˆê¸°í™” ë° CSV ë°ì´í„° ì ì¬ ì‘ì—… ì™„ë£Œ.
2025-05-22 00:42:27,624 [INFO] MySQL ì—°ê²° ì¢…ë£Œ.
2025-05-22 00:42:27,624 [INFO] ìŒì‹ ë°ì´í„° ë¡œë“œë¥¼ ì‹œì‘í•©ë‹ˆë‹¤...
2025-05-22 00:42:27,624 [INFO] ìŒì‹ ì •ë³´ CSV ë¡œë“œ ì‹œë„: /Users/yoon/yamyam/YamYamCoach/recommend/data/foods_info.csv
2025-05-22 00:42:27,628 [INFO] ìŒì‹ ì˜ì–‘ ì •ë³´ CSV ë¡œë“œ ì‹œë„: /Users/yoon/yamyam/YamYamCoach/recommend/data/foods_nutrients.csv
2025-05-22 00:42:27,634 [INFO] CSVì—ì„œ 2614ê°œì˜ ìŒì‹ ë°ì´í„°ë¥¼ ì„±ê³µì ìœ¼ë¡œ ë¡œë“œí•˜ê³  ë³‘í•© (ë©”ëª¨ë¦¬).
2025-05-22 00:42:27,634 [INFO] ì „ì—­ ìŒì‹ ë°ì´í„° ë¡œë“œ ì™„ë£Œ. ì´ 2614ê°œ ìŒì‹.
2025-05-22 00:42:27,634 [INFO] ==================================================
2025-05-22 00:42:27,634 [INFO] ===== ì‹ë‹¨ ì¶”ì²œ ì‹œìŠ¤í…œ ì„œë²„ ì‹œì‘ (recSys_demo ì—°ë™, DB ìë™ ì´ˆê¸°í™”) =====
2025-05-22 00:42:27,634 [INFO] ì¸ë©”ëª¨ë¦¬ ìŒì‹ ë°ì´í„°(Pandas DF) 2614ê°œ ë¡œë“œ ì™„ë£Œ.
2025-05-22 00:42:27,634 [INFO] ìš”ì²­ ë¡œê·¸ëŠ” recommendation_requests.log íŒŒì¼ì— ì €ì¥ë©ë‹ˆë‹¤.
2025-05-22 00:42:27,634 [INFO] Flask ì„œë²„ ì‹¤í–‰: host=0.0.0.0, port=5001, debug=True
2025-05-22 00:42:27,634 [INFO] ==================================================
2025-05-22 00:42:27,639 [WARNING]  * Debugger is active!
2025-05-22 00:42:27,648 [INFO]  * Debugger PIN: 882-510-111
2025-05-22 00:43:27,576 [INFO]  * Detected change in '/Users/yoon/yamyam/YamYamCoach/recommend/recommend_server.py', reloading
2025-05-22 00:43:28,261 [INFO]  * Restarting with watchdog (fsevents)
2025-05-22 00:43:28,907 [INFO] ìŒì‹ ë°ì´í„° ë¡œë“œë¥¼ ì‹œì‘í•©ë‹ˆë‹¤...
2025-05-22 00:43:28,907 [INFO] ìŒì‹ ì •ë³´ CSV ë¡œë“œ ì‹œë„: /Users/yoon/yamyam/YamYamCoach/recommend/data/foods_info.csv
2025-05-22 00:43:28,912 [INFO] ìŒì‹ ì˜ì–‘ ì •ë³´ CSV ë¡œë“œ ì‹œë„: /Users/yoon/yamyam/YamYamCoach/recommend/data/foods_nutrients.csv
2025-05-22 00:43:28,920 [INFO] CSVì—ì„œ 2614ê°œì˜ ìŒì‹ ë°ì´í„°ë¥¼ ì„±ê³µì ìœ¼ë¡œ ë¡œë“œí•˜ê³  ë³‘í•© (ë©”ëª¨ë¦¬).
2025-05-22 00:43:28,920 [INFO] ì „ì—­ ìŒì‹ ë°ì´í„° ë¡œë“œ ì™„ë£Œ. ì´ 2614ê°œ ìŒì‹.
2025-05-22 00:43:28,920 [INFO] ë°ì´í„°ë² ì´ìŠ¤ ì´ˆê¸°í™” ë° CSV ë°ì´í„° ì ì¬ë¥¼ ì‹œì‘í•©ë‹ˆë‹¤...
2025-05-22 00:43:28,920 [INFO] [DB ì‘ì—… 1/5] CSV íŒŒì¼ ë¡œë“œ ì¤‘... ê²½ë¡œ: /Users/yoon/yamyam/YamYamCoach/recommend/data/foods_info.csv
2025-05-22 00:43:28,929 [INFO] [DB ì‘ì—… 1/5] CSV íŒŒì¼ ë¡œë“œ ì™„ë£Œ.
2025-05-22 00:43:28,929 [INFO] [DB ì‘ì—… 2/5] MySQL ì—°ê²° ì‹œë„...
2025-05-22 00:43:28,934 [INFO] [DB ì‘ì—… 2/5] MySQL ì—°ê²° ì™„ë£Œ.
2025-05-22 00:43:28,934 [INFO] [DB ì‘ì—… 3/5] ê¸°ì¡´ í…Œì´ë¸” ì‚­ì œ ì‹œë„...
2025-05-22 00:43:28,991 [INFO] [DB ì‘ì—… 3/5] ê¸°ì¡´ í…Œì´ë¸” ì‚­ì œ ì™„ë£Œ.
2025-05-22 00:43:28,991 [INFO] [DB ì‘ì—… 4/5] í…Œì´ë¸” ìƒì„± ë° ë°ì´í„° ì‚½ì… ì‹œë„...
2025-05-22 00:43:29,016 [INFO] foods_info í…Œì´ë¸”ì— 2614ê°œ ë°ì´í„° ì‚½ì… ì‹œì‘...
2025-05-22 00:43:29,271 [INFO] foods_info ë°ì´í„° ì‚½ì… ì™„ë£Œ.
2025-05-22 00:43:29,271 [INFO] foods_nutrients í…Œì´ë¸”ì— 2614ê°œ ë°ì´í„° ì‚½ì… ì‹œì‘...
2025-05-22 00:43:29,623 [INFO] foods_nutrients ë°ì´í„° ì‚½ì… ì™„ë£Œ.
2025-05-22 00:43:29,623 [INFO] [DB ì‘ì—… 4/5] í…Œì´ë¸” ìƒì„± ë° ë°ì´í„° ì‚½ì… ì™„ë£Œ.
2025-05-22 00:43:29,623 [INFO] [DB ì‘ì—… 5/5] ë³€ê²½ì‚¬í•­ ì»¤ë°‹ ì¤‘...
2025-05-22 00:43:29,628 [INFO] MySQL ì—°ê²° ì¢…ë£Œ.
2025-05-22 00:43:31,145 [INFO] ìŒì‹ ë°ì´í„° ë¡œë“œë¥¼ ì‹œì‘í•©ë‹ˆë‹¤...
2025-05-22 00:43:31,145 [INFO] ìŒì‹ ì •ë³´ CSV ë¡œë“œ ì‹œë„: /Users/yoon/yamyam/YamYamCoach/recommend/data/foods_info.csv
2025-05-22 00:43:31,149 [INFO] ìŒì‹ ì˜ì–‘ ì •ë³´ CSV ë¡œë“œ ì‹œë„: /Users/yoon/yamyam/YamYamCoach/recommend/data/foods_nutrients.csv
2025-05-22 00:43:31,155 [INFO] CSVì—ì„œ 2614ê°œì˜ ìŒì‹ ë°ì´í„°ë¥¼ ì„±ê³µì ìœ¼ë¡œ ë¡œë“œí•˜ê³  ë³‘í•© (ë©”ëª¨ë¦¬).
2025-05-22 00:43:31,155 [INFO] ì „ì—­ ìŒì‹ ë°ì´í„° ë¡œë“œ ì™„ë£Œ. ì´ 2614ê°œ ìŒì‹.
2025-05-22 00:43:31,155 [INFO] ë°ì´í„°ë² ì´ìŠ¤ ì´ˆê¸°í™” ë° CSV ë°ì´í„° ì ì¬ë¥¼ ì‹œì‘í•©ë‹ˆë‹¤...
2025-05-22 00:43:31,155 [INFO] [DB ì‘ì—… 1/5] CSV íŒŒì¼ ë¡œë“œ ì¤‘... ê²½ë¡œ: /Users/yoon/yamyam/YamYamCoach/recommend/data/foods_info.csv
2025-05-22 00:43:31,163 [INFO] [DB ì‘ì—… 1/5] CSV íŒŒì¼ ë¡œë“œ ì™„ë£Œ.
2025-05-22 00:43:31,163 [INFO] [DB ì‘ì—… 2/5] MySQL ì—°ê²° ì‹œë„...
2025-05-22 00:43:31,165 [INFO] [DB ì‘ì—… 2/5] MySQL ì—°ê²° ì™„ë£Œ.
2025-05-22 00:43:31,165 [INFO] [DB ì‘ì—… 3/5] ê¸°ì¡´ í…Œì´ë¸” ì‚­ì œ ì‹œë„...
2025-05-22 00:43:31,188 [INFO] [DB ì‘ì—… 3/5] ê¸°ì¡´ í…Œì´ë¸” ì‚­ì œ ì™„ë£Œ.
2025-05-22 00:43:31,188 [INFO] [DB ì‘ì—… 4/5] í…Œì´ë¸” ìƒì„± ë° ë°ì´í„° ì‚½ì… ì‹œë„...
2025-05-22 00:43:31,209 [INFO] foods_info í…Œì´ë¸”ì— 2614ê°œ ë°ì´í„° ì‚½ì… ì‹œì‘...
2025-05-22 00:43:31,449 [INFO] foods_info ë°ì´í„° ì‚½ì… ì™„ë£Œ.
2025-05-22 00:43:31,449 [INFO] foods_nutrients í…Œì´ë¸”ì— 2614ê°œ ë°ì´í„° ì‚½ì… ì‹œì‘...
2025-05-22 00:43:31,786 [INFO] foods_nutrients ë°ì´í„° ì‚½ì… ì™„ë£Œ.
2025-05-22 00:43:31,786 [INFO] [DB ì‘ì—… 4/5] í…Œì´ë¸” ìƒì„± ë° ë°ì´í„° ì‚½ì… ì™„ë£Œ.
2025-05-22 00:43:31,786 [INFO] [DB ì‘ì—… 5/5] ë³€ê²½ì‚¬í•­ ì»¤ë°‹ ì¤‘...
2025-05-22 00:43:31,794 [INFO] [DB ì‘ì—… 5/5] ì»¤ë°‹ ì™„ë£Œ.
2025-05-22 00:43:31,794 [INFO] âœ… ë°ì´í„°ë² ì´ìŠ¤ ì´ˆê¸°í™” ë° CSV ë°ì´í„° ì ì¬ ì‘ì—… ì™„ë£Œ.
2025-05-22 00:43:31,794 [INFO] MySQL ì—°ê²° ì¢…ë£Œ.
2025-05-22 00:43:31,795 [INFO] ìŒì‹ ë°ì´í„° ë¡œë“œë¥¼ ì‹œì‘í•©ë‹ˆë‹¤...
2025-05-22 00:43:31,795 [INFO] ìŒì‹ ì •ë³´ CSV ë¡œë“œ ì‹œë„: /Users/yoon/yamyam/YamYamCoach/recommend/data/foods_info.csv
2025-05-22 00:43:31,798 [INFO] ìŒì‹ ì˜ì–‘ ì •ë³´ CSV ë¡œë“œ ì‹œë„: /Users/yoon/yamyam/YamYamCoach/recommend/data/foods_nutrients.csv
2025-05-22 00:43:31,805 [INFO] CSVì—ì„œ 2614ê°œì˜ ìŒì‹ ë°ì´í„°ë¥¼ ì„±ê³µì ìœ¼ë¡œ ë¡œë“œí•˜ê³  ë³‘í•© (ë©”ëª¨ë¦¬).
2025-05-22 00:43:31,805 [INFO] ì „ì—­ ìŒì‹ ë°ì´í„° ë¡œë“œ ì™„ë£Œ. ì´ 2614ê°œ ìŒì‹.
2025-05-22 00:43:31,805 [INFO] ==================================================
2025-05-22 00:43:31,805 [INFO] ===== ì‹ë‹¨ ì¶”ì²œ ì‹œìŠ¤í…œ ì„œë²„ ì‹œì‘ (recSys_demo ì—°ë™, DB ìë™ ì´ˆê¸°í™”) =====
2025-05-22 00:43:31,805 [INFO] ì¸ë©”ëª¨ë¦¬ ìŒì‹ ë°ì´í„°(Pandas DF) 2614ê°œ ë¡œë“œ ì™„ë£Œ.
2025-05-22 00:43:31,805 [INFO] ìš”ì²­ ë¡œê·¸ëŠ” recommendation_requests.log íŒŒì¼ì— ì €ì¥ë©ë‹ˆë‹¤.
2025-05-22 00:43:31,805 [INFO] Flask ì„œë²„ ì‹¤í–‰: host=0.0.0.0, port=5001, debug=True
2025-05-22 00:43:31,805 [INFO] ==================================================
2025-05-22 00:43:31,823 [INFO] [31m[1mWARNING: This is a development server. Do not use it in a production deployment. Use a production WSGI server instead.[0m
 * Running on all addresses (0.0.0.0)
 * Running on http://127.0.0.1:5001
 * Running on http://192.168.50.82:5001
2025-05-22 00:43:31,824 [INFO] [33mPress CTRL+C to quit[0m
2025-05-22 00:43:31,829 [INFO]  * Restarting with watchdog (fsevents)
2025-05-22 00:43:32,231 [INFO] ìŒì‹ ë°ì´í„° ë¡œë“œë¥¼ ì‹œì‘í•©ë‹ˆë‹¤...
2025-05-22 00:43:32,231 [INFO] ìŒì‹ ì •ë³´ CSV ë¡œë“œ ì‹œë„: /Users/yoon/yamyam/YamYamCoach/recommend/data/foods_info.csv
2025-05-22 00:43:32,235 [INFO] ìŒì‹ ì˜ì–‘ ì •ë³´ CSV ë¡œë“œ ì‹œë„: /Users/yoon/yamyam/YamYamCoach/recommend/data/foods_nutrients.csv
2025-05-22 00:43:32,241 [INFO] CSVì—ì„œ 2614ê°œì˜ ìŒì‹ ë°ì´í„°ë¥¼ ì„±ê³µì ìœ¼ë¡œ ë¡œë“œí•˜ê³  ë³‘í•© (ë©”ëª¨ë¦¬).
2025-05-22 00:43:32,241 [INFO] ì „ì—­ ìŒì‹ ë°ì´í„° ë¡œë“œ ì™„ë£Œ. ì´ 2614ê°œ ìŒì‹.
2025-05-22 00:43:32,242 [INFO] ë°ì´í„°ë² ì´ìŠ¤ ì´ˆê¸°í™” ë° CSV ë°ì´í„° ì ì¬ë¥¼ ì‹œì‘í•©ë‹ˆë‹¤...
2025-05-22 00:43:32,242 [INFO] [DB ì‘ì—… 1/5] CSV íŒŒì¼ ë¡œë“œ ì¤‘... ê²½ë¡œ: /Users/yoon/yamyam/YamYamCoach/recommend/data/foods_info.csv
2025-05-22 00:43:32,250 [INFO] [DB ì‘ì—… 1/5] CSV íŒŒì¼ ë¡œë“œ ì™„ë£Œ.
2025-05-22 00:43:32,251 [INFO] [DB ì‘ì—… 2/5] MySQL ì—°ê²° ì‹œë„...
2025-05-22 00:43:32,255 [INFO] [DB ì‘ì—… 2/5] MySQL ì—°ê²° ì™„ë£Œ.
2025-05-22 00:43:32,255 [INFO] [DB ì‘ì—… 3/5] ê¸°ì¡´ í…Œì´ë¸” ì‚­ì œ ì‹œë„...
2025-05-22 00:43:32,269 [INFO] [DB ì‘ì—… 3/5] ê¸°ì¡´ í…Œì´ë¸” ì‚­ì œ ì™„ë£Œ.
2025-05-22 00:43:32,269 [INFO] [DB ì‘ì—… 4/5] í…Œì´ë¸” ìƒì„± ë° ë°ì´í„° ì‚½ì… ì‹œë„...
2025-05-22 00:43:32,288 [INFO] foods_info í…Œì´ë¸”ì— 2614ê°œ ë°ì´í„° ì‚½ì… ì‹œì‘...
2025-05-22 00:43:32,532 [INFO] foods_info ë°ì´í„° ì‚½ì… ì™„ë£Œ.
2025-05-22 00:43:32,532 [INFO] foods_nutrients í…Œì´ë¸”ì— 2614ê°œ ë°ì´í„° ì‚½ì… ì‹œì‘...
2025-05-22 00:43:32,872 [INFO] foods_nutrients ë°ì´í„° ì‚½ì… ì™„ë£Œ.
2025-05-22 00:43:32,872 [INFO] [DB ì‘ì—… 4/5] í…Œì´ë¸” ìƒì„± ë° ë°ì´í„° ì‚½ì… ì™„ë£Œ.
2025-05-22 00:43:32,872 [INFO] [DB ì‘ì—… 5/5] ë³€ê²½ì‚¬í•­ ì»¤ë°‹ ì¤‘...
2025-05-22 00:43:32,875 [INFO] [DB ì‘ì—… 5/5] ì»¤ë°‹ ì™„ë£Œ.
2025-05-22 00:43:32,875 [INFO] âœ… ë°ì´í„°ë² ì´ìŠ¤ ì´ˆê¸°í™” ë° CSV ë°ì´í„° ì ì¬ ì‘ì—… ì™„ë£Œ.
2025-05-22 00:43:32,875 [INFO] MySQL ì—°ê²° ì¢…ë£Œ.
2025-05-22 00:43:32,876 [INFO] ìŒì‹ ë°ì´í„° ë¡œë“œë¥¼ ì‹œì‘í•©ë‹ˆë‹¤...
2025-05-22 00:43:32,876 [INFO] ìŒì‹ ì •ë³´ CSV ë¡œë“œ ì‹œë„: /Users/yoon/yamyam/YamYamCoach/recommend/data/foods_info.csv
2025-05-22 00:43:32,879 [INFO] ìŒì‹ ì˜ì–‘ ì •ë³´ CSV ë¡œë“œ ì‹œë„: /Users/yoon/yamyam/YamYamCoach/recommend/data/foods_nutrients.csv
2025-05-22 00:43:32,886 [INFO] CSVì—ì„œ 2614ê°œì˜ ìŒì‹ ë°ì´í„°ë¥¼ ì„±ê³µì ìœ¼ë¡œ ë¡œë“œí•˜ê³  ë³‘í•© (ë©”ëª¨ë¦¬).
2025-05-22 00:43:32,886 [INFO] ì „ì—­ ìŒì‹ ë°ì´í„° ë¡œë“œ ì™„ë£Œ. ì´ 2614ê°œ ìŒì‹.
2025-05-22 00:43:32,886 [INFO] ==================================================
2025-05-22 00:43:32,886 [INFO] ===== ì‹ë‹¨ ì¶”ì²œ ì‹œìŠ¤í…œ ì„œë²„ ì‹œì‘ (recSys_demo ì—°ë™, DB ìë™ ì´ˆê¸°í™”) =====
2025-05-22 00:43:32,886 [INFO] ì¸ë©”ëª¨ë¦¬ ìŒì‹ ë°ì´í„°(Pandas DF) 2614ê°œ ë¡œë“œ ì™„ë£Œ.
2025-05-22 00:43:32,886 [INFO] ìš”ì²­ ë¡œê·¸ëŠ” recommendation_requests.log íŒŒì¼ì— ì €ì¥ë©ë‹ˆë‹¤.
2025-05-22 00:43:32,886 [INFO] Flask ì„œë²„ ì‹¤í–‰: host=0.0.0.0, port=5001, debug=True
2025-05-22 00:43:32,886 [INFO] ==================================================
2025-05-22 00:43:32,889 [WARNING]  * Debugger is active!
2025-05-22 00:43:32,898 [INFO]  * Debugger PIN: 882-510-111
2025-05-22 00:43:45,894 [INFO] ìš”ì²­ ìˆ˜ì‹  ì‹œê°„: 2025-05-22 00:43:45
2025-05-22 00:43:45,895 [INFO] ìš”ì²­ ë°ì´í„°: {'dishIds': [21, 22, 24, 25, 26, 27],
 'mealCount': 6,
 'nutrients': {'calories': 1421.0,
               'carbohydrate': 255.0,
               'fat': 39.0,
               'protein': 75.0,
               'sugar': 59.0},
 'user': {'age': 25,
          'diseaseTags': '',
          'gender': False,
          'height': 180,
          'targetWeight': 40,
          'userId': 2,
          'weight': 90}}
2025-05-22 00:43:45,898 [WARNING] ì ì‹¬ ì˜ì–‘ì†Œ ì •ë³´ ì¤‘ 'sodium' í•„ë“œê°€ ëˆ„ë½ë˜ì–´ 0ìœ¼ë¡œ ê¸°ë³¸ê°’ì„ ì„¤ì •í•©ë‹ˆë‹¤.
2025-05-22 00:43:45,898 [INFO] ê³„ì‚°ëœ BMI: 27.8
2025-05-22 00:43:45,898 [INFO] BMI ê¸°ë°˜ 'obesity' íƒœê·¸ ì¶”ê°€. ì—…ë°ì´íŠ¸ëœ ì§ˆë³‘ íƒœê·¸: obesity
2025-05-22 00:43:45,899 [INFO] ì¼ì¼ ëª©í‘œ EER: 2261.54 kcal, ëª©í‘œ ì˜ì–‘ì†Œ: {'carbohydrate': {'min_g': 254.4, 'max_g': 367.5}, 'protein': {'min_g': 56.5, 'max_g': 197.9}, 'fat': {'min_g': 50.3, 'max_g': 87.9}, 'sugar': {'min_g': 0, 'max_g': 56.5}}
2025-05-22 00:43:45,899 [INFO] ì €ë… ëª©í‘œ ì˜ì–‘ì†Œ: {'carbohydrate': {'min_g': 0, 'max_g': 112.5}, 'protein': {'min_g': 0, 'max_g': 122.9}, 'fat': {'min_g': 11.299999999999997, 'max_g': 48.900000000000006}, 'sugar': {'min_g': 0, 'max_g': 0}}
2025-05-22 00:43:45,912 [INFO] ì¶”ì²œ ê²°ê³¼: {'recommended_dishes': [{'name': 'ì˜¤ë¦¬ì£½', 'id': 'S00003'}], 'reason': 'ì£½ ë° ìŠ¤í”„ë¥˜ì—ì„œ ì˜¤ë¦¬ì£½ ì €ë…ì— í•„ìš”í•œ ë‹¨ë°±ì§ˆ ë³´ì¶©ì— ë„ì›€ë©ë‹ˆë‹¤..'}
2025-05-22 00:43:45,914 [INFO] ìµœì¢… ì‘ë‹µ ë°ì´í„°: {'nutrition_targets': {'daily_eer_kcal': 2261.54,
                       'daily_macros_gram': {'carbohydrate': {'max_g': 367.5,
                                                              'min_g': 254.4},
                                             'fat': {'max_g': 87.9,
                                                     'min_g': 50.3},
                                             'protein': {'max_g': 197.9,
                                                         'min_g': 56.5},
                                             'sugar': {'max_g': 56.5,
                                                       'min_g': 0}},
                       'evening_macros_gram': {'carbohydrate': {'max_g': 112.5,
                                                                'min_g': 0},
                                               'fat': {'max_g': 48.900000000000006,
                                                       'min_g': 11.299999999999997},
                                               'protein': {'max_g': 122.9,
                                                           'min_g': 0},
                                               'sugar': {'max_g': 0,
                                                         'min_g': 0}}},
 'reason': 'ì£½ ë° ìŠ¤í”„ë¥˜ì—ì„œ ì˜¤ë¦¬ì£½ ì €ë…ì— í•„ìš”í•œ ë‹¨ë°±ì§ˆ ë³´ì¶©ì— ë„ì›€ë©ë‹ˆë‹¤..',
 'recommendations': [{'id': 'S00003', 'name': 'ì˜¤ë¦¬ì£½'}],
 'timestamp': '2025-05-22T00:43:45.913912',
 'user_profile': {'bmi': 27.8, 'disease_tags_updated': 'obesity'}}
2025-05-22 00:43:45,928 [INFO] 127.0.0.1 - - [22/May/2025 00:43:45] "POST /recommend HTTP/1.1" 200 -
2025-05-22 00:44:04,214 [INFO] ìš”ì²­ ìˆ˜ì‹  ì‹œê°„: 2025-05-22 00:44:04
2025-05-22 00:44:04,217 [INFO] ìš”ì²­ ë°ì´í„°: {'dishIds': [21, 22, 23, 25],
 'mealCount': 4,
 'nutrients': {'calories': 1275.0,
               'carbohydrate': 151.0,
               'fat': 24.0,
               'protein': 53.0,
               'sugar': 33.0},
 'user': {'age': 25,
          'diseaseTags': '',
          'gender': False,
          'height': 180,
          'targetWeight': 40,
          'userId': 2,
          'weight': 90}}
2025-05-22 00:44:04,218 [WARNING] ì ì‹¬ ì˜ì–‘ì†Œ ì •ë³´ ì¤‘ 'sodium' í•„ë“œê°€ ëˆ„ë½ë˜ì–´ 0ìœ¼ë¡œ ê¸°ë³¸ê°’ì„ ì„¤ì •í•©ë‹ˆë‹¤.
2025-05-22 00:44:04,219 [INFO] ê³„ì‚°ëœ BMI: 27.8
2025-05-22 00:44:04,219 [INFO] BMI ê¸°ë°˜ 'obesity' íƒœê·¸ ì¶”ê°€. ì—…ë°ì´íŠ¸ëœ ì§ˆë³‘ íƒœê·¸: obesity
2025-05-22 00:44:04,219 [INFO] ì¼ì¼ ëª©í‘œ EER: 2261.54 kcal, ëª©í‘œ ì˜ì–‘ì†Œ: {'carbohydrate': {'min_g': 254.4, 'max_g': 367.5}, 'protein': {'min_g': 56.5, 'max_g': 197.9}, 'fat': {'min_g': 50.3, 'max_g': 87.9}, 'sugar': {'min_g': 0, 'max_g': 56.5}}
2025-05-22 00:44:04,219 [INFO] ì €ë… ëª©í‘œ ì˜ì–‘ì†Œ: {'carbohydrate': {'min_g': 103.4, 'max_g': 216.5}, 'protein': {'min_g': 3.5, 'max_g': 144.9}, 'fat': {'min_g': 26.299999999999997, 'max_g': 63.900000000000006}, 'sugar': {'min_g': 0, 'max_g': 23.5}}
2025-05-22 00:44:04,233 [INFO] ì¶”ì²œ ê²°ê³¼: {'recommended_dishes': [{'name': 'ë‹­ë°±ìˆ™', 'id': 'C00268'}, {'name': 'ë”ë•ì¥ì•„ì°Œ', 'id': 'O00002'}], 'reason': 'êµ­ ë° íƒ•ë¥˜ì˜ ë‹­ë°±ìˆ™(ì€)ëŠ” ë‹¨ë°±ì§ˆ ë³´ì¶©ì— ì¢‹ìŠµë‹ˆë‹¤. ì¥ì•„ì°ŒÂ·ì ˆì„ë¥˜ì˜ ë”ë•ì¥ì•„ì°Œ(ì€)ëŠ” ê· í˜•ì¡íŒ ì„ íƒì…ë‹ˆë‹¤..'}
2025-05-22 00:44:04,234 [INFO] ìµœì¢… ì‘ë‹µ ë°ì´í„°: {'nutrition_targets': {'daily_eer_kcal': 2261.54,
                       'daily_macros_gram': {'carbohydrate': {'max_g': 367.5,
                                                              'min_g': 254.4},
                                             'fat': {'max_g': 87.9,
                                                     'min_g': 50.3},
                                             'protein': {'max_g': 197.9,
                                                         'min_g': 56.5},
                                             'sugar': {'max_g': 56.5,
                                                       'min_g': 0}},
                       'evening_macros_gram': {'carbohydrate': {'max_g': 216.5,
                                                                'min_g': 103.4},
                                               'fat': {'max_g': 63.900000000000006,
                                                       'min_g': 26.299999999999997},
                                               'protein': {'max_g': 144.9,
                                                           'min_g': 3.5},
                                               'sugar': {'max_g': 23.5,
                                                         'min_g': 0}}},
 'reason': 'êµ­ ë° íƒ•ë¥˜ì˜ ë‹­ë°±ìˆ™(ì€)ëŠ” ë‹¨ë°±ì§ˆ ë³´ì¶©ì— ì¢‹ìŠµë‹ˆë‹¤. ì¥ì•„ì°ŒÂ·ì ˆì„ë¥˜ì˜ ë”ë•ì¥ì•„ì°Œ(ì€)ëŠ” ê· í˜•ì¡íŒ ì„ íƒì…ë‹ˆë‹¤..',
 'recommendations': [{'id': 'C00268', 'name': 'ë‹­ë°±ìˆ™'},
                     {'id': 'O00002', 'name': 'ë”ë•ì¥ì•„ì°Œ'}],
 'timestamp': '2025-05-22T00:44:04.233899',
 'user_profile': {'bmi': 27.8, 'disease_tags_updated': 'obesity'}}
2025-05-22 00:44:04,236 [INFO] 127.0.0.1 - - [22/May/2025 00:44:04] "POST /recommend HTTP/1.1" 200 -
2025-05-22 00:51:24,195 [INFO] ìŒì‹ ë°ì´í„° ë¡œë“œë¥¼ ì‹œì‘í•©ë‹ˆë‹¤...
2025-05-22 00:51:24,195 [INFO] ìŒì‹ ì •ë³´ CSV ë¡œë“œ ì‹œë„: /Users/yoon/yamyam/YamYamCoach/recommend/data/foods_info.csv
2025-05-22 00:51:24,200 [INFO] ìŒì‹ ì˜ì–‘ ì •ë³´ CSV ë¡œë“œ ì‹œë„: /Users/yoon/yamyam/YamYamCoach/recommend/data/foods_nutrients.csv
2025-05-22 00:51:24,206 [INFO] CSVì—ì„œ 2614ê°œì˜ ìŒì‹ ë°ì´í„°ë¥¼ ì„±ê³µì ìœ¼ë¡œ ë¡œë“œí•˜ê³  ë³‘í•© (ë©”ëª¨ë¦¬).
2025-05-22 00:51:24,206 [INFO] ì „ì—­ ìŒì‹ ë°ì´í„° ë¡œë“œ ì™„ë£Œ. ì´ 2614ê°œ ìŒì‹.
2025-05-22 00:51:24,206 [INFO] ë°ì´í„°ë² ì´ìŠ¤ ì´ˆê¸°í™” ë° CSV ë°ì´í„° ì ì¬ë¥¼ ì‹œì‘í•©ë‹ˆë‹¤...
2025-05-22 00:51:24,206 [INFO] [DB ì‘ì—… 1/5] CSV íŒŒì¼ ë¡œë“œ ì¤‘... ê²½ë¡œ: /Users/yoon/yamyam/YamYamCoach/recommend/data/foods_info.csv
2025-05-22 00:51:24,215 [INFO] [DB ì‘ì—… 1/5] CSV íŒŒì¼ ë¡œë“œ ì™„ë£Œ.
2025-05-22 00:51:24,215 [INFO] [DB ì‘ì—… 2/5] MySQL ì—°ê²° ì‹œë„...
2025-05-22 00:51:24,218 [INFO] [DB ì‘ì—… 2/5] MySQL ì—°ê²° ì™„ë£Œ.
2025-05-22 00:51:24,218 [INFO] [DB ì‘ì—… 3/5] ê¸°ì¡´ í…Œì´ë¸” ì‚­ì œ ì‹œë„...
2025-05-22 00:51:24,240 [INFO] [DB ì‘ì—… 3/5] ê¸°ì¡´ í…Œì´ë¸” ì‚­ì œ ì™„ë£Œ.
2025-05-22 00:51:24,240 [INFO] [DB ì‘ì—… 4/5] í…Œì´ë¸” ìƒì„± ë° ë°ì´í„° ì‚½ì… ì‹œë„...
2025-05-22 00:51:24,250 [INFO] foods_info í…Œì´ë¸”ì— 2614ê°œ ë°ì´í„° ì‚½ì… ì‹œì‘...
2025-05-22 00:51:24,494 [INFO] foods_info ë°ì´í„° ì‚½ì… ì™„ë£Œ.
2025-05-22 00:51:24,494 [INFO] foods_nutrients í…Œì´ë¸”ì— 2614ê°œ ë°ì´í„° ì‚½ì… ì‹œì‘...
2025-05-22 00:51:24,844 [INFO] foods_nutrients ë°ì´í„° ì‚½ì… ì™„ë£Œ.
2025-05-22 00:51:24,844 [INFO] [DB ì‘ì—… 4/5] í…Œì´ë¸” ìƒì„± ë° ë°ì´í„° ì‚½ì… ì™„ë£Œ.
2025-05-22 00:51:24,844 [INFO] [DB ì‘ì—… 5/5] ë³€ê²½ì‚¬í•­ ì»¤ë°‹ ì¤‘...
2025-05-22 00:51:24,855 [INFO] [DB ì‘ì—… 5/5] ì»¤ë°‹ ì™„ë£Œ.
2025-05-22 00:51:24,855 [INFO] âœ… ë°ì´í„°ë² ì´ìŠ¤ ì´ˆê¸°í™” ë° CSV ë°ì´í„° ì ì¬ ì‘ì—… ì™„ë£Œ.
2025-05-22 00:51:24,855 [INFO] MySQL ì—°ê²° ì¢…ë£Œ.
2025-05-22 00:51:24,856 [INFO] ìŒì‹ ë°ì´í„° ë¡œë“œë¥¼ ì‹œì‘í•©ë‹ˆë‹¤...
2025-05-22 00:51:24,856 [INFO] ìŒì‹ ì •ë³´ CSV ë¡œë“œ ì‹œë„: /Users/yoon/yamyam/YamYamCoach/recommend/data/foods_info.csv
2025-05-22 00:51:24,859 [INFO] ìŒì‹ ì˜ì–‘ ì •ë³´ CSV ë¡œë“œ ì‹œë„: /Users/yoon/yamyam/YamYamCoach/recommend/data/foods_nutrients.csv
2025-05-22 00:51:24,865 [INFO] CSVì—ì„œ 2614ê°œì˜ ìŒì‹ ë°ì´í„°ë¥¼ ì„±ê³µì ìœ¼ë¡œ ë¡œë“œí•˜ê³  ë³‘í•© (ë©”ëª¨ë¦¬).
2025-05-22 00:51:24,866 [INFO] ì „ì—­ ìŒì‹ ë°ì´í„° ë¡œë“œ ì™„ë£Œ. ì´ 2614ê°œ ìŒì‹.
2025-05-22 00:51:24,866 [INFO] ==================================================
2025-05-22 00:51:24,866 [INFO] ===== ì‹ë‹¨ ì¶”ì²œ ì‹œìŠ¤í…œ ì„œë²„ ì‹œì‘ (recSys_demo ì—°ë™, DB ìë™ ì´ˆê¸°í™”) =====
2025-05-22 00:51:24,866 [INFO] ì¸ë©”ëª¨ë¦¬ ìŒì‹ ë°ì´í„°(Pandas DF) 2614ê°œ ë¡œë“œ ì™„ë£Œ.
2025-05-22 00:51:24,866 [INFO] ìš”ì²­ ë¡œê·¸ëŠ” recommendation_requests.log íŒŒì¼ì— ì €ì¥ë©ë‹ˆë‹¤.
2025-05-22 00:51:24,866 [INFO] Flask ì„œë²„ ì‹¤í–‰: host=0.0.0.0, port=5001, debug=True
2025-05-22 00:51:24,866 [INFO] ==================================================
2025-05-22 00:51:24,884 [INFO] [31m[1mWARNING: This is a development server. Do not use it in a production deployment. Use a production WSGI server instead.[0m
 * Running on all addresses (0.0.0.0)
 * Running on http://127.0.0.1:5001
 * Running on http://192.168.50.82:5001
2025-05-22 00:51:24,884 [INFO] [33mPress CTRL+C to quit[0m
2025-05-22 00:51:24,890 [INFO]  * Restarting with watchdog (fsevents)
2025-05-22 00:51:25,323 [INFO] ìŒì‹ ë°ì´í„° ë¡œë“œë¥¼ ì‹œì‘í•©ë‹ˆë‹¤...
2025-05-22 00:51:25,323 [INFO] ìŒì‹ ì •ë³´ CSV ë¡œë“œ ì‹œë„: /Users/yoon/yamyam/YamYamCoach/recommend/data/foods_info.csv
2025-05-22 00:51:25,327 [INFO] ìŒì‹ ì˜ì–‘ ì •ë³´ CSV ë¡œë“œ ì‹œë„: /Users/yoon/yamyam/YamYamCoach/recommend/data/foods_nutrients.csv
2025-05-22 00:51:25,333 [INFO] CSVì—ì„œ 2614ê°œì˜ ìŒì‹ ë°ì´í„°ë¥¼ ì„±ê³µì ìœ¼ë¡œ ë¡œë“œí•˜ê³  ë³‘í•© (ë©”ëª¨ë¦¬).
2025-05-22 00:51:25,333 [INFO] ì „ì—­ ìŒì‹ ë°ì´í„° ë¡œë“œ ì™„ë£Œ. ì´ 2614ê°œ ìŒì‹.
2025-05-22 00:51:25,333 [INFO] ë°ì´í„°ë² ì´ìŠ¤ ì´ˆê¸°í™” ë° CSV ë°ì´í„° ì ì¬ë¥¼ ì‹œì‘í•©ë‹ˆë‹¤...
2025-05-22 00:51:25,333 [INFO] [DB ì‘ì—… 1/5] CSV íŒŒì¼ ë¡œë“œ ì¤‘... ê²½ë¡œ: /Users/yoon/yamyam/YamYamCoach/recommend/data/foods_info.csv
2025-05-22 00:51:25,341 [INFO] [DB ì‘ì—… 1/5] CSV íŒŒì¼ ë¡œë“œ ì™„ë£Œ.
2025-05-22 00:51:25,341 [INFO] [DB ì‘ì—… 2/5] MySQL ì—°ê²° ì‹œë„...
2025-05-22 00:51:25,343 [INFO] [DB ì‘ì—… 2/5] MySQL ì—°ê²° ì™„ë£Œ.
2025-05-22 00:51:25,343 [INFO] [DB ì‘ì—… 3/5] ê¸°ì¡´ í…Œì´ë¸” ì‚­ì œ ì‹œë„...
2025-05-22 00:51:25,357 [INFO] [DB ì‘ì—… 3/5] ê¸°ì¡´ í…Œì´ë¸” ì‚­ì œ ì™„ë£Œ.
2025-05-22 00:51:25,357 [INFO] [DB ì‘ì—… 4/5] í…Œì´ë¸” ìƒì„± ë° ë°ì´í„° ì‚½ì… ì‹œë„...
2025-05-22 00:51:25,378 [INFO] foods_info í…Œì´ë¸”ì— 2614ê°œ ë°ì´í„° ì‚½ì… ì‹œì‘...
2025-05-22 00:51:25,619 [INFO] foods_info ë°ì´í„° ì‚½ì… ì™„ë£Œ.
2025-05-22 00:51:25,619 [INFO] foods_nutrients í…Œì´ë¸”ì— 2614ê°œ ë°ì´í„° ì‚½ì… ì‹œì‘...
2025-05-22 00:51:26,009 [INFO] foods_nutrients ë°ì´í„° ì‚½ì… ì™„ë£Œ.
2025-05-22 00:51:26,010 [INFO] [DB ì‘ì—… 4/5] í…Œì´ë¸” ìƒì„± ë° ë°ì´í„° ì‚½ì… ì™„ë£Œ.
2025-05-22 00:51:26,010 [INFO] [DB ì‘ì—… 5/5] ë³€ê²½ì‚¬í•­ ì»¤ë°‹ ì¤‘...
2025-05-22 00:51:26,019 [INFO] [DB ì‘ì—… 5/5] ì»¤ë°‹ ì™„ë£Œ.
2025-05-22 00:51:26,019 [INFO] âœ… ë°ì´í„°ë² ì´ìŠ¤ ì´ˆê¸°í™” ë° CSV ë°ì´í„° ì ì¬ ì‘ì—… ì™„ë£Œ.
2025-05-22 00:51:26,019 [INFO] MySQL ì—°ê²° ì¢…ë£Œ.
2025-05-22 00:51:26,020 [INFO] ìŒì‹ ë°ì´í„° ë¡œë“œë¥¼ ì‹œì‘í•©ë‹ˆë‹¤...
2025-05-22 00:51:26,020 [INFO] ìŒì‹ ì •ë³´ CSV ë¡œë“œ ì‹œë„: /Users/yoon/yamyam/YamYamCoach/recommend/data/foods_info.csv
2025-05-22 00:51:26,023 [INFO] ìŒì‹ ì˜ì–‘ ì •ë³´ CSV ë¡œë“œ ì‹œë„: /Users/yoon/yamyam/YamYamCoach/recommend/data/foods_nutrients.csv
2025-05-22 00:51:26,029 [INFO] CSVì—ì„œ 2614ê°œì˜ ìŒì‹ ë°ì´í„°ë¥¼ ì„±ê³µì ìœ¼ë¡œ ë¡œë“œí•˜ê³  ë³‘í•© (ë©”ëª¨ë¦¬).
2025-05-22 00:51:26,030 [INFO] ì „ì—­ ìŒì‹ ë°ì´í„° ë¡œë“œ ì™„ë£Œ. ì´ 2614ê°œ ìŒì‹.
2025-05-22 00:51:26,030 [INFO] ==================================================
2025-05-22 00:51:26,030 [INFO] ===== ì‹ë‹¨ ì¶”ì²œ ì‹œìŠ¤í…œ ì„œë²„ ì‹œì‘ (recSys_demo ì—°ë™, DB ìë™ ì´ˆê¸°í™”) =====
2025-05-22 00:51:26,030 [INFO] ì¸ë©”ëª¨ë¦¬ ìŒì‹ ë°ì´í„°(Pandas DF) 2614ê°œ ë¡œë“œ ì™„ë£Œ.
2025-05-22 00:51:26,030 [INFO] ìš”ì²­ ë¡œê·¸ëŠ” recommendation_requests.log íŒŒì¼ì— ì €ì¥ë©ë‹ˆë‹¤.
2025-05-22 00:51:26,030 [INFO] Flask ì„œë²„ ì‹¤í–‰: host=0.0.0.0, port=5001, debug=True
2025-05-22 00:51:26,030 [INFO] ==================================================
2025-05-22 00:51:26,033 [WARNING]  * Debugger is active!
2025-05-22 00:51:26,042 [INFO]  * Debugger PIN: 882-510-111
2025-05-22 00:51:28,923 [INFO] ìš”ì²­ ìˆ˜ì‹  ì‹œê°„: 2025-05-22 00:51:28
2025-05-22 00:51:28,925 [INFO] ìš”ì²­ ë°ì´í„°: {'dishIds': [21, 22, 23, 25],
 'mealCount': 4,
 'nutrients': {'calories': 1275.0,
               'carbohydrate': 151.0,
               'fat': 24.0,
               'protein': 53.0,
               'sugar': 33.0},
 'user': {'age': 25,
          'diseaseTags': '',
          'gender': False,
          'height': 180,
          'targetWeight': 40,
          'userId': 2,
          'weight': 90}}
2025-05-22 00:51:28,927 [WARNING] ì ì‹¬ ì˜ì–‘ì†Œ ì •ë³´ ì¤‘ 'sodium' í•„ë“œê°€ ëˆ„ë½ë˜ì–´ 0ìœ¼ë¡œ ê¸°ë³¸ê°’ì„ ì„¤ì •í•©ë‹ˆë‹¤.
2025-05-22 00:51:28,927 [INFO] ê³„ì‚°ëœ BMI: 27.8
2025-05-22 00:51:28,928 [INFO] BMI ê¸°ë°˜ 'obesity' íƒœê·¸ ì¶”ê°€. ì—…ë°ì´íŠ¸ëœ ì§ˆë³‘ íƒœê·¸: obesity
2025-05-22 00:51:28,928 [INFO] ì¼ì¼ ëª©í‘œ EER: 2261.54 kcal, ëª©í‘œ ì˜ì–‘ì†Œ: {'carbohydrate': {'min_g': 254.4, 'max_g': 367.5}, 'protein': {'min_g': 56.5, 'max_g': 197.9}, 'fat': {'min_g': 50.3, 'max_g': 87.9}, 'sugar': {'min_g': 0, 'max_g': 56.5}}
2025-05-22 00:51:28,928 [INFO] ì €ë… ëª©í‘œ ì˜ì–‘ì†Œ: {'carbohydrate': {'min_g': 103.4, 'max_g': 216.5}, 'protein': {'min_g': 3.5, 'max_g': 144.9}, 'fat': {'min_g': 26.299999999999997, 'max_g': 63.900000000000006}, 'sugar': {'min_g': 0, 'max_g': 23.5}}
2025-05-22 00:51:28,936 [INFO] ì¶”ì²œ ê²°ê³¼: {'recommended_dishes': [{'name': 'ì˜¤ë¦¬ì£½', 'id': 'S00003'}], 'reason': 'ì£½ ë° ìŠ¤í”„ë¥˜ì—ì„œ ì˜¤ë¦¬ì£½ ì €ë…ì— í•„ìš”í•œ ë‹¨ë°±ì§ˆ ë³´ì¶©ì— ë„ì›€ë©ë‹ˆë‹¤..'}
2025-05-22 00:51:28,938 [INFO] ìµœì¢… ì‘ë‹µ ë°ì´í„°: {'nutrition_targets': {'daily_eer_kcal': 2261.54,
                       'daily_macros_gram': {'carbohydrate': {'max_g': 367.5,
                                                              'min_g': 254.4},
                                             'fat': {'max_g': 87.9,
                                                     'min_g': 50.3},
                                             'protein': {'max_g': 197.9,
                                                         'min_g': 56.5},
                                             'sugar': {'max_g': 56.5,
                                                       'min_g': 0}},
                       'evening_macros_gram': {'carbohydrate': {'max_g': 216.5,
                                                                'min_g': 103.4},
                                               'fat': {'max_g': 63.900000000000006,
                                                       'min_g': 26.299999999999997},
                                               'protein': {'max_g': 144.9,
                                                           'min_g': 3.5},
                                               'sugar': {'max_g': 23.5,
                                                         'min_g': 0}}},
 'reason': 'ì£½ ë° ìŠ¤í”„ë¥˜ì—ì„œ ì˜¤ë¦¬ì£½ ì €ë…ì— í•„ìš”í•œ ë‹¨ë°±ì§ˆ ë³´ì¶©ì— ë„ì›€ë©ë‹ˆë‹¤..',
 'recommendations': [{'id': 'S00003', 'name': 'ì˜¤ë¦¬ì£½'}],
 'timestamp': '2025-05-22T00:51:28.937222',
 'user_profile': {'bmi': 27.8, 'disease_tags_updated': 'obesity'}}
2025-05-22 00:51:28,939 [INFO] 127.0.0.1 - - [22/May/2025 00:51:28] "POST /recommend HTTP/1.1" 200 -
2025-05-22 00:52:16,044 [INFO] ìš”ì²­ ìˆ˜ì‹  ì‹œê°„: 2025-05-22 00:52:16
2025-05-22 00:52:16,045 [INFO] ìš”ì²­ ë°ì´í„°: {'dishIds': [21, 22, 23, 24, 25, 26, 27],
 'mealCount': 7,
 'nutrients': {'calories': 1456.0,
               'carbohydrate': 283.0,
               'fat': 53.0,
               'protein': 102.0,
               'sugar': 72.0},
 'user': {'age': 25,
          'diseaseTags': '',
          'gender': False,
          'height': 180,
          'targetWeight': 40,
          'userId': 2,
          'weight': 90}}
2025-05-22 00:52:16,047 [WARNING] ì ì‹¬ ì˜ì–‘ì†Œ ì •ë³´ ì¤‘ 'sodium' í•„ë“œê°€ ëˆ„ë½ë˜ì–´ 0ìœ¼ë¡œ ê¸°ë³¸ê°’ì„ ì„¤ì •í•©ë‹ˆë‹¤.
2025-05-22 00:52:16,047 [INFO] ê³„ì‚°ëœ BMI: 27.8
2025-05-22 00:52:16,047 [INFO] BMI ê¸°ë°˜ 'obesity' íƒœê·¸ ì¶”ê°€. ì—…ë°ì´íŠ¸ëœ ì§ˆë³‘ íƒœê·¸: obesity
2025-05-22 00:52:16,047 [INFO] ì¼ì¼ ëª©í‘œ EER: 2261.54 kcal, ëª©í‘œ ì˜ì–‘ì†Œ: {'carbohydrate': {'min_g': 254.4, 'max_g': 367.5}, 'protein': {'min_g': 56.5, 'max_g': 197.9}, 'fat': {'min_g': 50.3, 'max_g': 87.9}, 'sugar': {'min_g': 0, 'max_g': 56.5}}
2025-05-22 00:52:16,047 [INFO] ì €ë… ëª©í‘œ ì˜ì–‘ì†Œ: {'carbohydrate': {'min_g': 0, 'max_g': 84.5}, 'protein': {'min_g': 0, 'max_g': 95.9}, 'fat': {'min_g': 0, 'max_g': 34.900000000000006}, 'sugar': {'min_g': 0, 'max_g': 0}}
2025-05-22 00:52:16,052 [INFO] ì¶”ì²œ ê²°ê³¼: {'recommended_dishes': [{'name': 'ê¹€ì¹˜ ê³ ê¸°ë§Œë‘', 'id': 'F00134'}], 'reason': 'ë©´ ë° ë§Œë‘ë¥˜ì—ì„œ ê¹€ì¹˜ ê³ ê¸°ë§Œë‘ ì €ë…ì— í•„ìš”í•œ ë‹¨ë°±ì§ˆ ë³´ì¶©ì— ë„ì›€ë©ë‹ˆë‹¤..'}
2025-05-22 00:52:16,053 [INFO] ìµœì¢… ì‘ë‹µ ë°ì´í„°: {'nutrition_targets': {'daily_eer_kcal': 2261.54,
                       'daily_macros_gram': {'carbohydrate': {'max_g': 367.5,
                                                              'min_g': 254.4},
                                             'fat': {'max_g': 87.9,
                                                     'min_g': 50.3},
                                             'protein': {'max_g': 197.9,
                                                         'min_g': 56.5},
                                             'sugar': {'max_g': 56.5,
                                                       'min_g': 0}},
                       'evening_macros_gram': {'carbohydrate': {'max_g': 84.5,
                                                                'min_g': 0},
                                               'fat': {'max_g': 34.900000000000006,
                                                       'min_g': 0},
                                               'protein': {'max_g': 95.9,
                                                           'min_g': 0},
                                               'sugar': {'max_g': 0,
                                                         'min_g': 0}}},
 'reason': 'ë©´ ë° ë§Œë‘ë¥˜ì—ì„œ ê¹€ì¹˜ ê³ ê¸°ë§Œë‘ ì €ë…ì— í•„ìš”í•œ ë‹¨ë°±ì§ˆ ë³´ì¶©ì— ë„ì›€ë©ë‹ˆë‹¤..',
 'recommendations': [{'id': 'F00134', 'name': 'ê¹€ì¹˜ ê³ ê¸°ë§Œë‘'}],
 'timestamp': '2025-05-22T00:52:16.052364',
 'user_profile': {'bmi': 27.8, 'disease_tags_updated': 'obesity'}}
2025-05-22 00:52:16,055 [INFO] 127.0.0.1 - - [22/May/2025 00:52:16] "POST /recommend HTTP/1.1" 200 -
2025-05-22 00:52:31,271 [INFO] ìŒì‹ ë°ì´í„° ë¡œë“œë¥¼ ì‹œì‘í•©ë‹ˆë‹¤...
2025-05-22 00:52:31,271 [INFO] ìŒì‹ ì •ë³´ CSV ë¡œë“œ ì‹œë„: /Users/yoon/yamyam/YamYamCoach/recommend/data/foods_info.csv
2025-05-22 00:52:31,275 [INFO] ìŒì‹ ì˜ì–‘ ì •ë³´ CSV ë¡œë“œ ì‹œë„: /Users/yoon/yamyam/YamYamCoach/recommend/data/foods_nutrients.csv
2025-05-22 00:52:31,282 [INFO] CSVì—ì„œ 2614ê°œì˜ ìŒì‹ ë°ì´í„°ë¥¼ ì„±ê³µì ìœ¼ë¡œ ë¡œë“œí•˜ê³  ë³‘í•© (ë©”ëª¨ë¦¬).
2025-05-22 00:52:31,282 [INFO] ì „ì—­ ìŒì‹ ë°ì´í„° ë¡œë“œ ì™„ë£Œ. ì´ 2614ê°œ ìŒì‹.
2025-05-22 00:52:31,282 [INFO] ë°ì´í„°ë² ì´ìŠ¤ ì´ˆê¸°í™” ë° CSV ë°ì´í„° ì ì¬ë¥¼ ì‹œì‘í•©ë‹ˆë‹¤...
2025-05-22 00:52:31,282 [INFO] [DB ì‘ì—… 1/5] CSV íŒŒì¼ ë¡œë“œ ì¤‘... ê²½ë¡œ: /Users/yoon/yamyam/YamYamCoach/recommend/data/foods_info.csv
2025-05-22 00:52:31,290 [INFO] [DB ì‘ì—… 1/5] CSV íŒŒì¼ ë¡œë“œ ì™„ë£Œ.
2025-05-22 00:52:31,290 [INFO] [DB ì‘ì—… 2/5] MySQL ì—°ê²° ì‹œë„...
2025-05-22 00:52:31,293 [INFO] [DB ì‘ì—… 2/5] MySQL ì—°ê²° ì™„ë£Œ.
2025-05-22 00:52:31,293 [INFO] [DB ì‘ì—… 3/5] ê¸°ì¡´ í…Œì´ë¸” ì‚­ì œ ì‹œë„...
2025-05-22 00:52:31,308 [INFO] [DB ì‘ì—… 3/5] ê¸°ì¡´ í…Œì´ë¸” ì‚­ì œ ì™„ë£Œ.
2025-05-22 00:52:31,308 [INFO] [DB ì‘ì—… 4/5] í…Œì´ë¸” ìƒì„± ë° ë°ì´í„° ì‚½ì… ì‹œë„...
2025-05-22 00:52:31,319 [INFO] foods_info í…Œì´ë¸”ì— 2614ê°œ ë°ì´í„° ì‚½ì… ì‹œì‘...
2025-05-22 00:52:31,563 [INFO] foods_info ë°ì´í„° ì‚½ì… ì™„ë£Œ.
2025-05-22 00:52:31,563 [INFO] foods_nutrients í…Œì´ë¸”ì— 2614ê°œ ë°ì´í„° ì‚½ì… ì‹œì‘...
2025-05-22 00:52:31,912 [INFO] foods_nutrients ë°ì´í„° ì‚½ì… ì™„ë£Œ.
2025-05-22 00:52:31,913 [INFO] [DB ì‘ì—… 4/5] í…Œì´ë¸” ìƒì„± ë° ë°ì´í„° ì‚½ì… ì™„ë£Œ.
2025-05-22 00:52:31,913 [INFO] [DB ì‘ì—… 5/5] ë³€ê²½ì‚¬í•­ ì»¤ë°‹ ì¤‘...
2025-05-22 00:52:31,917 [INFO] [DB ì‘ì—… 5/5] ì»¤ë°‹ ì™„ë£Œ.
2025-05-22 00:52:31,917 [INFO] âœ… ë°ì´í„°ë² ì´ìŠ¤ ì´ˆê¸°í™” ë° CSV ë°ì´í„° ì ì¬ ì‘ì—… ì™„ë£Œ.
2025-05-22 00:52:31,917 [INFO] MySQL ì—°ê²° ì¢…ë£Œ.
2025-05-22 00:52:31,917 [INFO] ìŒì‹ ë°ì´í„° ë¡œë“œë¥¼ ì‹œì‘í•©ë‹ˆë‹¤...
2025-05-22 00:52:31,917 [INFO] ìŒì‹ ì •ë³´ CSV ë¡œë“œ ì‹œë„: /Users/yoon/yamyam/YamYamCoach/recommend/data/foods_info.csv
2025-05-22 00:52:31,921 [INFO] ìŒì‹ ì˜ì–‘ ì •ë³´ CSV ë¡œë“œ ì‹œë„: /Users/yoon/yamyam/YamYamCoach/recommend/data/foods_nutrients.csv
2025-05-22 00:52:31,927 [INFO] CSVì—ì„œ 2614ê°œì˜ ìŒì‹ ë°ì´í„°ë¥¼ ì„±ê³µì ìœ¼ë¡œ ë¡œë“œí•˜ê³  ë³‘í•© (ë©”ëª¨ë¦¬).
2025-05-22 00:52:31,927 [INFO] ì „ì—­ ìŒì‹ ë°ì´í„° ë¡œë“œ ì™„ë£Œ. ì´ 2614ê°œ ìŒì‹.
2025-05-22 00:52:31,927 [INFO] ==================================================
2025-05-22 00:52:31,927 [INFO] ===== ì‹ë‹¨ ì¶”ì²œ ì‹œìŠ¤í…œ ì„œë²„ ì‹œì‘ (recSys_demo ì—°ë™, DB ìë™ ì´ˆê¸°í™”) =====
2025-05-22 00:52:31,927 [INFO] ì¸ë©”ëª¨ë¦¬ ìŒì‹ ë°ì´í„°(Pandas DF) 2614ê°œ ë¡œë“œ ì™„ë£Œ.
2025-05-22 00:52:31,927 [INFO] ìš”ì²­ ë¡œê·¸ëŠ” recommendation_requests.log íŒŒì¼ì— ì €ì¥ë©ë‹ˆë‹¤.
2025-05-22 00:52:31,927 [INFO] Flask ì„œë²„ ì‹¤í–‰: host=0.0.0.0, port=5001, debug=True
2025-05-22 00:52:31,927 [INFO] ==================================================
2025-05-22 00:52:31,945 [INFO] [31m[1mWARNING: This is a development server. Do not use it in a production deployment. Use a production WSGI server instead.[0m
 * Running on all addresses (0.0.0.0)
 * Running on http://127.0.0.1:5001
 * Running on http://192.168.50.82:5001
2025-05-22 00:52:31,945 [INFO] [33mPress CTRL+C to quit[0m
2025-05-22 00:52:31,951 [INFO]  * Restarting with watchdog (fsevents)
2025-05-22 00:52:32,357 [INFO] ìŒì‹ ë°ì´í„° ë¡œë“œë¥¼ ì‹œì‘í•©ë‹ˆë‹¤...
2025-05-22 00:52:32,357 [INFO] ìŒì‹ ì •ë³´ CSV ë¡œë“œ ì‹œë„: /Users/yoon/yamyam/YamYamCoach/recommend/data/foods_info.csv
2025-05-22 00:52:32,361 [INFO] ìŒì‹ ì˜ì–‘ ì •ë³´ CSV ë¡œë“œ ì‹œë„: /Users/yoon/yamyam/YamYamCoach/recommend/data/foods_nutrients.csv
2025-05-22 00:52:32,367 [INFO] CSVì—ì„œ 2614ê°œì˜ ìŒì‹ ë°ì´í„°ë¥¼ ì„±ê³µì ìœ¼ë¡œ ë¡œë“œí•˜ê³  ë³‘í•© (ë©”ëª¨ë¦¬).
2025-05-22 00:52:32,367 [INFO] ì „ì—­ ìŒì‹ ë°ì´í„° ë¡œë“œ ì™„ë£Œ. ì´ 2614ê°œ ìŒì‹.
2025-05-22 00:52:32,367 [INFO] ë°ì´í„°ë² ì´ìŠ¤ ì´ˆê¸°í™” ë° CSV ë°ì´í„° ì ì¬ë¥¼ ì‹œì‘í•©ë‹ˆë‹¤...
2025-05-22 00:52:32,367 [INFO] [DB ì‘ì—… 1/5] CSV íŒŒì¼ ë¡œë“œ ì¤‘... ê²½ë¡œ: /Users/yoon/yamyam/YamYamCoach/recommend/data/foods_info.csv
2025-05-22 00:52:32,374 [INFO] [DB ì‘ì—… 1/5] CSV íŒŒì¼ ë¡œë“œ ì™„ë£Œ.
2025-05-22 00:52:32,375 [INFO] [DB ì‘ì—… 2/5] MySQL ì—°ê²° ì‹œë„...
2025-05-22 00:52:32,379 [INFO] [DB ì‘ì—… 2/5] MySQL ì—°ê²° ì™„ë£Œ.
2025-05-22 00:52:32,379 [INFO] [DB ì‘ì—… 3/5] ê¸°ì¡´ í…Œì´ë¸” ì‚­ì œ ì‹œë„...
2025-05-22 00:52:32,398 [INFO] [DB ì‘ì—… 3/5] ê¸°ì¡´ í…Œì´ë¸” ì‚­ì œ ì™„ë£Œ.
2025-05-22 00:52:32,398 [INFO] [DB ì‘ì—… 4/5] í…Œì´ë¸” ìƒì„± ë° ë°ì´í„° ì‚½ì… ì‹œë„...
2025-05-22 00:52:32,422 [INFO] foods_info í…Œì´ë¸”ì— 2614ê°œ ë°ì´í„° ì‚½ì… ì‹œì‘...
2025-05-22 00:52:32,668 [INFO] foods_info ë°ì´í„° ì‚½ì… ì™„ë£Œ.
2025-05-22 00:52:32,668 [INFO] foods_nutrients í…Œì´ë¸”ì— 2614ê°œ ë°ì´í„° ì‚½ì… ì‹œì‘...
2025-05-22 00:52:33,016 [INFO] foods_nutrients ë°ì´í„° ì‚½ì… ì™„ë£Œ.
2025-05-22 00:52:33,016 [INFO] [DB ì‘ì—… 4/5] í…Œì´ë¸” ìƒì„± ë° ë°ì´í„° ì‚½ì… ì™„ë£Œ.
2025-05-22 00:52:33,016 [INFO] [DB ì‘ì—… 5/5] ë³€ê²½ì‚¬í•­ ì»¤ë°‹ ì¤‘...
2025-05-22 00:52:33,021 [INFO] [DB ì‘ì—… 5/5] ì»¤ë°‹ ì™„ë£Œ.
2025-05-22 00:52:33,021 [INFO] âœ… ë°ì´í„°ë² ì´ìŠ¤ ì´ˆê¸°í™” ë° CSV ë°ì´í„° ì ì¬ ì‘ì—… ì™„ë£Œ.
2025-05-22 00:52:33,021 [INFO] MySQL ì—°ê²° ì¢…ë£Œ.
2025-05-22 00:52:33,021 [INFO] ìŒì‹ ë°ì´í„° ë¡œë“œë¥¼ ì‹œì‘í•©ë‹ˆë‹¤...
2025-05-22 00:52:33,021 [INFO] ìŒì‹ ì •ë³´ CSV ë¡œë“œ ì‹œë„: /Users/yoon/yamyam/YamYamCoach/recommend/data/foods_info.csv
2025-05-22 00:52:33,025 [INFO] ìŒì‹ ì˜ì–‘ ì •ë³´ CSV ë¡œë“œ ì‹œë„: /Users/yoon/yamyam/YamYamCoach/recommend/data/foods_nutrients.csv
2025-05-22 00:52:33,032 [INFO] CSVì—ì„œ 2614ê°œì˜ ìŒì‹ ë°ì´í„°ë¥¼ ì„±ê³µì ìœ¼ë¡œ ë¡œë“œí•˜ê³  ë³‘í•© (ë©”ëª¨ë¦¬).
2025-05-22 00:52:33,032 [INFO] ì „ì—­ ìŒì‹ ë°ì´í„° ë¡œë“œ ì™„ë£Œ. ì´ 2614ê°œ ìŒì‹.
2025-05-22 00:52:33,032 [INFO] ==================================================
2025-05-22 00:52:33,032 [INFO] ===== ì‹ë‹¨ ì¶”ì²œ ì‹œìŠ¤í…œ ì„œë²„ ì‹œì‘ (recSys_demo ì—°ë™, DB ìë™ ì´ˆê¸°í™”) =====
2025-05-22 00:52:33,032 [INFO] ì¸ë©”ëª¨ë¦¬ ìŒì‹ ë°ì´í„°(Pandas DF) 2614ê°œ ë¡œë“œ ì™„ë£Œ.
2025-05-22 00:52:33,032 [INFO] ìš”ì²­ ë¡œê·¸ëŠ” recommendation_requests.log íŒŒì¼ì— ì €ì¥ë©ë‹ˆë‹¤.
2025-05-22 00:52:33,033 [INFO] Flask ì„œë²„ ì‹¤í–‰: host=0.0.0.0, port=5001, debug=True
2025-05-22 00:52:33,033 [INFO] ==================================================
2025-05-22 00:52:33,036 [WARNING]  * Debugger is active!
2025-05-22 00:52:33,045 [INFO]  * Debugger PIN: 882-510-111
2025-05-22 00:53:19,325 [INFO] ìš”ì²­ ìˆ˜ì‹  ì‹œê°„: 2025-05-22 00:53:19
2025-05-22 00:53:19,328 [INFO] ìš”ì²­ ë°ì´í„°: {'dishIds': [21, 22, 25, 27],
 'mealCount': 4,
 'nutrients': {'calories': 1315.0,
               'carbohydrate': 192.0,
               'fat': 27.0,
               'protein': 45.0,
               'sugar': 31.0},
 'user': {'age': 25,
          'diseaseTags': '',
          'gender': False,
          'height': 180,
          'targetWeight': 40,
          'userId': 2,
          'weight': 90}}
2025-05-22 00:53:19,330 [WARNING] ì ì‹¬ ì˜ì–‘ì†Œ ì •ë³´ ì¤‘ 'sodium' í•„ë“œê°€ ëˆ„ë½ë˜ì–´ 0ìœ¼ë¡œ ê¸°ë³¸ê°’ì„ ì„¤ì •í•©ë‹ˆë‹¤.
2025-05-22 00:53:19,331 [INFO] ê³„ì‚°ëœ BMI: 27.8
2025-05-22 00:53:19,331 [INFO] BMI ê¸°ë°˜ 'obesity' íƒœê·¸ ì¶”ê°€. ì—…ë°ì´íŠ¸ëœ ì§ˆë³‘ íƒœê·¸: obesity
2025-05-22 00:53:19,332 [INFO] ì¼ì¼ ëª©í‘œ EER: 2261.54 kcal, ëª©í‘œ ì˜ì–‘ì†Œ: {'carbohydrate': {'min_g': 254.4, 'max_g': 367.5}, 'protein': {'min_g': 56.5, 'max_g': 197.9}, 'fat': {'min_g': 50.3, 'max_g': 87.9}, 'sugar': {'min_g': 0, 'max_g': 56.5}}
2025-05-22 00:53:19,338 [INFO] ì €ë… ëª©í‘œ ì˜ì–‘ì†Œ: {'carbohydrate': {'min_g': 62.400000000000006, 'max_g': 175.5}, 'protein': {'min_g': 11.5, 'max_g': 152.9}, 'fat': {'min_g': 23.299999999999997, 'max_g': 60.900000000000006}, 'sugar': {'min_g': 0, 'max_g': 25.5}}
2025-05-22 00:53:19,352 [INFO] ì¶”ì²œ ê²°ê³¼: {'recommended_dishes': [{'name': 'ë‹­ë°±ìˆ™', 'id': 'C00268'}, {'name': 'í˜¸ë°•ì˜¤ê°€ë¦¬ë‚˜ë¬¼ë¬´ì¹¨', 'id': 'E00026'}], 'reason': 'êµ­ ë° íƒ•ë¥˜ì˜ ë‹­ë°±ìˆ™(ì€)ëŠ” ë‹¨ë°±ì§ˆ ë³´ì¶©ì— ì¢‹ìŠµë‹ˆë‹¤. ë‚˜ë¬¼Â·ìˆ™ì±„ë¥˜ì˜ í˜¸ë°•ì˜¤ê°€ë¦¬ë‚˜ë¬¼ë¬´ì¹¨(ì€)ëŠ” ë‹¨ë°±ì§ˆ ë³´ì¶©ì— ì¢‹ìŠµë‹ˆë‹¤..'}
2025-05-22 00:53:19,354 [INFO] ìµœì¢… ì‘ë‹µ ë°ì´í„°: {'nutrition_targets': {'daily_eer_kcal': 2261.54,
                       'daily_macros_gram': {'carbohydrate': {'max_g': 367.5,
                                                              'min_g': 254.4},
                                             'fat': {'max_g': 87.9,
                                                     'min_g': 50.3},
                                             'protein': {'max_g': 197.9,
                                                         'min_g': 56.5},
                                             'sugar': {'max_g': 56.5,
                                                       'min_g': 0}},
                       'evening_macros_gram': {'carbohydrate': {'max_g': 175.5,
                                                                'min_g': 62.400000000000006},
                                               'fat': {'max_g': 60.900000000000006,
                                                       'min_g': 23.299999999999997},
                                               'protein': {'max_g': 152.9,
                                                           'min_g': 11.5},
                                               'sugar': {'max_g': 25.5,
                                                         'min_g': 0}}},
 'reason': 'êµ­ ë° íƒ•ë¥˜ì˜ ë‹­ë°±ìˆ™(ì€)ëŠ” ë‹¨ë°±ì§ˆ ë³´ì¶©ì— ì¢‹ìŠµë‹ˆë‹¤. ë‚˜ë¬¼Â·ìˆ™ì±„ë¥˜ì˜ í˜¸ë°•ì˜¤ê°€ë¦¬ë‚˜ë¬¼ë¬´ì¹¨(ì€)ëŠ” ë‹¨ë°±ì§ˆ ë³´ì¶©ì— ì¢‹ìŠµë‹ˆë‹¤..',
 'recommendations': [{'id': 'C00268', 'name': 'ë‹­ë°±ìˆ™'},
                     {'id': 'E00026', 'name': 'í˜¸ë°•ì˜¤ê°€ë¦¬ë‚˜ë¬¼ë¬´ì¹¨'}],
 'timestamp': '2025-05-22T00:53:19.353827',
 'user_profile': {'bmi': 27.8, 'disease_tags_updated': 'obesity'}}
2025-05-22 00:53:19,356 [INFO] 127.0.0.1 - - [22/May/2025 00:53:19] "POST /recommend HTTP/1.1" 200 -
2025-05-22 00:54:10,312 [INFO] ìš”ì²­ ìˆ˜ì‹  ì‹œê°„: 2025-05-22 00:54:10
2025-05-22 00:54:10,314 [INFO] ìš”ì²­ ë°ì´í„°: {'dishIds': [21, 22, 23, 24, 25, 27],
 'mealCount': 6,
 'nutrients': {'calories': 1441.0,
               'carbohydrate': 269.0,
               'fat': 53.0,
               'protein': 82.0,
               'sugar': 69.0},
 'user': {'age': 25,
          'diseaseTags': '',
          'gender': False,
          'height': 180,
          'targetWeight': 40,
          'userId': 2,
          'weight': 90}}
2025-05-22 00:54:10,315 [WARNING] ì ì‹¬ ì˜ì–‘ì†Œ ì •ë³´ ì¤‘ 'sodium' í•„ë“œê°€ ëˆ„ë½ë˜ì–´ 0ìœ¼ë¡œ ê¸°ë³¸ê°’ì„ ì„¤ì •í•©ë‹ˆë‹¤.
2025-05-22 00:54:10,315 [INFO] ê³„ì‚°ëœ BMI: 27.8
2025-05-22 00:54:10,315 [INFO] BMI ê¸°ë°˜ 'obesity' íƒœê·¸ ì¶”ê°€. ì—…ë°ì´íŠ¸ëœ ì§ˆë³‘ íƒœê·¸: obesity
2025-05-22 00:54:10,315 [INFO] ì¼ì¼ ëª©í‘œ EER: 2261.54 kcal, ëª©í‘œ ì˜ì–‘ì†Œ: {'carbohydrate': {'min_g': 254.4, 'max_g': 367.5}, 'protein': {'min_g': 56.5, 'max_g': 197.9}, 'fat': {'min_g': 50.3, 'max_g': 87.9}, 'sugar': {'min_g': 0, 'max_g': 56.5}}
2025-05-22 00:54:10,315 [INFO] ì €ë… ëª©í‘œ ì˜ì–‘ì†Œ: {'carbohydrate': {'min_g': 0, 'max_g': 98.5}, 'protein': {'min_g': 0, 'max_g': 115.9}, 'fat': {'min_g': 0, 'max_g': 34.900000000000006}, 'sugar': {'min_g': 0, 'max_g': 0}}
2025-05-22 00:54:10,319 [INFO] ì¶”ì²œ ê²°ê³¼: {'recommended_dishes': [{'name': 'ëª¨ë“¬ ì´ˆë°¥', 'id': 'G00241'}], 'reason': 'ë°¥ë¥˜ì—ì„œ ëª¨ë“¬ ì´ˆë°¥ ì €ë…ì— í•„ìš”í•œ ë‹¨ë°±ì§ˆ ë³´ì¶©ì— ë„ì›€ë©ë‹ˆë‹¤..'}
2025-05-22 00:54:10,319 [INFO] ìµœì¢… ì‘ë‹µ ë°ì´í„°: {'nutrition_targets': {'daily_eer_kcal': 2261.54,
                       'daily_macros_gram': {'carbohydrate': {'max_g': 367.5,
                                                              'min_g': 254.4},
                                             'fat': {'max_g': 87.9,
                                                     'min_g': 50.3},
                                             'protein': {'max_g': 197.9,
                                                         'min_g': 56.5},
                                             'sugar': {'max_g': 56.5,
                                                       'min_g': 0}},
                       'evening_macros_gram': {'carbohydrate': {'max_g': 98.5,
                                                                'min_g': 0},
                                               'fat': {'max_g': 34.900000000000006,
                                                       'min_g': 0},
                                               'protein': {'max_g': 115.9,
                                                           'min_g': 0},
                                               'sugar': {'max_g': 0,
                                                         'min_g': 0}}},
 'reason': 'ë°¥ë¥˜ì—ì„œ ëª¨ë“¬ ì´ˆë°¥ ì €ë…ì— í•„ìš”í•œ ë‹¨ë°±ì§ˆ ë³´ì¶©ì— ë„ì›€ë©ë‹ˆë‹¤..',
 'recommendations': [{'id': 'G00241', 'name': 'ëª¨ë“¬ ì´ˆë°¥'}],
 'timestamp': '2025-05-22T00:54:10.319498',
 'user_profile': {'bmi': 27.8, 'disease_tags_updated': 'obesity'}}
2025-05-22 00:54:10,320 [INFO] 127.0.0.1 - - [22/May/2025 00:54:10] "POST /recommend HTTP/1.1" 200 -
2025-05-22 01:01:37,598 [INFO] ìŒì‹ ë°ì´í„° ë¡œë“œë¥¼ ì‹œì‘í•©ë‹ˆë‹¤...
2025-05-22 01:01:37,598 [INFO] ìŒì‹ ì •ë³´ CSV ë¡œë“œ ì‹œë„: /Users/yoon/yamyam/YamYamCoach/recommend/data/foods_info.csv
2025-05-22 01:01:37,602 [INFO] ìŒì‹ ì˜ì–‘ ì •ë³´ CSV ë¡œë“œ ì‹œë„: /Users/yoon/yamyam/YamYamCoach/recommend/data/foods_nutrients.csv
2025-05-22 01:01:37,608 [INFO] CSVì—ì„œ 2614ê°œì˜ ìŒì‹ ë°ì´í„°ë¥¼ ì„±ê³µì ìœ¼ë¡œ ë¡œë“œí•˜ê³  ë³‘í•© (ë©”ëª¨ë¦¬).
2025-05-22 01:01:37,608 [INFO] ì „ì—­ ìŒì‹ ë°ì´í„° ë¡œë“œ ì™„ë£Œ. ì´ 2614ê°œ ìŒì‹.
2025-05-22 01:01:37,609 [INFO] ë°ì´í„°ë² ì´ìŠ¤ ì´ˆê¸°í™” ë° CSV ë°ì´í„° ì ì¬ë¥¼ ì‹œì‘í•©ë‹ˆë‹¤...
2025-05-22 01:01:37,609 [INFO] [DB ì‘ì—… 1/5] CSV íŒŒì¼ ë¡œë“œ ì¤‘... ê²½ë¡œ: /Users/yoon/yamyam/YamYamCoach/recommend/data/foods_info.csv
2025-05-22 01:01:37,617 [INFO] [DB ì‘ì—… 1/5] CSV íŒŒì¼ ë¡œë“œ ì™„ë£Œ.
2025-05-22 01:01:37,617 [INFO] [DB ì‘ì—… 2/5] MySQL ì—°ê²° ì‹œë„...
2025-05-22 01:01:37,620 [INFO] [DB ì‘ì—… 2/5] MySQL ì—°ê²° ì™„ë£Œ.
2025-05-22 01:01:37,620 [INFO] [DB ì‘ì—… 3/5] ê¸°ì¡´ í…Œì´ë¸” ì‚­ì œ ì‹œë„...
2025-05-22 01:01:37,641 [INFO] [DB ì‘ì—… 3/5] ê¸°ì¡´ í…Œì´ë¸” ì‚­ì œ ì™„ë£Œ.
2025-05-22 01:01:37,641 [INFO] [DB ì‘ì—… 4/5] í…Œì´ë¸” ìƒì„± ë° ë°ì´í„° ì‚½ì… ì‹œë„...
2025-05-22 01:01:37,656 [INFO] foods_info í…Œì´ë¸”ì— 2614ê°œ ë°ì´í„° ì‚½ì… ì‹œì‘...
2025-05-22 01:01:37,899 [INFO] foods_info ë°ì´í„° ì‚½ì… ì™„ë£Œ.
2025-05-22 01:01:37,899 [INFO] foods_nutrients í…Œì´ë¸”ì— 2614ê°œ ë°ì´í„° ì‚½ì… ì‹œì‘...
2025-05-22 01:01:38,248 [INFO] foods_nutrients ë°ì´í„° ì‚½ì… ì™„ë£Œ.
2025-05-22 01:01:38,248 [INFO] [DB ì‘ì—… 4/5] í…Œì´ë¸” ìƒì„± ë° ë°ì´í„° ì‚½ì… ì™„ë£Œ.
2025-05-22 01:01:38,248 [INFO] [DB ì‘ì—… 5/5] ë³€ê²½ì‚¬í•­ ì»¤ë°‹ ì¤‘...
2025-05-22 01:01:38,261 [INFO] [DB ì‘ì—… 5/5] ì»¤ë°‹ ì™„ë£Œ.
2025-05-22 01:01:38,261 [INFO] âœ… ë°ì´í„°ë² ì´ìŠ¤ ì´ˆê¸°í™” ë° CSV ë°ì´í„° ì ì¬ ì‘ì—… ì™„ë£Œ.
2025-05-22 01:01:38,261 [INFO] MySQL ì—°ê²° ì¢…ë£Œ.
2025-05-22 01:01:38,261 [INFO] ìŒì‹ ë°ì´í„° ë¡œë“œë¥¼ ì‹œì‘í•©ë‹ˆë‹¤...
2025-05-22 01:01:38,261 [INFO] ìŒì‹ ì •ë³´ CSV ë¡œë“œ ì‹œë„: /Users/yoon/yamyam/YamYamCoach/recommend/data/foods_info.csv
2025-05-22 01:01:38,265 [INFO] ìŒì‹ ì˜ì–‘ ì •ë³´ CSV ë¡œë“œ ì‹œë„: /Users/yoon/yamyam/YamYamCoach/recommend/data/foods_nutrients.csv
2025-05-22 01:01:38,271 [INFO] CSVì—ì„œ 2614ê°œì˜ ìŒì‹ ë°ì´í„°ë¥¼ ì„±ê³µì ìœ¼ë¡œ ë¡œë“œí•˜ê³  ë³‘í•© (ë©”ëª¨ë¦¬).
2025-05-22 01:01:38,272 [INFO] ì „ì—­ ìŒì‹ ë°ì´í„° ë¡œë“œ ì™„ë£Œ. ì´ 2614ê°œ ìŒì‹.
2025-05-22 01:01:38,272 [INFO] ==================================================
2025-05-22 01:01:38,272 [INFO] ===== ì‹ë‹¨ ì¶”ì²œ ì‹œìŠ¤í…œ ì„œë²„ ì‹œì‘ (recSys_demo ì—°ë™, DB ìë™ ì´ˆê¸°í™”) =====
2025-05-22 01:01:38,272 [INFO] ì¸ë©”ëª¨ë¦¬ ìŒì‹ ë°ì´í„°(Pandas DF) 2614ê°œ ë¡œë“œ ì™„ë£Œ.
2025-05-22 01:01:38,272 [INFO] ìš”ì²­ ë¡œê·¸ëŠ” recommendation_requests.log íŒŒì¼ì— ì €ì¥ë©ë‹ˆë‹¤.
2025-05-22 01:01:38,272 [INFO] Flask ì„œë²„ ì‹¤í–‰: host=0.0.0.0, port=5001, debug=True
2025-05-22 01:01:38,272 [INFO] ==================================================
2025-05-22 01:01:38,290 [INFO] [31m[1mWARNING: This is a development server. Do not use it in a production deployment. Use a production WSGI server instead.[0m
 * Running on all addresses (0.0.0.0)
 * Running on http://127.0.0.1:5001
 * Running on http://192.168.50.82:5001
2025-05-22 01:01:38,290 [INFO] [33mPress CTRL+C to quit[0m
2025-05-22 01:01:38,299 [INFO]  * Restarting with watchdog (fsevents)
2025-05-22 01:01:38,694 [INFO] ìŒì‹ ë°ì´í„° ë¡œë“œë¥¼ ì‹œì‘í•©ë‹ˆë‹¤...
2025-05-22 01:01:38,694 [INFO] ìŒì‹ ì •ë³´ CSV ë¡œë“œ ì‹œë„: /Users/yoon/yamyam/YamYamCoach/recommend/data/foods_info.csv
2025-05-22 01:01:38,698 [INFO] ìŒì‹ ì˜ì–‘ ì •ë³´ CSV ë¡œë“œ ì‹œë„: /Users/yoon/yamyam/YamYamCoach/recommend/data/foods_nutrients.csv
2025-05-22 01:01:38,705 [INFO] CSVì—ì„œ 2614ê°œì˜ ìŒì‹ ë°ì´í„°ë¥¼ ì„±ê³µì ìœ¼ë¡œ ë¡œë“œí•˜ê³  ë³‘í•© (ë©”ëª¨ë¦¬).
2025-05-22 01:01:38,705 [INFO] ì „ì—­ ìŒì‹ ë°ì´í„° ë¡œë“œ ì™„ë£Œ. ì´ 2614ê°œ ìŒì‹.
2025-05-22 01:01:38,705 [INFO] ë°ì´í„°ë² ì´ìŠ¤ ì´ˆê¸°í™” ë° CSV ë°ì´í„° ì ì¬ë¥¼ ì‹œì‘í•©ë‹ˆë‹¤...
2025-05-22 01:01:38,705 [INFO] [DB ì‘ì—… 1/5] CSV íŒŒì¼ ë¡œë“œ ì¤‘... ê²½ë¡œ: /Users/yoon/yamyam/YamYamCoach/recommend/data/foods_info.csv
2025-05-22 01:01:38,712 [INFO] [DB ì‘ì—… 1/5] CSV íŒŒì¼ ë¡œë“œ ì™„ë£Œ.
2025-05-22 01:01:38,712 [INFO] [DB ì‘ì—… 2/5] MySQL ì—°ê²° ì‹œë„...
2025-05-22 01:01:38,744 [INFO] [DB ì‘ì—… 2/5] MySQL ì—°ê²° ì™„ë£Œ.
2025-05-22 01:01:38,745 [INFO] [DB ì‘ì—… 3/5] ê¸°ì¡´ í…Œì´ë¸” ì‚­ì œ ì‹œë„...
2025-05-22 01:01:38,763 [INFO] [DB ì‘ì—… 3/5] ê¸°ì¡´ í…Œì´ë¸” ì‚­ì œ ì™„ë£Œ.
2025-05-22 01:01:38,763 [INFO] [DB ì‘ì—… 4/5] í…Œì´ë¸” ìƒì„± ë° ë°ì´í„° ì‚½ì… ì‹œë„...
2025-05-22 01:01:38,779 [INFO] foods_info í…Œì´ë¸”ì— 2614ê°œ ë°ì´í„° ì‚½ì… ì‹œì‘...
2025-05-22 01:01:39,025 [INFO] foods_info ë°ì´í„° ì‚½ì… ì™„ë£Œ.
2025-05-22 01:01:39,025 [INFO] foods_nutrients í…Œì´ë¸”ì— 2614ê°œ ë°ì´í„° ì‚½ì… ì‹œì‘...
2025-05-22 01:01:39,369 [INFO] foods_nutrients ë°ì´í„° ì‚½ì… ì™„ë£Œ.
2025-05-22 01:01:39,369 [INFO] [DB ì‘ì—… 4/5] í…Œì´ë¸” ìƒì„± ë° ë°ì´í„° ì‚½ì… ì™„ë£Œ.
2025-05-22 01:01:39,369 [INFO] [DB ì‘ì—… 5/5] ë³€ê²½ì‚¬í•­ ì»¤ë°‹ ì¤‘...
2025-05-22 01:01:39,371 [INFO] [DB ì‘ì—… 5/5] ì»¤ë°‹ ì™„ë£Œ.
2025-05-22 01:01:39,371 [INFO] âœ… ë°ì´í„°ë² ì´ìŠ¤ ì´ˆê¸°í™” ë° CSV ë°ì´í„° ì ì¬ ì‘ì—… ì™„ë£Œ.
2025-05-22 01:01:39,371 [INFO] MySQL ì—°ê²° ì¢…ë£Œ.
2025-05-22 01:01:39,372 [INFO] ìŒì‹ ë°ì´í„° ë¡œë“œë¥¼ ì‹œì‘í•©ë‹ˆë‹¤...
2025-05-22 01:01:39,372 [INFO] ìŒì‹ ì •ë³´ CSV ë¡œë“œ ì‹œë„: /Users/yoon/yamyam/YamYamCoach/recommend/data/foods_info.csv
2025-05-22 01:01:39,375 [INFO] ìŒì‹ ì˜ì–‘ ì •ë³´ CSV ë¡œë“œ ì‹œë„: /Users/yoon/yamyam/YamYamCoach/recommend/data/foods_nutrients.csv
2025-05-22 01:01:39,381 [INFO] CSVì—ì„œ 2614ê°œì˜ ìŒì‹ ë°ì´í„°ë¥¼ ì„±ê³µì ìœ¼ë¡œ ë¡œë“œí•˜ê³  ë³‘í•© (ë©”ëª¨ë¦¬).
2025-05-22 01:01:39,381 [INFO] ì „ì—­ ìŒì‹ ë°ì´í„° ë¡œë“œ ì™„ë£Œ. ì´ 2614ê°œ ìŒì‹.
2025-05-22 01:01:39,381 [INFO] ==================================================
2025-05-22 01:01:39,381 [INFO] ===== ì‹ë‹¨ ì¶”ì²œ ì‹œìŠ¤í…œ ì„œë²„ ì‹œì‘ (recSys_demo ì—°ë™, DB ìë™ ì´ˆê¸°í™”) =====
2025-05-22 01:01:39,381 [INFO] ì¸ë©”ëª¨ë¦¬ ìŒì‹ ë°ì´í„°(Pandas DF) 2614ê°œ ë¡œë“œ ì™„ë£Œ.
2025-05-22 01:01:39,381 [INFO] ìš”ì²­ ë¡œê·¸ëŠ” recommendation_requests.log íŒŒì¼ì— ì €ì¥ë©ë‹ˆë‹¤.
2025-05-22 01:01:39,382 [INFO] Flask ì„œë²„ ì‹¤í–‰: host=0.0.0.0, port=5001, debug=True
2025-05-22 01:01:39,382 [INFO] ==================================================
2025-05-22 01:01:39,385 [WARNING]  * Debugger is active!
2025-05-22 01:01:39,395 [INFO]  * Debugger PIN: 882-510-111
2025-05-22 01:01:44,366 [INFO] ìš”ì²­ ìˆ˜ì‹  ì‹œê°„: 2025-05-22 01:01:44
2025-05-22 01:01:44,367 [INFO] ìš”ì²­ ë°ì´í„°: {'dishIds': [21, 22, 23, 24, 25, 27],
 'mealCount': 6,
 'nutrients': {'calories': 1441.0,
               'carbohydrate': 269.0,
               'fat': 53.0,
               'protein': 82.0,
               'sugar': 69.0},
 'user': {'age': 25,
          'diseaseTags': '',
          'gender': False,
          'height': 180,
          'targetWeight': 40,
          'userId': 2,
          'weight': 90}}
2025-05-22 01:01:44,371 [WARNING] ì ì‹¬ ì˜ì–‘ì†Œ ì •ë³´ ì¤‘ 'sodium' í•„ë“œê°€ ëˆ„ë½ë˜ì–´ 0ìœ¼ë¡œ ê¸°ë³¸ê°’ì„ ì„¤ì •í•©ë‹ˆë‹¤.
2025-05-22 01:01:44,372 [INFO] ê³„ì‚°ëœ BMI: 27.8
2025-05-22 01:01:44,372 [INFO] BMI ê¸°ë°˜ 'obesity' íƒœê·¸ ì¶”ê°€. ì—…ë°ì´íŠ¸ëœ ì§ˆë³‘ íƒœê·¸: obesity
2025-05-22 01:01:44,372 [INFO] ì¼ì¼ ëª©í‘œ EER: 2261.54 kcal, ëª©í‘œ ì˜ì–‘ì†Œ: {'carbohydrate': {'min_g': 254.4, 'max_g': 367.5}, 'protein': {'min_g': 56.5, 'max_g': 197.9}, 'fat': {'min_g': 50.3, 'max_g': 87.9}, 'sugar': {'min_g': 0, 'max_g': 56.5}}
2025-05-22 01:01:44,372 [INFO] ì €ë… ëª©í‘œ ì˜ì–‘ì†Œ: {'carbohydrate': {'min_g': 0, 'max_g': 98.5}, 'protein': {'min_g': 0, 'max_g': 115.9}, 'fat': {'min_g': 0, 'max_g': 34.900000000000006}, 'sugar': {'min_g': 0, 'max_g': 0}}
2025-05-22 01:01:44,399 [INFO] ì¶”ì²œ ê²°ê³¼: {'recommended_dishes': [{'name': 'ë¼ì§€ê°ˆë¹„ì „ê³¨', 'id': 'T00115'}, {'name': 'ë±…ì–´í¬íŠ€ê¹€', 'id': 'V00037'}], 'reason': 'ì°Œê°œ ë° ì „ê³¨ë¥˜ì˜ ë¼ì§€ê°ˆë¹„ì „ê³¨(ì€)ëŠ” ë‹¨ë°±ì§ˆ ë³´ì¶©ì— ì¢‹ìŠµë‹ˆë‹¤. íŠ€ê¹€ë¥˜ì˜ ë±…ì–´í¬íŠ€ê¹€(ì€)ëŠ” ë‹¨ë°±ì§ˆ ë³´ì¶©ì— ì¢‹ìŠµë‹ˆë‹¤..'}
2025-05-22 01:01:44,400 [INFO] ìµœì¢… ì‘ë‹µ ë°ì´í„°: {'nutrition_targets': {'daily_eer_kcal': 2261.54,
                       'daily_macros_gram': {'carbohydrate': {'max_g': 367.5,
                                                              'min_g': 254.4},
                                             'fat': {'max_g': 87.9,
                                                     'min_g': 50.3},
                                             'protein': {'max_g': 197.9,
                                                         'min_g': 56.5},
                                             'sugar': {'max_g': 56.5,
                                                       'min_g': 0}},
                       'evening_macros_gram': {'carbohydrate': {'max_g': 98.5,
                                                                'min_g': 0},
                                               'fat': {'max_g': 34.900000000000006,
                                                       'min_g': 0},
                                               'protein': {'max_g': 115.9,
                                                           'min_g': 0},
                                               'sugar': {'max_g': 0,
                                                         'min_g': 0}}},
 'reason': 'ì°Œê°œ ë° ì „ê³¨ë¥˜ì˜ ë¼ì§€ê°ˆë¹„ì „ê³¨(ì€)ëŠ” ë‹¨ë°±ì§ˆ ë³´ì¶©ì— ì¢‹ìŠµë‹ˆë‹¤. íŠ€ê¹€ë¥˜ì˜ ë±…ì–´í¬íŠ€ê¹€(ì€)ëŠ” ë‹¨ë°±ì§ˆ ë³´ì¶©ì— ì¢‹ìŠµë‹ˆë‹¤..',
 'recommendations': [{'id': 'T00115', 'name': 'ë¼ì§€ê°ˆë¹„ì „ê³¨'},
                     {'id': 'V00037', 'name': 'ë±…ì–´í¬íŠ€ê¹€'}],
 'timestamp': '2025-05-22T01:01:44.399580',
 'user_profile': {'bmi': 27.8, 'disease_tags_updated': 'obesity'}}
2025-05-22 01:01:44,401 [INFO] 127.0.0.1 - - [22/May/2025 01:01:44] "POST /recommend HTTP/1.1" 200 -
2025-05-22 01:07:23,762 [INFO] ìŒì‹ ë°ì´í„° ë¡œë“œë¥¼ ì‹œì‘í•©ë‹ˆë‹¤...
2025-05-22 01:07:23,762 [INFO] ìŒì‹ ì •ë³´ CSV ë¡œë“œ ì‹œë„: /Users/yoon/yamyam/YamYamCoach/recommend/data/foods_info.csv
2025-05-22 01:07:23,766 [INFO] ìŒì‹ ì˜ì–‘ ì •ë³´ CSV ë¡œë“œ ì‹œë„: /Users/yoon/yamyam/YamYamCoach/recommend/data/foods_nutrients.csv
2025-05-22 01:07:23,772 [INFO] CSVì—ì„œ 2614ê°œì˜ ìŒì‹ ë°ì´í„°ë¥¼ ì„±ê³µì ìœ¼ë¡œ ë¡œë“œí•˜ê³  ë³‘í•© (ë©”ëª¨ë¦¬).
2025-05-22 01:07:23,772 [INFO] ì „ì—­ ìŒì‹ ë°ì´í„° ë¡œë“œ ì™„ë£Œ. ì´ 2614ê°œ ìŒì‹.
2025-05-22 01:07:23,772 [INFO] ë°ì´í„°ë² ì´ìŠ¤ ì´ˆê¸°í™” ë° CSV ë°ì´í„° ì ì¬ë¥¼ ì‹œì‘í•©ë‹ˆë‹¤...
2025-05-22 01:07:23,773 [INFO] [DB ì‘ì—… 1/5] CSV íŒŒì¼ ë¡œë“œ ì¤‘... ê²½ë¡œ: /Users/yoon/yamyam/YamYamCoach/recommend/data/foods_info.csv
2025-05-22 01:07:23,780 [INFO] [DB ì‘ì—… 1/5] CSV íŒŒì¼ ë¡œë“œ ì™„ë£Œ.
2025-05-22 01:07:23,780 [INFO] [DB ì‘ì—… 2/5] MySQL ì—°ê²° ì‹œë„...
2025-05-22 01:07:23,783 [INFO] [DB ì‘ì—… 2/5] MySQL ì—°ê²° ì™„ë£Œ.
2025-05-22 01:07:23,783 [INFO] [DB ì‘ì—… 3/5] ê¸°ì¡´ í…Œì´ë¸” ì‚­ì œ ì‹œë„...
2025-05-22 01:07:23,801 [INFO] [DB ì‘ì—… 3/5] ê¸°ì¡´ í…Œì´ë¸” ì‚­ì œ ì™„ë£Œ.
2025-05-22 01:07:23,801 [INFO] [DB ì‘ì—… 4/5] í…Œì´ë¸” ìƒì„± ë° ë°ì´í„° ì‚½ì… ì‹œë„...
2025-05-22 01:07:23,826 [INFO] foods_info í…Œì´ë¸”ì— 2614ê°œ ë°ì´í„° ì‚½ì… ì‹œì‘...
2025-05-22 01:07:24,066 [INFO] foods_info ë°ì´í„° ì‚½ì… ì™„ë£Œ.
2025-05-22 01:07:24,066 [INFO] foods_nutrients í…Œì´ë¸”ì— 2614ê°œ ë°ì´í„° ì‚½ì… ì‹œì‘...
2025-05-22 01:07:24,418 [INFO] foods_nutrients ë°ì´í„° ì‚½ì… ì™„ë£Œ.
2025-05-22 01:07:24,418 [INFO] [DB ì‘ì—… 4/5] í…Œì´ë¸” ìƒì„± ë° ë°ì´í„° ì‚½ì… ì™„ë£Œ.
2025-05-22 01:07:24,418 [INFO] [DB ì‘ì—… 5/5] ë³€ê²½ì‚¬í•­ ì»¤ë°‹ ì¤‘...
2025-05-22 01:07:24,421 [INFO] [DB ì‘ì—… 5/5] ì»¤ë°‹ ì™„ë£Œ.
2025-05-22 01:07:24,421 [INFO] âœ… ë°ì´í„°ë² ì´ìŠ¤ ì´ˆê¸°í™” ë° CSV ë°ì´í„° ì ì¬ ì‘ì—… ì™„ë£Œ.
2025-05-22 01:07:24,421 [INFO] MySQL ì—°ê²° ì¢…ë£Œ.
2025-05-22 01:07:24,422 [INFO] ìŒì‹ ë°ì´í„° ë¡œë“œë¥¼ ì‹œì‘í•©ë‹ˆë‹¤...
2025-05-22 01:07:24,422 [INFO] ìŒì‹ ì •ë³´ CSV ë¡œë“œ ì‹œë„: /Users/yoon/yamyam/YamYamCoach/recommend/data/foods_info.csv
2025-05-22 01:07:24,425 [INFO] ìŒì‹ ì˜ì–‘ ì •ë³´ CSV ë¡œë“œ ì‹œë„: /Users/yoon/yamyam/YamYamCoach/recommend/data/foods_nutrients.csv
2025-05-22 01:07:24,433 [INFO] CSVì—ì„œ 2614ê°œì˜ ìŒì‹ ë°ì´í„°ë¥¼ ì„±ê³µì ìœ¼ë¡œ ë¡œë“œí•˜ê³  ë³‘í•© (ë©”ëª¨ë¦¬).
2025-05-22 01:07:24,434 [INFO] ì „ì—­ ìŒì‹ ë°ì´í„° ë¡œë“œ ì™„ë£Œ. ì´ 2614ê°œ ìŒì‹.
2025-05-22 01:07:24,434 [INFO] ==================================================
2025-05-22 01:07:24,434 [INFO] ===== ì‹ë‹¨ ì¶”ì²œ ì‹œìŠ¤í…œ ì„œë²„ ì‹œì‘ (recSys_demo ì—°ë™, DB ìë™ ì´ˆê¸°í™”) =====
2025-05-22 01:07:24,434 [INFO] ì¸ë©”ëª¨ë¦¬ ìŒì‹ ë°ì´í„°(Pandas DF) 2614ê°œ ë¡œë“œ ì™„ë£Œ.
2025-05-22 01:07:24,434 [INFO] ìš”ì²­ ë¡œê·¸ëŠ” recommendation_requests.log íŒŒì¼ì— ì €ì¥ë©ë‹ˆë‹¤.
2025-05-22 01:07:24,434 [INFO] Flask ì„œë²„ ì‹¤í–‰: host=0.0.0.0, port=5001, debug=True
2025-05-22 01:07:24,434 [INFO] ==================================================
2025-05-22 01:07:24,454 [INFO] [31m[1mWARNING: This is a development server. Do not use it in a production deployment. Use a production WSGI server instead.[0m
 * Running on all addresses (0.0.0.0)
 * Running on http://127.0.0.1:5001
 * Running on http://192.168.50.82:5001
2025-05-22 01:07:24,454 [INFO] [33mPress CTRL+C to quit[0m
2025-05-22 01:07:24,460 [INFO]  * Restarting with watchdog (fsevents)
2025-05-22 01:07:24,865 [INFO] ìŒì‹ ë°ì´í„° ë¡œë“œë¥¼ ì‹œì‘í•©ë‹ˆë‹¤...
2025-05-22 01:07:24,865 [INFO] ìŒì‹ ì •ë³´ CSV ë¡œë“œ ì‹œë„: /Users/yoon/yamyam/YamYamCoach/recommend/data/foods_info.csv
2025-05-22 01:07:24,869 [INFO] ìŒì‹ ì˜ì–‘ ì •ë³´ CSV ë¡œë“œ ì‹œë„: /Users/yoon/yamyam/YamYamCoach/recommend/data/foods_nutrients.csv
2025-05-22 01:07:24,875 [INFO] CSVì—ì„œ 2614ê°œì˜ ìŒì‹ ë°ì´í„°ë¥¼ ì„±ê³µì ìœ¼ë¡œ ë¡œë“œí•˜ê³  ë³‘í•© (ë©”ëª¨ë¦¬).
2025-05-22 01:07:24,875 [INFO] ì „ì—­ ìŒì‹ ë°ì´í„° ë¡œë“œ ì™„ë£Œ. ì´ 2614ê°œ ìŒì‹.
2025-05-22 01:07:24,876 [INFO] ë°ì´í„°ë² ì´ìŠ¤ ì´ˆê¸°í™” ë° CSV ë°ì´í„° ì ì¬ë¥¼ ì‹œì‘í•©ë‹ˆë‹¤...
2025-05-22 01:07:24,876 [INFO] [DB ì‘ì—… 1/5] CSV íŒŒì¼ ë¡œë“œ ì¤‘... ê²½ë¡œ: /Users/yoon/yamyam/YamYamCoach/recommend/data/foods_info.csv
2025-05-22 01:07:24,883 [INFO] [DB ì‘ì—… 1/5] CSV íŒŒì¼ ë¡œë“œ ì™„ë£Œ.
2025-05-22 01:07:24,883 [INFO] [DB ì‘ì—… 2/5] MySQL ì—°ê²° ì‹œë„...
2025-05-22 01:07:24,885 [INFO] [DB ì‘ì—… 2/5] MySQL ì—°ê²° ì™„ë£Œ.
2025-05-22 01:07:24,885 [INFO] [DB ì‘ì—… 3/5] ê¸°ì¡´ í…Œì´ë¸” ì‚­ì œ ì‹œë„...
2025-05-22 01:07:24,900 [INFO] [DB ì‘ì—… 3/5] ê¸°ì¡´ í…Œì´ë¸” ì‚­ì œ ì™„ë£Œ.
2025-05-22 01:07:24,900 [INFO] [DB ì‘ì—… 4/5] í…Œì´ë¸” ìƒì„± ë° ë°ì´í„° ì‚½ì… ì‹œë„...
2025-05-22 01:07:24,923 [INFO] foods_info í…Œì´ë¸”ì— 2614ê°œ ë°ì´í„° ì‚½ì… ì‹œì‘...
2025-05-22 01:07:25,164 [INFO] foods_info ë°ì´í„° ì‚½ì… ì™„ë£Œ.
2025-05-22 01:07:25,164 [INFO] foods_nutrients í…Œì´ë¸”ì— 2614ê°œ ë°ì´í„° ì‚½ì… ì‹œì‘...
2025-05-22 01:07:25,509 [INFO] foods_nutrients ë°ì´í„° ì‚½ì… ì™„ë£Œ.
2025-05-22 01:07:25,509 [INFO] [DB ì‘ì—… 4/5] í…Œì´ë¸” ìƒì„± ë° ë°ì´í„° ì‚½ì… ì™„ë£Œ.
2025-05-22 01:07:25,509 [INFO] [DB ì‘ì—… 5/5] ë³€ê²½ì‚¬í•­ ì»¤ë°‹ ì¤‘...
2025-05-22 01:07:25,513 [INFO] [DB ì‘ì—… 5/5] ì»¤ë°‹ ì™„ë£Œ.
2025-05-22 01:07:25,513 [INFO] âœ… ë°ì´í„°ë² ì´ìŠ¤ ì´ˆê¸°í™” ë° CSV ë°ì´í„° ì ì¬ ì‘ì—… ì™„ë£Œ.
2025-05-22 01:07:25,513 [INFO] MySQL ì—°ê²° ì¢…ë£Œ.
2025-05-22 01:07:25,513 [INFO] ìŒì‹ ë°ì´í„° ë¡œë“œë¥¼ ì‹œì‘í•©ë‹ˆë‹¤...
2025-05-22 01:07:25,513 [INFO] ìŒì‹ ì •ë³´ CSV ë¡œë“œ ì‹œë„: /Users/yoon/yamyam/YamYamCoach/recommend/data/foods_info.csv
2025-05-22 01:07:25,517 [INFO] ìŒì‹ ì˜ì–‘ ì •ë³´ CSV ë¡œë“œ ì‹œë„: /Users/yoon/yamyam/YamYamCoach/recommend/data/foods_nutrients.csv
2025-05-22 01:07:25,523 [INFO] CSVì—ì„œ 2614ê°œì˜ ìŒì‹ ë°ì´í„°ë¥¼ ì„±ê³µì ìœ¼ë¡œ ë¡œë“œí•˜ê³  ë³‘í•© (ë©”ëª¨ë¦¬).
2025-05-22 01:07:25,523 [INFO] ì „ì—­ ìŒì‹ ë°ì´í„° ë¡œë“œ ì™„ë£Œ. ì´ 2614ê°œ ìŒì‹.
2025-05-22 01:07:25,523 [INFO] ==================================================
2025-05-22 01:07:25,523 [INFO] ===== ì‹ë‹¨ ì¶”ì²œ ì‹œìŠ¤í…œ ì„œë²„ ì‹œì‘ (recSys_demo ì—°ë™, DB ìë™ ì´ˆê¸°í™”) =====
2025-05-22 01:07:25,523 [INFO] ì¸ë©”ëª¨ë¦¬ ìŒì‹ ë°ì´í„°(Pandas DF) 2614ê°œ ë¡œë“œ ì™„ë£Œ.
2025-05-22 01:07:25,523 [INFO] ìš”ì²­ ë¡œê·¸ëŠ” recommendation_requests.log íŒŒì¼ì— ì €ì¥ë©ë‹ˆë‹¤.
2025-05-22 01:07:25,523 [INFO] Flask ì„œë²„ ì‹¤í–‰: host=0.0.0.0, port=5001, debug=True
2025-05-22 01:07:25,523 [INFO] ==================================================
2025-05-22 01:07:25,527 [WARNING]  * Debugger is active!
2025-05-22 01:07:25,536 [INFO]  * Debugger PIN: 882-510-111
2025-05-22 01:07:43,329 [INFO] ìš”ì²­ ìˆ˜ì‹  ì‹œê°„: 2025-05-22 01:07:43
2025-05-22 01:07:43,330 [INFO] ìš”ì²­ ë°ì´í„°: {'dishIds': [21, 22, 23, 25, 27],
 'mealCount': 5,
 'nutrients': {'calories': 1350.0,
               'carbohydrate': 220.0,
               'fat': 41.0,
               'protein': 72.0,
               'sugar': 44.0},
 'user': {'age': 25,
          'diseaseTags': '',
          'gender': False,
          'height': 180,
          'targetWeight': 40,
          'userId': 2,
          'weight': 90}}
2025-05-22 01:07:43,331 [WARNING] ì ì‹¬ ì˜ì–‘ì†Œ ì •ë³´ ì¤‘ 'sodium' í•„ë“œê°€ ëˆ„ë½ë˜ì–´ 0ìœ¼ë¡œ ê¸°ë³¸ê°’ì„ ì„¤ì •í•©ë‹ˆë‹¤.
2025-05-22 01:07:43,332 [INFO] ê³„ì‚°ëœ BMI: 27.8
2025-05-22 01:07:43,332 [INFO] BMI ê¸°ë°˜ 'obesity' íƒœê·¸ ì¶”ê°€. ì—…ë°ì´íŠ¸ëœ ì§ˆë³‘ íƒœê·¸: obesity
2025-05-22 01:07:43,332 [INFO] ì¼ì¼ ëª©í‘œ EER: 2261.54 kcal, ëª©í‘œ ì˜ì–‘ì†Œ: {'carbohydrate': {'min_g': 254.4, 'max_g': 367.5}, 'protein': {'min_g': 56.5, 'max_g': 197.9}, 'fat': {'min_g': 50.3, 'max_g': 87.9}, 'sugar': {'min_g': 0, 'max_g': 56.5}}
2025-05-22 01:07:43,332 [INFO] ì €ë… ëª©í‘œ ì˜ì–‘ì†Œ: {'carbohydrate': {'min_g': 34.400000000000006, 'max_g': 147.5}, 'protein': {'min_g': 0, 'max_g': 125.9}, 'fat': {'min_g': 9.299999999999997, 'max_g': 46.900000000000006}, 'sugar': {'min_g': 0, 'max_g': 12.5}}
2025-05-22 01:07:43,339 [INFO] ì¶”ì²œ ê²°ê³¼: {'recommended_dishes': [{'name': 'ì˜¤ë¦¬ì£½', 'id': 'S00003'}], 'reason': 'ì£½ ë° ìŠ¤í”„ë¥˜ì—ì„œ ì˜¤ë¦¬ì£½ ì €ë…ì— í•„ìš”í•œ ë‹¨ë°±ì§ˆ ë³´ì¶©ì— ë„ì›€ë©ë‹ˆë‹¤..'}
2025-05-22 01:07:43,340 [INFO] ìµœì¢… ì‘ë‹µ ë°ì´í„°: {'nutrition_targets': {'daily_eer_kcal': 2261.54,
                       'daily_macros_gram': {'carbohydrate': {'max_g': 367.5,
                                                              'min_g': 254.4},
                                             'fat': {'max_g': 87.9,
                                                     'min_g': 50.3},
                                             'protein': {'max_g': 197.9,
                                                         'min_g': 56.5},
                                             'sugar': {'max_g': 56.5,
                                                       'min_g': 0}},
                       'evening_macros_gram': {'carbohydrate': {'max_g': 147.5,
                                                                'min_g': 34.400000000000006},
                                               'fat': {'max_g': 46.900000000000006,
                                                       'min_g': 9.299999999999997},
                                               'protein': {'max_g': 125.9,
                                                           'min_g': 0},
                                               'sugar': {'max_g': 12.5,
                                                         'min_g': 0}}},
 'reason': 'ì£½ ë° ìŠ¤í”„ë¥˜ì—ì„œ ì˜¤ë¦¬ì£½ ì €ë…ì— í•„ìš”í•œ ë‹¨ë°±ì§ˆ ë³´ì¶©ì— ë„ì›€ë©ë‹ˆë‹¤..',
 'recommendations': [{'id': 'S00003', 'name': 'ì˜¤ë¦¬ì£½'}],
 'timestamp': '2025-05-22T01:07:43.339435',
 'user_profile': {'bmi': 27.8, 'disease_tags_updated': 'obesity'}}
2025-05-22 01:07:43,342 [INFO] 127.0.0.1 - - [22/May/2025 01:07:43] "POST /recommend HTTP/1.1" 200 -
2025-05-22 01:10:50,832 [INFO] ìŒì‹ ë°ì´í„° ë¡œë“œë¥¼ ì‹œì‘í•©ë‹ˆë‹¤...
2025-05-22 01:10:50,832 [INFO] ìŒì‹ ì •ë³´ CSV ë¡œë“œ ì‹œë„: /Users/yoon/yamyam/YamYamCoach/recommend/data/foods_info.csv
2025-05-22 01:10:50,836 [INFO] ìŒì‹ ì˜ì–‘ ì •ë³´ CSV ë¡œë“œ ì‹œë„: /Users/yoon/yamyam/YamYamCoach/recommend/data/foods_nutrients.csv
2025-05-22 01:10:50,842 [INFO] CSVì—ì„œ 2614ê°œì˜ ìŒì‹ ë°ì´í„°ë¥¼ ì„±ê³µì ìœ¼ë¡œ ë¡œë“œí•˜ê³  ë³‘í•© (ë©”ëª¨ë¦¬).
2025-05-22 01:10:50,843 [INFO] ì „ì—­ ìŒì‹ ë°ì´í„° ë¡œë“œ ì™„ë£Œ. ì´ 2614ê°œ ìŒì‹.
2025-05-22 01:10:50,843 [INFO] ë°ì´í„°ë² ì´ìŠ¤ ì´ˆê¸°í™” ë° CSV ë°ì´í„° ì ì¬ë¥¼ ì‹œì‘í•©ë‹ˆë‹¤...
2025-05-22 01:10:50,843 [INFO] [DB ì‘ì—… 1/5] CSV íŒŒì¼ ë¡œë“œ ì¤‘... ê²½ë¡œ: /Users/yoon/yamyam/YamYamCoach/recommend/data/foods_info.csv
2025-05-22 01:10:50,850 [INFO] [DB ì‘ì—… 1/5] CSV íŒŒì¼ ë¡œë“œ ì™„ë£Œ.
2025-05-22 01:10:50,850 [INFO] [DB ì‘ì—… 2/5] MySQL ì—°ê²° ì‹œë„...
2025-05-22 01:10:50,857 [INFO] [DB ì‘ì—… 2/5] MySQL ì—°ê²° ì™„ë£Œ.
2025-05-22 01:10:50,857 [INFO] [DB ì‘ì—… 3/5] ê¸°ì¡´ í…Œì´ë¸” ì‚­ì œ ì‹œë„...
2025-05-22 01:10:50,878 [INFO] [DB ì‘ì—… 3/5] ê¸°ì¡´ í…Œì´ë¸” ì‚­ì œ ì™„ë£Œ.
2025-05-22 01:10:50,878 [INFO] [DB ì‘ì—… 4/5] í…Œì´ë¸” ìƒì„± ë° ë°ì´í„° ì‚½ì… ì‹œë„...
2025-05-22 01:10:50,894 [INFO] foods_info í…Œì´ë¸”ì— 2614ê°œ ë°ì´í„° ì‚½ì… ì‹œì‘...
2025-05-22 01:10:51,140 [INFO] foods_info ë°ì´í„° ì‚½ì… ì™„ë£Œ.
2025-05-22 01:10:51,140 [INFO] foods_nutrients í…Œì´ë¸”ì— 2614ê°œ ë°ì´í„° ì‚½ì… ì‹œì‘...
2025-05-22 01:10:51,483 [INFO] foods_nutrients ë°ì´í„° ì‚½ì… ì™„ë£Œ.
2025-05-22 01:10:51,483 [INFO] [DB ì‘ì—… 4/5] í…Œì´ë¸” ìƒì„± ë° ë°ì´í„° ì‚½ì… ì™„ë£Œ.
2025-05-22 01:10:51,483 [INFO] [DB ì‘ì—… 5/5] ë³€ê²½ì‚¬í•­ ì»¤ë°‹ ì¤‘...
2025-05-22 01:10:51,495 [INFO] [DB ì‘ì—… 5/5] ì»¤ë°‹ ì™„ë£Œ.
2025-05-22 01:10:51,495 [INFO] âœ… ë°ì´í„°ë² ì´ìŠ¤ ì´ˆê¸°í™” ë° CSV ë°ì´í„° ì ì¬ ì‘ì—… ì™„ë£Œ.
2025-05-22 01:10:51,495 [INFO] MySQL ì—°ê²° ì¢…ë£Œ.
2025-05-22 01:10:51,495 [INFO] ìŒì‹ ë°ì´í„° ë¡œë“œë¥¼ ì‹œì‘í•©ë‹ˆë‹¤...
2025-05-22 01:10:51,496 [INFO] ìŒì‹ ì •ë³´ CSV ë¡œë“œ ì‹œë„: /Users/yoon/yamyam/YamYamCoach/recommend/data/foods_info.csv
2025-05-22 01:10:51,499 [INFO] ìŒì‹ ì˜ì–‘ ì •ë³´ CSV ë¡œë“œ ì‹œë„: /Users/yoon/yamyam/YamYamCoach/recommend/data/foods_nutrients.csv
2025-05-22 01:10:51,506 [INFO] CSVì—ì„œ 2614ê°œì˜ ìŒì‹ ë°ì´í„°ë¥¼ ì„±ê³µì ìœ¼ë¡œ ë¡œë“œí•˜ê³  ë³‘í•© (ë©”ëª¨ë¦¬).
2025-05-22 01:10:51,506 [INFO] ì „ì—­ ìŒì‹ ë°ì´í„° ë¡œë“œ ì™„ë£Œ. ì´ 2614ê°œ ìŒì‹.
2025-05-22 01:10:51,506 [INFO] ==================================================
2025-05-22 01:10:51,506 [INFO] ===== ì‹ë‹¨ ì¶”ì²œ ì‹œìŠ¤í…œ ì„œë²„ ì‹œì‘ (recSys_demo ì—°ë™, DB ìë™ ì´ˆê¸°í™”) =====
2025-05-22 01:10:51,506 [INFO] ì¸ë©”ëª¨ë¦¬ ìŒì‹ ë°ì´í„°(Pandas DF) 2614ê°œ ë¡œë“œ ì™„ë£Œ.
2025-05-22 01:10:51,506 [INFO] ìš”ì²­ ë¡œê·¸ëŠ” recommendation_requests.log íŒŒì¼ì— ì €ì¥ë©ë‹ˆë‹¤.
2025-05-22 01:10:51,506 [INFO] Flask ì„œë²„ ì‹¤í–‰: host=0.0.0.0, port=5001, debug=True
2025-05-22 01:10:51,506 [INFO] ==================================================
2025-05-22 01:10:51,528 [INFO] [31m[1mWARNING: This is a development server. Do not use it in a production deployment. Use a production WSGI server instead.[0m
 * Running on all addresses (0.0.0.0)
 * Running on http://127.0.0.1:5001
 * Running on http://192.168.50.82:5001
2025-05-22 01:10:51,528 [INFO] [33mPress CTRL+C to quit[0m
2025-05-22 01:10:51,535 [INFO]  * Restarting with watchdog (fsevents)
2025-05-22 01:10:51,968 [INFO] ìŒì‹ ë°ì´í„° ë¡œë“œë¥¼ ì‹œì‘í•©ë‹ˆë‹¤...
2025-05-22 01:10:51,968 [INFO] ìŒì‹ ì •ë³´ CSV ë¡œë“œ ì‹œë„: /Users/yoon/yamyam/YamYamCoach/recommend/data/foods_info.csv
2025-05-22 01:10:51,972 [INFO] ìŒì‹ ì˜ì–‘ ì •ë³´ CSV ë¡œë“œ ì‹œë„: /Users/yoon/yamyam/YamYamCoach/recommend/data/foods_nutrients.csv
2025-05-22 01:10:51,983 [INFO] CSVì—ì„œ 2614ê°œì˜ ìŒì‹ ë°ì´í„°ë¥¼ ì„±ê³µì ìœ¼ë¡œ ë¡œë“œí•˜ê³  ë³‘í•© (ë©”ëª¨ë¦¬).
2025-05-22 01:10:51,984 [INFO] ì „ì—­ ìŒì‹ ë°ì´í„° ë¡œë“œ ì™„ë£Œ. ì´ 2614ê°œ ìŒì‹.
2025-05-22 01:10:51,984 [INFO] ë°ì´í„°ë² ì´ìŠ¤ ì´ˆê¸°í™” ë° CSV ë°ì´í„° ì ì¬ë¥¼ ì‹œì‘í•©ë‹ˆë‹¤...
2025-05-22 01:10:51,984 [INFO] [DB ì‘ì—… 1/5] CSV íŒŒì¼ ë¡œë“œ ì¤‘... ê²½ë¡œ: /Users/yoon/yamyam/YamYamCoach/recommend/data/foods_info.csv
2025-05-22 01:10:51,994 [INFO] [DB ì‘ì—… 1/5] CSV íŒŒì¼ ë¡œë“œ ì™„ë£Œ.
2025-05-22 01:10:51,994 [INFO] [DB ì‘ì—… 2/5] MySQL ì—°ê²° ì‹œë„...
2025-05-22 01:10:51,997 [INFO] [DB ì‘ì—… 2/5] MySQL ì—°ê²° ì™„ë£Œ.
2025-05-22 01:10:51,997 [INFO] [DB ì‘ì—… 3/5] ê¸°ì¡´ í…Œì´ë¸” ì‚­ì œ ì‹œë„...
2025-05-22 01:10:52,014 [INFO] [DB ì‘ì—… 3/5] ê¸°ì¡´ í…Œì´ë¸” ì‚­ì œ ì™„ë£Œ.
2025-05-22 01:10:52,014 [INFO] [DB ì‘ì—… 4/5] í…Œì´ë¸” ìƒì„± ë° ë°ì´í„° ì‚½ì… ì‹œë„...
2025-05-22 01:10:52,030 [INFO] foods_info í…Œì´ë¸”ì— 2614ê°œ ë°ì´í„° ì‚½ì… ì‹œì‘...
2025-05-22 01:10:52,286 [INFO] foods_info ë°ì´í„° ì‚½ì… ì™„ë£Œ.
2025-05-22 01:10:52,286 [INFO] foods_nutrients í…Œì´ë¸”ì— 2614ê°œ ë°ì´í„° ì‚½ì… ì‹œì‘...
2025-05-22 01:10:52,640 [INFO] foods_nutrients ë°ì´í„° ì‚½ì… ì™„ë£Œ.
2025-05-22 01:10:52,640 [INFO] [DB ì‘ì—… 4/5] í…Œì´ë¸” ìƒì„± ë° ë°ì´í„° ì‚½ì… ì™„ë£Œ.
2025-05-22 01:10:52,640 [INFO] [DB ì‘ì—… 5/5] ë³€ê²½ì‚¬í•­ ì»¤ë°‹ ì¤‘...
2025-05-22 01:10:52,648 [INFO] [DB ì‘ì—… 5/5] ì»¤ë°‹ ì™„ë£Œ.
2025-05-22 01:10:52,648 [INFO] âœ… ë°ì´í„°ë² ì´ìŠ¤ ì´ˆê¸°í™” ë° CSV ë°ì´í„° ì ì¬ ì‘ì—… ì™„ë£Œ.
2025-05-22 01:10:52,649 [INFO] MySQL ì—°ê²° ì¢…ë£Œ.
2025-05-22 01:10:52,649 [INFO] ìŒì‹ ë°ì´í„° ë¡œë“œë¥¼ ì‹œì‘í•©ë‹ˆë‹¤...
2025-05-22 01:10:52,649 [INFO] ìŒì‹ ì •ë³´ CSV ë¡œë“œ ì‹œë„: /Users/yoon/yamyam/YamYamCoach/recommend/data/foods_info.csv
2025-05-22 01:10:52,653 [INFO] ìŒì‹ ì˜ì–‘ ì •ë³´ CSV ë¡œë“œ ì‹œë„: /Users/yoon/yamyam/YamYamCoach/recommend/data/foods_nutrients.csv
2025-05-22 01:10:52,658 [INFO] CSVì—ì„œ 2614ê°œì˜ ìŒì‹ ë°ì´í„°ë¥¼ ì„±ê³µì ìœ¼ë¡œ ë¡œë“œí•˜ê³  ë³‘í•© (ë©”ëª¨ë¦¬).
2025-05-22 01:10:52,658 [INFO] ì „ì—­ ìŒì‹ ë°ì´í„° ë¡œë“œ ì™„ë£Œ. ì´ 2614ê°œ ìŒì‹.
2025-05-22 01:10:52,659 [INFO] ==================================================
2025-05-22 01:10:52,659 [INFO] ===== ì‹ë‹¨ ì¶”ì²œ ì‹œìŠ¤í…œ ì„œë²„ ì‹œì‘ (recSys_demo ì—°ë™, DB ìë™ ì´ˆê¸°í™”) =====
2025-05-22 01:10:52,659 [INFO] ì¸ë©”ëª¨ë¦¬ ìŒì‹ ë°ì´í„°(Pandas DF) 2614ê°œ ë¡œë“œ ì™„ë£Œ.
2025-05-22 01:10:52,659 [INFO] ìš”ì²­ ë¡œê·¸ëŠ” recommendation_requests.log íŒŒì¼ì— ì €ì¥ë©ë‹ˆë‹¤.
2025-05-22 01:10:52,659 [INFO] Flask ì„œë²„ ì‹¤í–‰: host=0.0.0.0, port=5001, debug=True
2025-05-22 01:10:52,659 [INFO] ==================================================
2025-05-22 01:10:52,662 [WARNING]  * Debugger is active!
2025-05-22 01:10:52,672 [INFO]  * Debugger PIN: 882-510-111
2025-05-22 01:10:55,364 [INFO] 127.0.0.1 - - [22/May/2025 01:10:55] "OPTIONS /recommend HTTP/1.1" 200 -
2025-05-22 01:10:55,370 [INFO] ìš”ì²­ ìˆ˜ì‹  ì‹œê°„: 2025-05-22 01:10:55
2025-05-22 01:10:55,370 [INFO] ìš”ì²­ ë°ì´í„°: {'nutrients': {'calories': 1350,
               'carbohydrate': 220,
               'fat': 41,
               'protein': 72,
               'sugar': 44},
 'user': {'age': 25,
          'diseaseTags': '',
          'gender': False,
          'height': 180,
          'targetWeight': 40,
          'userId': 2,
          'weight': 90}}
2025-05-22 01:10:55,372 [WARNING] ì ì‹¬ ì˜ì–‘ì†Œ ì •ë³´ ì¤‘ 'sodium' í•„ë“œê°€ ëˆ„ë½ë˜ì–´ 0ìœ¼ë¡œ ê¸°ë³¸ê°’ì„ ì„¤ì •í•©ë‹ˆë‹¤.
2025-05-22 01:10:55,372 [INFO] ê³„ì‚°ëœ BMI: 27.8
2025-05-22 01:10:55,372 [INFO] BMI ê¸°ë°˜ 'obesity' íƒœê·¸ ì¶”ê°€. ì—…ë°ì´íŠ¸ëœ ì§ˆë³‘ íƒœê·¸: obesity
2025-05-22 01:10:55,373 [INFO] ì¼ì¼ ëª©í‘œ EER: 2261.54 kcal, ëª©í‘œ ì˜ì–‘ì†Œ: {'carbohydrate': {'min_g': 254.4, 'max_g': 367.5}, 'protein': {'min_g': 56.5, 'max_g': 197.9}, 'fat': {'min_g': 50.3, 'max_g': 87.9}, 'sugar': {'min_g': 0, 'max_g': 56.5}}
2025-05-22 01:10:55,373 [INFO] ì €ë… ëª©í‘œ ì˜ì–‘ì†Œ: {'carbohydrate': {'min_g': 34.400000000000006, 'max_g': 147.5}, 'protein': {'min_g': 0, 'max_g': 125.9}, 'fat': {'min_g': 9.299999999999997, 'max_g': 46.900000000000006}, 'sugar': {'min_g': 0, 'max_g': 12.5}}
2025-05-22 01:10:55,392 [INFO] ì¶”ì²œ ê²°ê³¼: {'recommended_dishes': [{'name': 'ë‹­ë°±ìˆ™', 'id': 'C00268'}, {'name': 'ë©¸ì¹˜ë³¶ìŒ', 'id': 'H00021'}], 'reason': 'êµ­ ë° íƒ•ë¥˜ì˜ ë‹­ë°±ìˆ™(ì€)ëŠ” ë‹¨ë°±ì§ˆ ë³´ì¶©ì— ì¢‹ìŠµë‹ˆë‹¤. ë³¶ìŒë¥˜ì˜ ë©¸ì¹˜ë³¶ìŒ(ì€)ëŠ” ë‹¨ë°±ì§ˆ ë³´ì¶©ì— ì¢‹ìŠµë‹ˆë‹¤..'}
2025-05-22 01:10:55,399 [INFO] ìµœì¢… ì‘ë‹µ ë°ì´í„°: {'nutrition_targets': {'daily_eer_kcal': 2261.54,
                       'daily_macros_gram': {'carbohydrate': {'max_g': 367.5,
                                                              'min_g': 254.4},
                                             'fat': {'max_g': 87.9,
                                                     'min_g': 50.3},
                                             'protein': {'max_g': 197.9,
                                                         'min_g': 56.5},
                                             'sugar': {'max_g': 56.5,
                                                       'min_g': 0}},
                       'evening_macros_gram': {'carbohydrate': {'max_g': 147.5,
                                                                'min_g': 34.400000000000006},
                                               'fat': {'max_g': 46.900000000000006,
                                                       'min_g': 9.299999999999997},
                                               'protein': {'max_g': 125.9,
                                                           'min_g': 0},
                                               'sugar': {'max_g': 12.5,
                                                         'min_g': 0}}},
 'reason': 'êµ­ ë° íƒ•ë¥˜ì˜ ë‹­ë°±ìˆ™(ì€)ëŠ” ë‹¨ë°±ì§ˆ ë³´ì¶©ì— ì¢‹ìŠµë‹ˆë‹¤. ë³¶ìŒë¥˜ì˜ ë©¸ì¹˜ë³¶ìŒ(ì€)ëŠ” ë‹¨ë°±ì§ˆ ë³´ì¶©ì— ì¢‹ìŠµë‹ˆë‹¤..',
 'recommendations': [{'id': 'C00268', 'name': 'ë‹­ë°±ìˆ™'},
                     {'id': 'H00021', 'name': 'ë©¸ì¹˜ë³¶ìŒ'}],
 'timestamp': '2025-05-22T01:10:55.392734',
 'user_profile': {'bmi': 27.8, 'disease_tags_updated': 'obesity'}}
2025-05-22 01:10:55,401 [INFO] 127.0.0.1 - - [22/May/2025 01:10:55] "POST /recommend HTTP/1.1" 200 -
